<?xml version="1.0" encoding="UTF-8"?><testrun name="TestPADLGeneratorPageRank" project="PADL Generator PageRank Tests" tests="5" started="5" failures="1" errors="1" ignored="0">
  <testsuite name="TestSuite with 5 tests [example: padl.pagerank.test.cases.TestCPP]" time="4.847">
    <testsuite name="padl.pagerank.test.cases.TestCPP" time="4.847">
      <testcase name="testType4" classname="padl.pagerank.test.cases.TestCPP" time="4.842">
        <error>java.lang.RuntimeException: java.lang.NullPointerException: Cannot invoke "padl.kernel.ICodeLevelModel.moveIn(padl.kernel.IAbstractModel)" because "codeLevelModel" is null&#13;
	at padl.creator.cppfile.eclipse.misc.EclipseCPPParserCaller.createCodeLevelModelUsingOSGiEmbedded(EclipseCPPParserCaller.java:133)&#13;
	at padl.creator.cppfile.eclipse.CPPCreator.create(CPPCreator.java:28)&#13;
	at padl.kernel.impl.CodeLevelModel.create(CodeLevelModel.java:41)&#13;
	at padl.generator.helper.ModelGenerator.generateModelFromCppFilesUsingEclipse(ModelGenerator.java:286)&#13;
	at padl.generator.helper.ModelGenerator.generateModelFromCppFilesUsingEclipse(ModelGenerator.java:298)&#13;
	at padl.pagerank.helper.PageRankCallerWithNoParameters.callForSomeCPPFiles(PageRankCallerWithNoParameters.java:77)&#13;
	at padl.pagerank.test.cases.TestCPP.setUp(TestCPP.java:31)&#13;
	at junit.framework.TestCase.runBare(TestCase.java:140)&#13;
	at junit.framework.TestResult$1.protect(TestResult.java:122)&#13;
	at junit.framework.TestResult.runProtected(TestResult.java:142)&#13;
	at junit.framework.TestResult.run(TestResult.java:125)&#13;
	at junit.framework.TestCase.run(TestCase.java:130)&#13;
	at junit.framework.TestSuite.runTest(TestSuite.java:241)&#13;
	at junit.framework.TestSuite.run(TestSuite.java:236)&#13;
	at junit.framework.TestSuite.runTest(TestSuite.java:241)&#13;
	at junit.framework.TestSuite.run(TestSuite.java:236)&#13;
	at org.junit.internal.runners.JUnit38ClassRunner.run(JUnit38ClassRunner.java:90)&#13;
	at org.eclipse.jdt.internal.junit4.runner.JUnit4TestReference.run(JUnit4TestReference.java:93)&#13;
	at org.eclipse.jdt.internal.junit.runner.TestExecution.run(TestExecution.java:40)&#13;
	at org.eclipse.jdt.internal.junit.runner.RemoteTestRunner.runTests(RemoteTestRunner.java:529)&#13;
	at org.eclipse.jdt.internal.junit.runner.RemoteTestRunner.runTests(RemoteTestRunner.java:756)&#13;
	at org.eclipse.jdt.internal.junit.runner.RemoteTestRunner.run(RemoteTestRunner.java:452)&#13;
	at org.eclipse.jdt.internal.junit.runner.RemoteTestRunner.main(RemoteTestRunner.java:210)&#13;
Caused by: java.lang.NullPointerException: Cannot invoke "padl.kernel.ICodeLevelModel.moveIn(padl.kernel.IAbstractModel)" because "codeLevelModel" is null&#13;
	at padl.creator.cppfile.eclipse.misc.EclipseCPPParserCaller.createCodeLevelModelUsingOSGiEmbedded(EclipseCPPParserCaller.java:129)&#13;
	... 22 more&#13;
&#13;
</error>
      </testcase>
      <testcase name="testType5" classname="padl.pagerank.test.cases.TestCPP" time="0.003"/>
      <testcase name="testType6" classname="padl.pagerank.test.cases.TestCPP" time="0.0"/>
      <testcase name="testType7" classname="padl.pagerank.test.cases.TestCPP" time="0.0"/>
      <testcase name="testType8" classname="padl.pagerank.test.cases.TestCPP" time="0.001">
        <failure>java.lang.AssertionError: expected:&lt;7&gt; but was:&lt;0&gt;&#13;
	at org.junit.Assert.fail(Assert.java:89)&#13;
	at org.junit.Assert.failNotEquals(Assert.java:835)&#13;
	at org.junit.Assert.assertEquals(Assert.java:647)&#13;
	at org.junit.Assert.assertEquals(Assert.java:633)&#13;
	at padl.pagerank.test.cases.TestCPP.testType8(TestCPP.java:65)&#13;
	at java.base/jdk.internal.reflect.NativeMethodAccessorImpl.invoke0(Native Method)&#13;
	at java.base/jdk.internal.reflect.NativeMethodAccessorImpl.invoke(NativeMethodAccessorImpl.java:77)&#13;
	at java.base/jdk.internal.reflect.DelegatingMethodAccessorImpl.invoke(DelegatingMethodAccessorImpl.java:43)&#13;
	at java.base/java.lang.reflect.Method.invoke(Method.java:568)&#13;
	at junit.framework.TestCase.runTest(TestCase.java:177)&#13;
	at junit.framework.TestCase.runBare(TestCase.java:142)&#13;
	at junit.framework.TestResult$1.protect(TestResult.java:122)&#13;
	at junit.framework.TestResult.runProtected(TestResult.java:142)&#13;
	at junit.framework.TestResult.run(TestResult.java:125)&#13;
	at junit.framework.TestCase.run(TestCase.java:130)&#13;
	at junit.framework.TestSuite.runTest(TestSuite.java:241)&#13;
	at junit.framework.TestSuite.run(TestSuite.java:236)&#13;
	at junit.framework.TestSuite.runTest(TestSuite.java:241)&#13;
	at junit.framework.TestSuite.run(TestSuite.java:236)&#13;
	at org.junit.internal.runners.JUnit38ClassRunner.run(JUnit38ClassRunner.java:90)&#13;
	at org.eclipse.jdt.internal.junit4.runner.JUnit4TestReference.run(JUnit4TestReference.java:93)&#13;
	at org.eclipse.jdt.internal.junit.runner.TestExecution.run(TestExecution.java:40)&#13;
	at org.eclipse.jdt.internal.junit.runner.RemoteTestRunner.runTests(RemoteTestRunner.java:529)&#13;
	at org.eclipse.jdt.internal.junit.runner.RemoteTestRunner.runTests(RemoteTestRunner.java:756)&#13;
	at org.eclipse.jdt.internal.junit.runner.RemoteTestRunner.run(RemoteTestRunner.java:452)&#13;
	at org.eclipse.jdt.internal.junit.runner.RemoteTestRunner.main(RemoteTestRunner.java:210)&#13;
&#13;
</failure>
      </testcase>
    </testsuite>
  </testsuite>
</testrun>
