!SESSION 2022-09-18 10:46:04.801 -----------------------------------------------
eclipse.buildId=unknown
java.version=17.0.3.1
java.vendor=Oracle Corporation
BootLoader constants: OS=win32, ARCH=x86_64, WS=win32, NL=en_CA

!ENTRY org.eclipse.osgi 2 0 2022-09-18 10:46:04.843
!MESSAGE The persistent format for the framework data has changed.  The framework will be reinitialized: Found persistent version "6" expecting "5"

!ENTRY org.eclipse.osgi 4 0 2022-09-18 10:46:04.856
!MESSAGE The -clean (osgi.clean) option was not successful. Unable to clean the storage area: D:\Software\Ptidej Workspaces\v5.3\PADL Creator C++ (Eclipse) Helper\Configuration Area\org.eclipse.osgi

!ENTRY org.eclipse.osgi 4 0 2022-09-18 10:46:06.296
!MESSAGE Bundle reference:file:D:/Software/Ptidej Workspaces/v5.3/plugins/PADL_Creator_Cpp_Eclipse_1.5.0.jar not found.

!ENTRY org.eclipse.osgi 4 0 2022-09-18 10:46:08.326
!MESSAGE FrameworkEvent ERROR
!STACK 0
org.osgi.framework.BundleException: Cannot support framework extension bundles without a public addURL(URL) or appendToClassPathForInstrumentation(String) method on the framework class loader: org.eclipse.equinox.weaving.hook_1.0.200.v20120524-1707 [60]
	at org.eclipse.osgi.storage.FrameworkExtensionInstaller.addExtensionContent0(FrameworkExtensionInstaller.java:141)
	at org.eclipse.osgi.storage.FrameworkExtensionInstaller.addExtensionContent(FrameworkExtensionInstaller.java:115)
	at org.eclipse.osgi.internal.loader.SystemBundleLoader$SystemModuleClassLoader.loadFragments(SystemBundleLoader.java:140)
	at org.eclipse.osgi.internal.loader.SystemBundleLoader.loadClassLoaderFragments(SystemBundleLoader.java:122)
	at org.eclipse.osgi.internal.loader.BundleLoader.loadFragments(BundleLoader.java:312)
	at org.eclipse.osgi.container.ModuleWiring.loadFragments(ModuleWiring.java:276)
	at org.eclipse.osgi.container.ModuleContainer.applyDelta(ModuleContainer.java:842)
	at org.eclipse.osgi.container.ModuleContainer.resolveAndApply(ModuleContainer.java:558)
	at org.eclipse.osgi.container.ModuleContainer.resolve(ModuleContainer.java:501)
	at org.eclipse.osgi.container.ModuleContainer.refresh(ModuleContainer.java:1136)
	at org.eclipse.osgi.container.ModuleContainer$ContainerWiring.dispatchEvent(ModuleContainer.java:1517)
	at org.eclipse.osgi.container.ModuleContainer$ContainerWiring.dispatchEvent(ModuleContainer.java:1)
	at org.eclipse.osgi.framework.eventmgr.EventManager.dispatchEvent(EventManager.java:234)
	at org.eclipse.osgi.framework.eventmgr.EventManager$EventThread.run(EventManager.java:345)

!ENTRY PADL_Creator_Cpp_Eclipse 2 0 2022-09-18 10:46:09.110
!MESSAGE Could not resolve module: PADL_Creator_Cpp_Eclipse [32]
  Unresolved requirement: Require-Bundle: CPL; bundle-version="1.5.0"


!ENTRY org.eclipse.osgi 4 0 2022-09-18 10:46:09.111
!MESSAGE Application error
!STACK 1
java.lang.RuntimeException: Application "PADL_Creator_Cpp_Eclipse.Launcher" could not be found in the registry. The applications available are: org.eclipse.cdt.managedbuilder.core.headlessbuild, org.eclipse.jdt.core.JavaCodeFormatter, org.eclipse.jdt.core.JavaIndexer, org.eclipse.e4.ui.workbench.swt.E4Application, org.eclipse.e4.ui.workbench.swt.GenTopic, org.eclipse.ant.core.antRunner, org.eclipse.cdt.core.GeneratePDOM, org.eclipse.equinox.app.error.
	at org.eclipse.equinox.internal.app.EclipseAppContainer.startDefaultApp(EclipseAppContainer.java:248)
	at org.eclipse.equinox.internal.app.MainApplicationLauncher.run(MainApplicationLauncher.java:29)
	at org.eclipse.core.runtime.internal.adaptor.EclipseAppLauncher.runApplication(EclipseAppLauncher.java:137)
	at org.eclipse.core.runtime.internal.adaptor.EclipseAppLauncher.start(EclipseAppLauncher.java:107)
	at org.eclipse.core.runtime.adaptor.EclipseStarter.run(EclipseStarter.java:401)
	at org.eclipse.core.runtime.adaptor.EclipseStarter.run(EclipseStarter.java:255)
	at padl.creator.cppfile.eclipse.misc.EclipseCPPParserCaller.createCodeLevelModelUsingOSGiEmbedded(EclipseCPPParserCaller.java:126)
	at padl.creator.cppfile.eclipse.CPPCreator.create(CPPCreator.java:28)
	at padl.kernel.impl.CodeLevelModel.create(CodeLevelModel.java:41)
	at padl.generator.helper.ModelGenerator.generateModelFromCppFilesUsingEclipse(ModelGenerator.java:286)
	at padl.generator.helper.ModelGenerator.generateModelFromCppFilesUsingEclipse(ModelGenerator.java:298)
	at padl.creator.cppfile.eclipse.test.simple.ClassesTest.test1(ClassesTest.java:25)
	at java.base/jdk.internal.reflect.NativeMethodAccessorImpl.invoke0(Native Method)
	at java.base/jdk.internal.reflect.NativeMethodAccessorImpl.invoke(NativeMethodAccessorImpl.java:77)
	at java.base/jdk.internal.reflect.DelegatingMethodAccessorImpl.invoke(DelegatingMethodAccessorImpl.java:43)
	at java.base/java.lang.reflect.Method.invoke(Method.java:568)
	at junit.framework.TestCase.runTest(TestCase.java:177)
	at junit.framework.TestCase.runBare(TestCase.java:142)
	at junit.framework.TestResult$1.protect(TestResult.java:122)
	at junit.framework.TestResult.runProtected(TestResult.java:142)
	at junit.framework.TestResult.run(TestResult.java:125)
	at junit.framework.TestCase.run(TestCase.java:130)
	at junit.framework.TestSuite.runTest(TestSuite.java:241)
	at junit.framework.TestSuite.run(TestSuite.java:236)
	at junit.framework.TestSuite.runTest(TestSuite.java:241)
	at junit.framework.TestSuite.run(TestSuite.java:236)
	at org.junit.internal.runners.JUnit38ClassRunner.run(JUnit38ClassRunner.java:90)
	at org.eclipse.jdt.internal.junit4.runner.JUnit4TestReference.run(JUnit4TestReference.java:93)
	at org.eclipse.jdt.internal.junit.runner.TestExecution.run(TestExecution.java:40)
	at org.eclipse.jdt.internal.junit.runner.RemoteTestRunner.runTests(RemoteTestRunner.java:529)
	at org.eclipse.jdt.internal.junit.runner.RemoteTestRunner.runTests(RemoteTestRunner.java:756)
	at org.eclipse.jdt.internal.junit.runner.RemoteTestRunner.run(RemoteTestRunner.java:452)
	at org.eclipse.jdt.internal.junit.runner.RemoteTestRunner.main(RemoteTestRunner.java:210)
!SESSION 2022-09-18 10:46:09.473 -----------------------------------------------
eclipse.buildId=unknown
java.version=17.0.3.1
java.vendor=Oracle Corporation
BootLoader constants: OS=win32, ARCH=x86_64, WS=win32, NL=en_CA

!ENTRY org.eclipse.osgi 2 0 2022-09-18 10:46:09.473
!MESSAGE The property 'osgi.configuration.area' with the value 'file:D:/Software/Ptidej Workspaces/v5.3/PADL Creator C++ (Eclipse) Helper/Configuration Area/' is being overriden by the OSGi standard configuration property 'org.osgi.framework.storage' with the value 'D:\Software\Ptidej Workspaces\v5.3\PADL Creator C++ (Eclipse) Helper\Configuration Area'.
!STACK 0
java.lang.IllegalArgumentException: The property 'osgi.configuration.area' with the value 'file:D:/Software/Ptidej Workspaces/v5.3/PADL Creator C++ (Eclipse) Helper/Configuration Area/' is being overriden by the OSGi standard configuration property 'org.osgi.framework.storage' with the value 'D:\Software\Ptidej Workspaces\v5.3\PADL Creator C++ (Eclipse) Helper\Configuration Area'.
	at org.eclipse.osgi.internal.location.EquinoxLocations.<init>(EquinoxLocations.java:87)
	at org.eclipse.osgi.internal.framework.EquinoxConfiguration.<init>(EquinoxConfiguration.java:547)
	at org.eclipse.osgi.internal.framework.EquinoxContainer.<init>(EquinoxContainer.java:89)
	at org.eclipse.osgi.launch.Equinox.<init>(Equinox.java:34)
	at org.eclipse.core.runtime.adaptor.EclipseStarter.startup(EclipseStarter.java:315)
	at org.eclipse.core.runtime.adaptor.EclipseStarter.run(EclipseStarter.java:251)
	at padl.creator.cppfile.eclipse.misc.EclipseCPPParserCaller.createCodeLevelModelUsingOSGiEmbedded(EclipseCPPParserCaller.java:126)
	at padl.creator.cppfile.eclipse.CPPCreator.create(CPPCreator.java:28)
	at padl.kernel.impl.CodeLevelModel.create(CodeLevelModel.java:41)
	at padl.generator.helper.ModelGenerator.generateModelFromCppFilesUsingEclipse(ModelGenerator.java:286)
	at padl.generator.helper.ModelGenerator.generateModelFromCppFilesUsingEclipse(ModelGenerator.java:298)
	at padl.creator.cppfile.eclipse.test.simple.FieldAccessTest.setUp(FieldAccessTest.java:30)
	at junit.framework.TestCase.runBare(TestCase.java:140)
	at junit.framework.TestResult$1.protect(TestResult.java:122)
	at junit.framework.TestResult.runProtected(TestResult.java:142)
	at junit.framework.TestResult.run(TestResult.java:125)
	at junit.framework.TestCase.run(TestCase.java:130)
	at junit.framework.TestSuite.runTest(TestSuite.java:241)
	at junit.framework.TestSuite.run(TestSuite.java:236)
	at junit.framework.TestSuite.runTest(TestSuite.java:241)
	at junit.framework.TestSuite.run(TestSuite.java:236)
	at org.junit.internal.runners.JUnit38ClassRunner.run(JUnit38ClassRunner.java:90)
	at org.eclipse.jdt.internal.junit4.runner.JUnit4TestReference.run(JUnit4TestReference.java:93)
	at org.eclipse.jdt.internal.junit.runner.TestExecution.run(TestExecution.java:40)
	at org.eclipse.jdt.internal.junit.runner.RemoteTestRunner.runTests(RemoteTestRunner.java:529)
	at org.eclipse.jdt.internal.junit.runner.RemoteTestRunner.runTests(RemoteTestRunner.java:756)
	at org.eclipse.jdt.internal.junit.runner.RemoteTestRunner.run(RemoteTestRunner.java:452)
	at org.eclipse.jdt.internal.junit.runner.RemoteTestRunner.main(RemoteTestRunner.java:210)

!ENTRY org.eclipse.osgi 4 0 2022-09-18 10:46:09.551
!MESSAGE Cannot support framework extension bundles without a public addURL(URL) or appendToClassPathForInstrumentation(String) method on the framework class loader: org.eclipse.equinox.weaving.hook_1.0.200.v20120524-1707 [60]
!STACK 0
org.osgi.framework.BundleException: Cannot support framework extension bundles without a public addURL(URL) or appendToClassPathForInstrumentation(String) method on the framework class loader: org.eclipse.equinox.weaving.hook_1.0.200.v20120524-1707 [60]
	at org.eclipse.osgi.storage.FrameworkExtensionInstaller.addExtensionContent0(FrameworkExtensionInstaller.java:141)
	at org.eclipse.osgi.storage.FrameworkExtensionInstaller.addExtensionContent(FrameworkExtensionInstaller.java:115)
	at org.eclipse.osgi.storage.Storage.installExtensions(Storage.java:315)
	at org.eclipse.osgi.storage.Storage.createStorage(Storage.java:181)
	at org.eclipse.osgi.internal.framework.EquinoxContainer.<init>(EquinoxContainer.java:94)
	at org.eclipse.osgi.launch.Equinox.<init>(Equinox.java:34)
	at org.eclipse.core.runtime.adaptor.EclipseStarter.startup(EclipseStarter.java:315)
	at org.eclipse.core.runtime.adaptor.EclipseStarter.run(EclipseStarter.java:251)
	at padl.creator.cppfile.eclipse.misc.EclipseCPPParserCaller.createCodeLevelModelUsingOSGiEmbedded(EclipseCPPParserCaller.java:126)
	at padl.creator.cppfile.eclipse.CPPCreator.create(CPPCreator.java:28)
	at padl.kernel.impl.CodeLevelModel.create(CodeLevelModel.java:41)
	at padl.generator.helper.ModelGenerator.generateModelFromCppFilesUsingEclipse(ModelGenerator.java:286)
	at padl.generator.helper.ModelGenerator.generateModelFromCppFilesUsingEclipse(ModelGenerator.java:298)
	at padl.creator.cppfile.eclipse.test.simple.FieldAccessTest.setUp(FieldAccessTest.java:30)
	at junit.framework.TestCase.runBare(TestCase.java:140)
	at junit.framework.TestResult$1.protect(TestResult.java:122)
	at junit.framework.TestResult.runProtected(TestResult.java:142)
	at junit.framework.TestResult.run(TestResult.java:125)
	at junit.framework.TestCase.run(TestCase.java:130)
	at junit.framework.TestSuite.runTest(TestSuite.java:241)
	at junit.framework.TestSuite.run(TestSuite.java:236)
	at junit.framework.TestSuite.runTest(TestSuite.java:241)
	at junit.framework.TestSuite.run(TestSuite.java:236)
	at org.junit.internal.runners.JUnit38ClassRunner.run(JUnit38ClassRunner.java:90)
	at org.eclipse.jdt.internal.junit4.runner.JUnit4TestReference.run(JUnit4TestReference.java:93)
	at org.eclipse.jdt.internal.junit.runner.TestExecution.run(TestExecution.java:40)
	at org.eclipse.jdt.internal.junit.runner.RemoteTestRunner.runTests(RemoteTestRunner.java:529)
	at org.eclipse.jdt.internal.junit.runner.RemoteTestRunner.runTests(RemoteTestRunner.java:756)
	at org.eclipse.jdt.internal.junit.runner.RemoteTestRunner.run(RemoteTestRunner.java:452)
	at org.eclipse.jdt.internal.junit.runner.RemoteTestRunner.main(RemoteTestRunner.java:210)

!ENTRY org.eclipse.osgi 4 0 2022-09-18 10:46:09.559
!MESSAGE Unable to make field private static volatile java.net.URLStreamHandlerFactory java.net.URL.factory accessible: module java.base does not "opens java.net" to unnamed module @6d00a15d
!STACK 0
java.lang.reflect.InaccessibleObjectException: Unable to make field private static volatile java.net.URLStreamHandlerFactory java.net.URL.factory accessible: module java.base does not "opens java.net" to unnamed module @6d00a15d
	at java.base/java.lang.reflect.AccessibleObject.checkCanSetAccessible(AccessibleObject.java:354)
	at java.base/java.lang.reflect.AccessibleObject.checkCanSetAccessible(AccessibleObject.java:297)
	at java.base/java.lang.reflect.Field.checkCanSetAccessible(Field.java:178)
	at java.base/java.lang.reflect.Field.setAccessible(Field.java:172)
	at org.eclipse.osgi.internal.url.MultiplexingFactory.setAccessible(MultiplexingFactory.java:254)
	at org.eclipse.osgi.internal.url.EquinoxFactoryManager.getField(EquinoxFactoryManager.java:247)
	at org.eclipse.osgi.internal.url.EquinoxFactoryManager.forceURLStreamHandlerFactory(EquinoxFactoryManager.java:61)
	at org.eclipse.osgi.internal.url.EquinoxFactoryManager.installURLStreamHandlerFactory(EquinoxFactoryManager.java:50)
	at org.eclipse.osgi.internal.url.EquinoxFactoryManager.installHandlerFactories(EquinoxFactoryManager.java:38)
	at org.eclipse.osgi.internal.framework.SystemBundleActivator.start(SystemBundleActivator.java:71)
	at org.eclipse.osgi.internal.framework.BundleContextImpl$3.run(BundleContextImpl.java:842)
	at org.eclipse.osgi.internal.framework.BundleContextImpl$3.run(BundleContextImpl.java:1)
	at java.base/java.security.AccessController.doPrivileged(AccessController.java:569)
	at org.eclipse.osgi.internal.framework.BundleContextImpl.startActivator(BundleContextImpl.java:834)
	at org.eclipse.osgi.internal.framework.BundleContextImpl.start(BundleContextImpl.java:791)
	at org.eclipse.osgi.internal.framework.EquinoxBundle.startWorker0(EquinoxBundle.java:1015)
	at org.eclipse.osgi.internal.framework.EquinoxBundle$SystemBundle$EquinoxSystemModule.initWorker(EquinoxBundle.java:197)
	at org.eclipse.osgi.container.SystemModule.init(SystemModule.java:99)
	at org.eclipse.osgi.internal.framework.EquinoxBundle$SystemBundle.init(EquinoxBundle.java:280)
	at org.eclipse.osgi.internal.framework.EquinoxBundle$SystemBundle.init(EquinoxBundle.java:264)
	at org.eclipse.osgi.launch.Equinox.init(Equinox.java:185)
	at org.eclipse.core.runtime.adaptor.EclipseStarter.startup(EclipseStarter.java:316)
	at org.eclipse.core.runtime.adaptor.EclipseStarter.run(EclipseStarter.java:251)
	at padl.creator.cppfile.eclipse.misc.EclipseCPPParserCaller.createCodeLevelModelUsingOSGiEmbedded(EclipseCPPParserCaller.java:126)
	at padl.creator.cppfile.eclipse.CPPCreator.create(CPPCreator.java:28)
	at padl.kernel.impl.CodeLevelModel.create(CodeLevelModel.java:41)
	at padl.generator.helper.ModelGenerator.generateModelFromCppFilesUsingEclipse(ModelGenerator.java:286)
	at padl.generator.helper.ModelGenerator.generateModelFromCppFilesUsingEclipse(ModelGenerator.java:298)
	at padl.creator.cppfile.eclipse.test.simple.FieldAccessTest.setUp(FieldAccessTest.java:30)
	at junit.framework.TestCase.runBare(TestCase.java:140)
	at junit.framework.TestResult$1.protect(TestResult.java:122)
	at junit.framework.TestResult.runProtected(TestResult.java:142)
	at junit.framework.TestResult.run(TestResult.java:125)
	at junit.framework.TestCase.run(TestCase.java:130)
	at junit.framework.TestSuite.runTest(TestSuite.java:241)
	at junit.framework.TestSuite.run(TestSuite.java:236)
	at junit.framework.TestSuite.runTest(TestSuite.java:241)
	at junit.framework.TestSuite.run(TestSuite.java:236)
	at org.junit.internal.runners.JUnit38ClassRunner.run(JUnit38ClassRunner.java:90)
	at org.eclipse.jdt.internal.junit4.runner.JUnit4TestReference.run(JUnit4TestReference.java:93)
	at org.eclipse.jdt.internal.junit.runner.TestExecution.run(TestExecution.java:40)
	at org.eclipse.jdt.internal.junit.runner.RemoteTestRunner.runTests(RemoteTestRunner.java:529)
	at org.eclipse.jdt.internal.junit.runner.RemoteTestRunner.runTests(RemoteTestRunner.java:756)
	at org.eclipse.jdt.internal.junit.runner.RemoteTestRunner.run(RemoteTestRunner.java:452)
	at org.eclipse.jdt.internal.junit.runner.RemoteTestRunner.main(RemoteTestRunner.java:210)

!ENTRY org.eclipse.osgi 4 0 2022-09-18 10:46:09.561
!MESSAGE Unable to make field private static volatile java.net.ContentHandlerFactory java.net.URLConnection.factory accessible: module java.base does not "opens java.net" to unnamed module @6d00a15d
!STACK 0
java.lang.reflect.InaccessibleObjectException: Unable to make field private static volatile java.net.ContentHandlerFactory java.net.URLConnection.factory accessible: module java.base does not "opens java.net" to unnamed module @6d00a15d
	at java.base/java.lang.reflect.AccessibleObject.checkCanSetAccessible(AccessibleObject.java:354)
	at java.base/java.lang.reflect.AccessibleObject.checkCanSetAccessible(AccessibleObject.java:297)
	at java.base/java.lang.reflect.Field.checkCanSetAccessible(Field.java:178)
	at java.base/java.lang.reflect.Field.setAccessible(Field.java:172)
	at org.eclipse.osgi.internal.url.MultiplexingFactory.setAccessible(MultiplexingFactory.java:254)
	at org.eclipse.osgi.internal.url.EquinoxFactoryManager.getField(EquinoxFactoryManager.java:247)
	at org.eclipse.osgi.internal.url.EquinoxFactoryManager.forceContentHandlerFactory(EquinoxFactoryManager.java:132)
	at org.eclipse.osgi.internal.url.EquinoxFactoryManager.installContentHandlerFactory(EquinoxFactoryManager.java:120)
	at org.eclipse.osgi.internal.url.EquinoxFactoryManager.installHandlerFactories(EquinoxFactoryManager.java:39)
	at org.eclipse.osgi.internal.framework.SystemBundleActivator.start(SystemBundleActivator.java:71)
	at org.eclipse.osgi.internal.framework.BundleContextImpl$3.run(BundleContextImpl.java:842)
	at org.eclipse.osgi.internal.framework.BundleContextImpl$3.run(BundleContextImpl.java:1)
	at java.base/java.security.AccessController.doPrivileged(AccessController.java:569)
	at org.eclipse.osgi.internal.framework.BundleContextImpl.startActivator(BundleContextImpl.java:834)
	at org.eclipse.osgi.internal.framework.BundleContextImpl.start(BundleContextImpl.java:791)
	at org.eclipse.osgi.internal.framework.EquinoxBundle.startWorker0(EquinoxBundle.java:1015)
	at org.eclipse.osgi.internal.framework.EquinoxBundle$SystemBundle$EquinoxSystemModule.initWorker(EquinoxBundle.java:197)
	at org.eclipse.osgi.container.SystemModule.init(SystemModule.java:99)
	at org.eclipse.osgi.internal.framework.EquinoxBundle$SystemBundle.init(EquinoxBundle.java:280)
	at org.eclipse.osgi.internal.framework.EquinoxBundle$SystemBundle.init(EquinoxBundle.java:264)
	at org.eclipse.osgi.launch.Equinox.init(Equinox.java:185)
	at org.eclipse.core.runtime.adaptor.EclipseStarter.startup(EclipseStarter.java:316)
	at org.eclipse.core.runtime.adaptor.EclipseStarter.run(EclipseStarter.java:251)
	at padl.creator.cppfile.eclipse.misc.EclipseCPPParserCaller.createCodeLevelModelUsingOSGiEmbedded(EclipseCPPParserCaller.java:126)
	at padl.creator.cppfile.eclipse.CPPCreator.create(CPPCreator.java:28)
	at padl.kernel.impl.CodeLevelModel.create(CodeLevelModel.java:41)
	at padl.generator.helper.ModelGenerator.generateModelFromCppFilesUsingEclipse(ModelGenerator.java:286)
	at padl.generator.helper.ModelGenerator.generateModelFromCppFilesUsingEclipse(ModelGenerator.java:298)
	at padl.creator.cppfile.eclipse.test.simple.FieldAccessTest.setUp(FieldAccessTest.java:30)
	at junit.framework.TestCase.runBare(TestCase.java:140)
	at junit.framework.TestResult$1.protect(TestResult.java:122)
	at junit.framework.TestResult.runProtected(TestResult.java:142)
	at junit.framework.TestResult.run(TestResult.java:125)
	at junit.framework.TestCase.run(TestCase.java:130)
	at junit.framework.TestSuite.runTest(TestSuite.java:241)
	at junit.framework.TestSuite.run(TestSuite.java:236)
	at junit.framework.TestSuite.runTest(TestSuite.java:241)
	at junit.framework.TestSuite.run(TestSuite.java:236)
	at org.junit.internal.runners.JUnit38ClassRunner.run(JUnit38ClassRunner.java:90)
	at org.eclipse.jdt.internal.junit4.runner.JUnit4TestReference.run(JUnit4TestReference.java:93)
	at org.eclipse.jdt.internal.junit.runner.TestExecution.run(TestExecution.java:40)
	at org.eclipse.jdt.internal.junit.runner.RemoteTestRunner.runTests(RemoteTestRunner.java:529)
	at org.eclipse.jdt.internal.junit.runner.RemoteTestRunner.runTests(RemoteTestRunner.java:756)
	at org.eclipse.jdt.internal.junit.runner.RemoteTestRunner.run(RemoteTestRunner.java:452)
	at org.eclipse.jdt.internal.junit.runner.RemoteTestRunner.main(RemoteTestRunner.java:210)

!ENTRY org.eclipse.osgi 4 0 2022-09-18 10:46:09.595
!MESSAGE Bundle reference:file:D:/Software/Ptidej Workspaces/v5.3/plugins/PADL_Creator_Cpp_Eclipse_1.5.0.jar not found.

!ENTRY PADL_Creator_Cpp_Eclipse 2 0 2022-09-18 10:46:09.866
!MESSAGE Could not resolve module: PADL_Creator_Cpp_Eclipse [32]
  Unresolved requirement: Require-Bundle: CPL; bundle-version="1.5.0"


!ENTRY org.eclipse.osgi 4 0 2022-09-18 10:46:09.867
!MESSAGE Application error
!STACK 1
java.lang.RuntimeException: Application "PADL_Creator_Cpp_Eclipse.Launcher" could not be found in the registry. The applications available are: org.eclipse.cdt.managedbuilder.core.headlessbuild, org.eclipse.jdt.core.JavaCodeFormatter, org.eclipse.jdt.core.JavaIndexer, org.eclipse.e4.ui.workbench.swt.E4Application, org.eclipse.e4.ui.workbench.swt.GenTopic, org.eclipse.ant.core.antRunner, org.eclipse.cdt.core.GeneratePDOM, org.eclipse.equinox.app.error.
	at org.eclipse.equinox.internal.app.EclipseAppContainer.startDefaultApp(EclipseAppContainer.java:248)
	at org.eclipse.equinox.internal.app.MainApplicationLauncher.run(MainApplicationLauncher.java:29)
	at org.eclipse.core.runtime.internal.adaptor.EclipseAppLauncher.runApplication(EclipseAppLauncher.java:137)
	at org.eclipse.core.runtime.internal.adaptor.EclipseAppLauncher.start(EclipseAppLauncher.java:107)
	at org.eclipse.core.runtime.adaptor.EclipseStarter.run(EclipseStarter.java:401)
	at org.eclipse.core.runtime.adaptor.EclipseStarter.run(EclipseStarter.java:255)
	at padl.creator.cppfile.eclipse.misc.EclipseCPPParserCaller.createCodeLevelModelUsingOSGiEmbedded(EclipseCPPParserCaller.java:126)
	at padl.creator.cppfile.eclipse.CPPCreator.create(CPPCreator.java:28)
	at padl.kernel.impl.CodeLevelModel.create(CodeLevelModel.java:41)
	at padl.generator.helper.ModelGenerator.generateModelFromCppFilesUsingEclipse(ModelGenerator.java:286)
	at padl.generator.helper.ModelGenerator.generateModelFromCppFilesUsingEclipse(ModelGenerator.java:298)
	at padl.creator.cppfile.eclipse.test.simple.FieldAccessTest.setUp(FieldAccessTest.java:30)
	at junit.framework.TestCase.runBare(TestCase.java:140)
	at junit.framework.TestResult$1.protect(TestResult.java:122)
	at junit.framework.TestResult.runProtected(TestResult.java:142)
	at junit.framework.TestResult.run(TestResult.java:125)
	at junit.framework.TestCase.run(TestCase.java:130)
	at junit.framework.TestSuite.runTest(TestSuite.java:241)
	at junit.framework.TestSuite.run(TestSuite.java:236)
	at junit.framework.TestSuite.runTest(TestSuite.java:241)
	at junit.framework.TestSuite.run(TestSuite.java:236)
	at org.junit.internal.runners.JUnit38ClassRunner.run(JUnit38ClassRunner.java:90)
	at org.eclipse.jdt.internal.junit4.runner.JUnit4TestReference.run(JUnit4TestReference.java:93)
	at org.eclipse.jdt.internal.junit.runner.TestExecution.run(TestExecution.java:40)
	at org.eclipse.jdt.internal.junit.runner.RemoteTestRunner.runTests(RemoteTestRunner.java:529)
	at org.eclipse.jdt.internal.junit.runner.RemoteTestRunner.runTests(RemoteTestRunner.java:756)
	at org.eclipse.jdt.internal.junit.runner.RemoteTestRunner.run(RemoteTestRunner.java:452)
	at org.eclipse.jdt.internal.junit.runner.RemoteTestRunner.main(RemoteTestRunner.java:210)
!SESSION 2022-09-18 10:46:10.074 -----------------------------------------------
eclipse.buildId=unknown
java.version=17.0.3.1
java.vendor=Oracle Corporation
BootLoader constants: OS=win32, ARCH=x86_64, WS=win32, NL=en_CA

!ENTRY org.eclipse.osgi 2 0 2022-09-18 10:46:10.074
!MESSAGE The property 'osgi.configuration.area' with the value 'file:D:/Software/Ptidej Workspaces/v5.3/PADL Creator C++ (Eclipse) Helper/Configuration Area/' is being overriden by the OSGi standard configuration property 'org.osgi.framework.storage' with the value 'D:\Software\Ptidej Workspaces\v5.3\PADL Creator C++ (Eclipse) Helper\Configuration Area'.
!STACK 0
java.lang.IllegalArgumentException: The property 'osgi.configuration.area' with the value 'file:D:/Software/Ptidej Workspaces/v5.3/PADL Creator C++ (Eclipse) Helper/Configuration Area/' is being overriden by the OSGi standard configuration property 'org.osgi.framework.storage' with the value 'D:\Software\Ptidej Workspaces\v5.3\PADL Creator C++ (Eclipse) Helper\Configuration Area'.
	at org.eclipse.osgi.internal.location.EquinoxLocations.<init>(EquinoxLocations.java:87)
	at org.eclipse.osgi.internal.framework.EquinoxConfiguration.<init>(EquinoxConfiguration.java:547)
	at org.eclipse.osgi.internal.framework.EquinoxContainer.<init>(EquinoxContainer.java:89)
	at org.eclipse.osgi.launch.Equinox.<init>(Equinox.java:34)
	at org.eclipse.core.runtime.adaptor.EclipseStarter.startup(EclipseStarter.java:315)
	at org.eclipse.core.runtime.adaptor.EclipseStarter.run(EclipseStarter.java:251)
	at padl.creator.cppfile.eclipse.misc.EclipseCPPParserCaller.createCodeLevelModelUsingOSGiEmbedded(EclipseCPPParserCaller.java:126)
	at padl.creator.cppfile.eclipse.CPPCreator.create(CPPCreator.java:28)
	at padl.kernel.impl.CodeLevelModel.create(CodeLevelModel.java:41)
	at padl.generator.helper.ModelGenerator.generateModelFromCppFilesUsingEclipse(ModelGenerator.java:286)
	at padl.generator.helper.ModelGenerator.generateModelFromCppFilesUsingEclipse(ModelGenerator.java:298)
	at padl.creator.cppfile.eclipse.test.simple.FieldAccessTest.setUp(FieldAccessTest.java:30)
	at junit.framework.TestCase.runBare(TestCase.java:140)
	at junit.framework.TestResult$1.protect(TestResult.java:122)
	at junit.framework.TestResult.runProtected(TestResult.java:142)
	at junit.framework.TestResult.run(TestResult.java:125)
	at junit.framework.TestCase.run(TestCase.java:130)
	at junit.framework.TestSuite.runTest(TestSuite.java:241)
	at junit.framework.TestSuite.run(TestSuite.java:236)
	at junit.framework.TestSuite.runTest(TestSuite.java:241)
	at junit.framework.TestSuite.run(TestSuite.java:236)
	at org.junit.internal.runners.JUnit38ClassRunner.run(JUnit38ClassRunner.java:90)
	at org.eclipse.jdt.internal.junit4.runner.JUnit4TestReference.run(JUnit4TestReference.java:93)
	at org.eclipse.jdt.internal.junit.runner.TestExecution.run(TestExecution.java:40)
	at org.eclipse.jdt.internal.junit.runner.RemoteTestRunner.runTests(RemoteTestRunner.java:529)
	at org.eclipse.jdt.internal.junit.runner.RemoteTestRunner.runTests(RemoteTestRunner.java:756)
	at org.eclipse.jdt.internal.junit.runner.RemoteTestRunner.run(RemoteTestRunner.java:452)
	at org.eclipse.jdt.internal.junit.runner.RemoteTestRunner.main(RemoteTestRunner.java:210)

!ENTRY org.eclipse.osgi 4 0 2022-09-18 10:46:10.129
!MESSAGE Cannot support framework extension bundles without a public addURL(URL) or appendToClassPathForInstrumentation(String) method on the framework class loader: org.eclipse.equinox.weaving.hook_1.0.200.v20120524-1707 [60]
!STACK 0
org.osgi.framework.BundleException: Cannot support framework extension bundles without a public addURL(URL) or appendToClassPathForInstrumentation(String) method on the framework class loader: org.eclipse.equinox.weaving.hook_1.0.200.v20120524-1707 [60]
	at org.eclipse.osgi.storage.FrameworkExtensionInstaller.addExtensionContent0(FrameworkExtensionInstaller.java:141)
	at org.eclipse.osgi.storage.FrameworkExtensionInstaller.addExtensionContent(FrameworkExtensionInstaller.java:115)
	at org.eclipse.osgi.storage.Storage.installExtensions(Storage.java:315)
	at org.eclipse.osgi.storage.Storage.createStorage(Storage.java:181)
	at org.eclipse.osgi.internal.framework.EquinoxContainer.<init>(EquinoxContainer.java:94)
	at org.eclipse.osgi.launch.Equinox.<init>(Equinox.java:34)
	at org.eclipse.core.runtime.adaptor.EclipseStarter.startup(EclipseStarter.java:315)
	at org.eclipse.core.runtime.adaptor.EclipseStarter.run(EclipseStarter.java:251)
	at padl.creator.cppfile.eclipse.misc.EclipseCPPParserCaller.createCodeLevelModelUsingOSGiEmbedded(EclipseCPPParserCaller.java:126)
	at padl.creator.cppfile.eclipse.CPPCreator.create(CPPCreator.java:28)
	at padl.kernel.impl.CodeLevelModel.create(CodeLevelModel.java:41)
	at padl.generator.helper.ModelGenerator.generateModelFromCppFilesUsingEclipse(ModelGenerator.java:286)
	at padl.generator.helper.ModelGenerator.generateModelFromCppFilesUsingEclipse(ModelGenerator.java:298)
	at padl.creator.cppfile.eclipse.test.simple.FieldAccessTest.setUp(FieldAccessTest.java:30)
	at junit.framework.TestCase.runBare(TestCase.java:140)
	at junit.framework.TestResult$1.protect(TestResult.java:122)
	at junit.framework.TestResult.runProtected(TestResult.java:142)
	at junit.framework.TestResult.run(TestResult.java:125)
	at junit.framework.TestCase.run(TestCase.java:130)
	at junit.framework.TestSuite.runTest(TestSuite.java:241)
	at junit.framework.TestSuite.run(TestSuite.java:236)
	at junit.framework.TestSuite.runTest(TestSuite.java:241)
	at junit.framework.TestSuite.run(TestSuite.java:236)
	at org.junit.internal.runners.JUnit38ClassRunner.run(JUnit38ClassRunner.java:90)
	at org.eclipse.jdt.internal.junit4.runner.JUnit4TestReference.run(JUnit4TestReference.java:93)
	at org.eclipse.jdt.internal.junit.runner.TestExecution.run(TestExecution.java:40)
	at org.eclipse.jdt.internal.junit.runner.RemoteTestRunner.runTests(RemoteTestRunner.java:529)
	at org.eclipse.jdt.internal.junit.runner.RemoteTestRunner.runTests(RemoteTestRunner.java:756)
	at org.eclipse.jdt.internal.junit.runner.RemoteTestRunner.run(RemoteTestRunner.java:452)
	at org.eclipse.jdt.internal.junit.runner.RemoteTestRunner.main(RemoteTestRunner.java:210)

!ENTRY org.eclipse.osgi 4 0 2022-09-18 10:46:10.133
!MESSAGE Unable to make field private static volatile java.net.URLStreamHandlerFactory java.net.URL.factory accessible: module java.base does not "opens java.net" to unnamed module @6d00a15d
!STACK 0
java.lang.reflect.InaccessibleObjectException: Unable to make field private static volatile java.net.URLStreamHandlerFactory java.net.URL.factory accessible: module java.base does not "opens java.net" to unnamed module @6d00a15d
	at java.base/java.lang.reflect.AccessibleObject.checkCanSetAccessible(AccessibleObject.java:354)
	at java.base/java.lang.reflect.AccessibleObject.checkCanSetAccessible(AccessibleObject.java:297)
	at java.base/java.lang.reflect.Field.checkCanSetAccessible(Field.java:178)
	at java.base/java.lang.reflect.Field.setAccessible(Field.java:172)
	at org.eclipse.osgi.internal.url.MultiplexingFactory.setAccessible(MultiplexingFactory.java:254)
	at org.eclipse.osgi.internal.url.EquinoxFactoryManager.getField(EquinoxFactoryManager.java:247)
	at org.eclipse.osgi.internal.url.EquinoxFactoryManager.forceURLStreamHandlerFactory(EquinoxFactoryManager.java:61)
	at org.eclipse.osgi.internal.url.EquinoxFactoryManager.installURLStreamHandlerFactory(EquinoxFactoryManager.java:50)
	at org.eclipse.osgi.internal.url.EquinoxFactoryManager.installHandlerFactories(EquinoxFactoryManager.java:38)
	at org.eclipse.osgi.internal.framework.SystemBundleActivator.start(SystemBundleActivator.java:71)
	at org.eclipse.osgi.internal.framework.BundleContextImpl$3.run(BundleContextImpl.java:842)
	at org.eclipse.osgi.internal.framework.BundleContextImpl$3.run(BundleContextImpl.java:1)
	at java.base/java.security.AccessController.doPrivileged(AccessController.java:569)
	at org.eclipse.osgi.internal.framework.BundleContextImpl.startActivator(BundleContextImpl.java:834)
	at org.eclipse.osgi.internal.framework.BundleContextImpl.start(BundleContextImpl.java:791)
	at org.eclipse.osgi.internal.framework.EquinoxBundle.startWorker0(EquinoxBundle.java:1015)
	at org.eclipse.osgi.internal.framework.EquinoxBundle$SystemBundle$EquinoxSystemModule.initWorker(EquinoxBundle.java:197)
	at org.eclipse.osgi.container.SystemModule.init(SystemModule.java:99)
	at org.eclipse.osgi.internal.framework.EquinoxBundle$SystemBundle.init(EquinoxBundle.java:280)
	at org.eclipse.osgi.internal.framework.EquinoxBundle$SystemBundle.init(EquinoxBundle.java:264)
	at org.eclipse.osgi.launch.Equinox.init(Equinox.java:185)
	at org.eclipse.core.runtime.adaptor.EclipseStarter.startup(EclipseStarter.java:316)
	at org.eclipse.core.runtime.adaptor.EclipseStarter.run(EclipseStarter.java:251)
	at padl.creator.cppfile.eclipse.misc.EclipseCPPParserCaller.createCodeLevelModelUsingOSGiEmbedded(EclipseCPPParserCaller.java:126)
	at padl.creator.cppfile.eclipse.CPPCreator.create(CPPCreator.java:28)
	at padl.kernel.impl.CodeLevelModel.create(CodeLevelModel.java:41)
	at padl.generator.helper.ModelGenerator.generateModelFromCppFilesUsingEclipse(ModelGenerator.java:286)
	at padl.generator.helper.ModelGenerator.generateModelFromCppFilesUsingEclipse(ModelGenerator.java:298)
	at padl.creator.cppfile.eclipse.test.simple.FieldAccessTest.setUp(FieldAccessTest.java:30)
	at junit.framework.TestCase.runBare(TestCase.java:140)
	at junit.framework.TestResult$1.protect(TestResult.java:122)
	at junit.framework.TestResult.runProtected(TestResult.java:142)
	at junit.framework.TestResult.run(TestResult.java:125)
	at junit.framework.TestCase.run(TestCase.java:130)
	at junit.framework.TestSuite.runTest(TestSuite.java:241)
	at junit.framework.TestSuite.run(TestSuite.java:236)
	at junit.framework.TestSuite.runTest(TestSuite.java:241)
	at junit.framework.TestSuite.run(TestSuite.java:236)
	at org.junit.internal.runners.JUnit38ClassRunner.run(JUnit38ClassRunner.java:90)
	at org.eclipse.jdt.internal.junit4.runner.JUnit4TestReference.run(JUnit4TestReference.java:93)
	at org.eclipse.jdt.internal.junit.runner.TestExecution.run(TestExecution.java:40)
	at org.eclipse.jdt.internal.junit.runner.RemoteTestRunner.runTests(RemoteTestRunner.java:529)
	at org.eclipse.jdt.internal.junit.runner.RemoteTestRunner.runTests(RemoteTestRunner.java:756)
	at org.eclipse.jdt.internal.junit.runner.RemoteTestRunner.run(RemoteTestRunner.java:452)
	at org.eclipse.jdt.internal.junit.runner.RemoteTestRunner.main(RemoteTestRunner.java:210)

!ENTRY org.eclipse.osgi 4 0 2022-09-18 10:46:10.136
!MESSAGE Unable to make field private static volatile java.net.ContentHandlerFactory java.net.URLConnection.factory accessible: module java.base does not "opens java.net" to unnamed module @6d00a15d
!STACK 0
java.lang.reflect.InaccessibleObjectException: Unable to make field private static volatile java.net.ContentHandlerFactory java.net.URLConnection.factory accessible: module java.base does not "opens java.net" to unnamed module @6d00a15d
	at java.base/java.lang.reflect.AccessibleObject.checkCanSetAccessible(AccessibleObject.java:354)
	at java.base/java.lang.reflect.AccessibleObject.checkCanSetAccessible(AccessibleObject.java:297)
	at java.base/java.lang.reflect.Field.checkCanSetAccessible(Field.java:178)
	at java.base/java.lang.reflect.Field.setAccessible(Field.java:172)
	at org.eclipse.osgi.internal.url.MultiplexingFactory.setAccessible(MultiplexingFactory.java:254)
	at org.eclipse.osgi.internal.url.EquinoxFactoryManager.getField(EquinoxFactoryManager.java:247)
	at org.eclipse.osgi.internal.url.EquinoxFactoryManager.forceContentHandlerFactory(EquinoxFactoryManager.java:132)
	at org.eclipse.osgi.internal.url.EquinoxFactoryManager.installContentHandlerFactory(EquinoxFactoryManager.java:120)
	at org.eclipse.osgi.internal.url.EquinoxFactoryManager.installHandlerFactories(EquinoxFactoryManager.java:39)
	at org.eclipse.osgi.internal.framework.SystemBundleActivator.start(SystemBundleActivator.java:71)
	at org.eclipse.osgi.internal.framework.BundleContextImpl$3.run(BundleContextImpl.java:842)
	at org.eclipse.osgi.internal.framework.BundleContextImpl$3.run(BundleContextImpl.java:1)
	at java.base/java.security.AccessController.doPrivileged(AccessController.java:569)
	at org.eclipse.osgi.internal.framework.BundleContextImpl.startActivator(BundleContextImpl.java:834)
	at org.eclipse.osgi.internal.framework.BundleContextImpl.start(BundleContextImpl.java:791)
	at org.eclipse.osgi.internal.framework.EquinoxBundle.startWorker0(EquinoxBundle.java:1015)
	at org.eclipse.osgi.internal.framework.EquinoxBundle$SystemBundle$EquinoxSystemModule.initWorker(EquinoxBundle.java:197)
	at org.eclipse.osgi.container.SystemModule.init(SystemModule.java:99)
	at org.eclipse.osgi.internal.framework.EquinoxBundle$SystemBundle.init(EquinoxBundle.java:280)
	at org.eclipse.osgi.internal.framework.EquinoxBundle$SystemBundle.init(EquinoxBundle.java:264)
	at org.eclipse.osgi.launch.Equinox.init(Equinox.java:185)
	at org.eclipse.core.runtime.adaptor.EclipseStarter.startup(EclipseStarter.java:316)
	at org.eclipse.core.runtime.adaptor.EclipseStarter.run(EclipseStarter.java:251)
	at padl.creator.cppfile.eclipse.misc.EclipseCPPParserCaller.createCodeLevelModelUsingOSGiEmbedded(EclipseCPPParserCaller.java:126)
	at padl.creator.cppfile.eclipse.CPPCreator.create(CPPCreator.java:28)
	at padl.kernel.impl.CodeLevelModel.create(CodeLevelModel.java:41)
	at padl.generator.helper.ModelGenerator.generateModelFromCppFilesUsingEclipse(ModelGenerator.java:286)
	at padl.generator.helper.ModelGenerator.generateModelFromCppFilesUsingEclipse(ModelGenerator.java:298)
	at padl.creator.cppfile.eclipse.test.simple.FieldAccessTest.setUp(FieldAccessTest.java:30)
	at junit.framework.TestCase.runBare(TestCase.java:140)
	at junit.framework.TestResult$1.protect(TestResult.java:122)
	at junit.framework.TestResult.runProtected(TestResult.java:142)
	at junit.framework.TestResult.run(TestResult.java:125)
	at junit.framework.TestCase.run(TestCase.java:130)
	at junit.framework.TestSuite.runTest(TestSuite.java:241)
	at junit.framework.TestSuite.run(TestSuite.java:236)
	at junit.framework.TestSuite.runTest(TestSuite.java:241)
	at junit.framework.TestSuite.run(TestSuite.java:236)
	at org.junit.internal.runners.JUnit38ClassRunner.run(JUnit38ClassRunner.java:90)
	at org.eclipse.jdt.internal.junit4.runner.JUnit4TestReference.run(JUnit4TestReference.java:93)
	at org.eclipse.jdt.internal.junit.runner.TestExecution.run(TestExecution.java:40)
	at org.eclipse.jdt.internal.junit.runner.RemoteTestRunner.runTests(RemoteTestRunner.java:529)
	at org.eclipse.jdt.internal.junit.runner.RemoteTestRunner.runTests(RemoteTestRunner.java:756)
	at org.eclipse.jdt.internal.junit.runner.RemoteTestRunner.run(RemoteTestRunner.java:452)
	at org.eclipse.jdt.internal.junit.runner.RemoteTestRunner.main(RemoteTestRunner.java:210)

!ENTRY org.eclipse.osgi 4 0 2022-09-18 10:46:10.147
!MESSAGE Bundle reference:file:D:/Software/Ptidej Workspaces/v5.3/plugins/PADL_Creator_Cpp_Eclipse_1.5.0.jar not found.

!ENTRY PADL_Creator_Cpp_Eclipse 2 0 2022-09-18 10:46:10.436
!MESSAGE Could not resolve module: PADL_Creator_Cpp_Eclipse [32]
  Unresolved requirement: Require-Bundle: CPL; bundle-version="1.5.0"


!ENTRY org.eclipse.osgi 4 0 2022-09-18 10:46:10.436
!MESSAGE Application error
!STACK 1
java.lang.RuntimeException: Application "PADL_Creator_Cpp_Eclipse.Launcher" could not be found in the registry. The applications available are: org.eclipse.cdt.managedbuilder.core.headlessbuild, org.eclipse.jdt.core.JavaCodeFormatter, org.eclipse.jdt.core.JavaIndexer, org.eclipse.e4.ui.workbench.swt.E4Application, org.eclipse.e4.ui.workbench.swt.GenTopic, org.eclipse.ant.core.antRunner, org.eclipse.cdt.core.GeneratePDOM, org.eclipse.equinox.app.error.
	at org.eclipse.equinox.internal.app.EclipseAppContainer.startDefaultApp(EclipseAppContainer.java:248)
	at org.eclipse.equinox.internal.app.MainApplicationLauncher.run(MainApplicationLauncher.java:29)
	at org.eclipse.core.runtime.internal.adaptor.EclipseAppLauncher.runApplication(EclipseAppLauncher.java:137)
	at org.eclipse.core.runtime.internal.adaptor.EclipseAppLauncher.start(EclipseAppLauncher.java:107)
	at org.eclipse.core.runtime.adaptor.EclipseStarter.run(EclipseStarter.java:401)
	at org.eclipse.core.runtime.adaptor.EclipseStarter.run(EclipseStarter.java:255)
	at padl.creator.cppfile.eclipse.misc.EclipseCPPParserCaller.createCodeLevelModelUsingOSGiEmbedded(EclipseCPPParserCaller.java:126)
	at padl.creator.cppfile.eclipse.CPPCreator.create(CPPCreator.java:28)
	at padl.kernel.impl.CodeLevelModel.create(CodeLevelModel.java:41)
	at padl.generator.helper.ModelGenerator.generateModelFromCppFilesUsingEclipse(ModelGenerator.java:286)
	at padl.generator.helper.ModelGenerator.generateModelFromCppFilesUsingEclipse(ModelGenerator.java:298)
	at padl.creator.cppfile.eclipse.test.simple.FieldAccessTest.setUp(FieldAccessTest.java:30)
	at junit.framework.TestCase.runBare(TestCase.java:140)
	at junit.framework.TestResult$1.protect(TestResult.java:122)
	at junit.framework.TestResult.runProtected(TestResult.java:142)
	at junit.framework.TestResult.run(TestResult.java:125)
	at junit.framework.TestCase.run(TestCase.java:130)
	at junit.framework.TestSuite.runTest(TestSuite.java:241)
	at junit.framework.TestSuite.run(TestSuite.java:236)
	at junit.framework.TestSuite.runTest(TestSuite.java:241)
	at junit.framework.TestSuite.run(TestSuite.java:236)
	at org.junit.internal.runners.JUnit38ClassRunner.run(JUnit38ClassRunner.java:90)
	at org.eclipse.jdt.internal.junit4.runner.JUnit4TestReference.run(JUnit4TestReference.java:93)
	at org.eclipse.jdt.internal.junit.runner.TestExecution.run(TestExecution.java:40)
	at org.eclipse.jdt.internal.junit.runner.RemoteTestRunner.runTests(RemoteTestRunner.java:529)
	at org.eclipse.jdt.internal.junit.runner.RemoteTestRunner.runTests(RemoteTestRunner.java:756)
	at org.eclipse.jdt.internal.junit.runner.RemoteTestRunner.run(RemoteTestRunner.java:452)
	at org.eclipse.jdt.internal.junit.runner.RemoteTestRunner.main(RemoteTestRunner.java:210)
!SESSION 2022-09-18 10:46:10.619 -----------------------------------------------
eclipse.buildId=unknown
java.version=17.0.3.1
java.vendor=Oracle Corporation
BootLoader constants: OS=win32, ARCH=x86_64, WS=win32, NL=en_CA

!ENTRY org.eclipse.osgi 2 0 2022-09-18 10:46:10.620
!MESSAGE The property 'osgi.configuration.area' with the value 'file:D:/Software/Ptidej Workspaces/v5.3/PADL Creator C++ (Eclipse) Helper/Configuration Area/' is being overriden by the OSGi standard configuration property 'org.osgi.framework.storage' with the value 'D:\Software\Ptidej Workspaces\v5.3\PADL Creator C++ (Eclipse) Helper\Configuration Area'.
!STACK 0
java.lang.IllegalArgumentException: The property 'osgi.configuration.area' with the value 'file:D:/Software/Ptidej Workspaces/v5.3/PADL Creator C++ (Eclipse) Helper/Configuration Area/' is being overriden by the OSGi standard configuration property 'org.osgi.framework.storage' with the value 'D:\Software\Ptidej Workspaces\v5.3\PADL Creator C++ (Eclipse) Helper\Configuration Area'.
	at org.eclipse.osgi.internal.location.EquinoxLocations.<init>(EquinoxLocations.java:87)
	at org.eclipse.osgi.internal.framework.EquinoxConfiguration.<init>(EquinoxConfiguration.java:547)
	at org.eclipse.osgi.internal.framework.EquinoxContainer.<init>(EquinoxContainer.java:89)
	at org.eclipse.osgi.launch.Equinox.<init>(Equinox.java:34)
	at org.eclipse.core.runtime.adaptor.EclipseStarter.startup(EclipseStarter.java:315)
	at org.eclipse.core.runtime.adaptor.EclipseStarter.run(EclipseStarter.java:251)
	at padl.creator.cppfile.eclipse.misc.EclipseCPPParserCaller.createCodeLevelModelUsingOSGiEmbedded(EclipseCPPParserCaller.java:126)
	at padl.creator.cppfile.eclipse.CPPCreator.create(CPPCreator.java:28)
	at padl.kernel.impl.CodeLevelModel.create(CodeLevelModel.java:41)
	at padl.generator.helper.ModelGenerator.generateModelFromCppFilesUsingEclipse(ModelGenerator.java:286)
	at padl.generator.helper.ModelGenerator.generateModelFromCppFilesUsingEclipse(ModelGenerator.java:298)
	at padl.creator.cppfile.eclipse.test.simple.FieldAccessTest.setUp(FieldAccessTest.java:30)
	at junit.framework.TestCase.runBare(TestCase.java:140)
	at junit.framework.TestResult$1.protect(TestResult.java:122)
	at junit.framework.TestResult.runProtected(TestResult.java:142)
	at junit.framework.TestResult.run(TestResult.java:125)
	at junit.framework.TestCase.run(TestCase.java:130)
	at junit.framework.TestSuite.runTest(TestSuite.java:241)
	at junit.framework.TestSuite.run(TestSuite.java:236)
	at junit.framework.TestSuite.runTest(TestSuite.java:241)
	at junit.framework.TestSuite.run(TestSuite.java:236)
	at org.junit.internal.runners.JUnit38ClassRunner.run(JUnit38ClassRunner.java:90)
	at org.eclipse.jdt.internal.junit4.runner.JUnit4TestReference.run(JUnit4TestReference.java:93)
	at org.eclipse.jdt.internal.junit.runner.TestExecution.run(TestExecution.java:40)
	at org.eclipse.jdt.internal.junit.runner.RemoteTestRunner.runTests(RemoteTestRunner.java:529)
	at org.eclipse.jdt.internal.junit.runner.RemoteTestRunner.runTests(RemoteTestRunner.java:756)
	at org.eclipse.jdt.internal.junit.runner.RemoteTestRunner.run(RemoteTestRunner.java:452)
	at org.eclipse.jdt.internal.junit.runner.RemoteTestRunner.main(RemoteTestRunner.java:210)

!ENTRY org.eclipse.osgi 4 0 2022-09-18 10:46:10.680
!MESSAGE Cannot support framework extension bundles without a public addURL(URL) or appendToClassPathForInstrumentation(String) method on the framework class loader: org.eclipse.equinox.weaving.hook_1.0.200.v20120524-1707 [60]
!STACK 0
org.osgi.framework.BundleException: Cannot support framework extension bundles without a public addURL(URL) or appendToClassPathForInstrumentation(String) method on the framework class loader: org.eclipse.equinox.weaving.hook_1.0.200.v20120524-1707 [60]
	at org.eclipse.osgi.storage.FrameworkExtensionInstaller.addExtensionContent0(FrameworkExtensionInstaller.java:141)
	at org.eclipse.osgi.storage.FrameworkExtensionInstaller.addExtensionContent(FrameworkExtensionInstaller.java:115)
	at org.eclipse.osgi.storage.Storage.installExtensions(Storage.java:315)
	at org.eclipse.osgi.storage.Storage.createStorage(Storage.java:181)
	at org.eclipse.osgi.internal.framework.EquinoxContainer.<init>(EquinoxContainer.java:94)
	at org.eclipse.osgi.launch.Equinox.<init>(Equinox.java:34)
	at org.eclipse.core.runtime.adaptor.EclipseStarter.startup(EclipseStarter.java:315)
	at org.eclipse.core.runtime.adaptor.EclipseStarter.run(EclipseStarter.java:251)
	at padl.creator.cppfile.eclipse.misc.EclipseCPPParserCaller.createCodeLevelModelUsingOSGiEmbedded(EclipseCPPParserCaller.java:126)
	at padl.creator.cppfile.eclipse.CPPCreator.create(CPPCreator.java:28)
	at padl.kernel.impl.CodeLevelModel.create(CodeLevelModel.java:41)
	at padl.generator.helper.ModelGenerator.generateModelFromCppFilesUsingEclipse(ModelGenerator.java:286)
	at padl.generator.helper.ModelGenerator.generateModelFromCppFilesUsingEclipse(ModelGenerator.java:298)
	at padl.creator.cppfile.eclipse.test.simple.FieldAccessTest.setUp(FieldAccessTest.java:30)
	at junit.framework.TestCase.runBare(TestCase.java:140)
	at junit.framework.TestResult$1.protect(TestResult.java:122)
	at junit.framework.TestResult.runProtected(TestResult.java:142)
	at junit.framework.TestResult.run(TestResult.java:125)
	at junit.framework.TestCase.run(TestCase.java:130)
	at junit.framework.TestSuite.runTest(TestSuite.java:241)
	at junit.framework.TestSuite.run(TestSuite.java:236)
	at junit.framework.TestSuite.runTest(TestSuite.java:241)
	at junit.framework.TestSuite.run(TestSuite.java:236)
	at org.junit.internal.runners.JUnit38ClassRunner.run(JUnit38ClassRunner.java:90)
	at org.eclipse.jdt.internal.junit4.runner.JUnit4TestReference.run(JUnit4TestReference.java:93)
	at org.eclipse.jdt.internal.junit.runner.TestExecution.run(TestExecution.java:40)
	at org.eclipse.jdt.internal.junit.runner.RemoteTestRunner.runTests(RemoteTestRunner.java:529)
	at org.eclipse.jdt.internal.junit.runner.RemoteTestRunner.runTests(RemoteTestRunner.java:756)
	at org.eclipse.jdt.internal.junit.runner.RemoteTestRunner.run(RemoteTestRunner.java:452)
	at org.eclipse.jdt.internal.junit.runner.RemoteTestRunner.main(RemoteTestRunner.java:210)

!ENTRY org.eclipse.osgi 4 0 2022-09-18 10:46:10.684
!MESSAGE Unable to make field private static volatile java.net.URLStreamHandlerFactory java.net.URL.factory accessible: module java.base does not "opens java.net" to unnamed module @6d00a15d
!STACK 0
java.lang.reflect.InaccessibleObjectException: Unable to make field private static volatile java.net.URLStreamHandlerFactory java.net.URL.factory accessible: module java.base does not "opens java.net" to unnamed module @6d00a15d
	at java.base/java.lang.reflect.AccessibleObject.checkCanSetAccessible(AccessibleObject.java:354)
	at java.base/java.lang.reflect.AccessibleObject.checkCanSetAccessible(AccessibleObject.java:297)
	at java.base/java.lang.reflect.Field.checkCanSetAccessible(Field.java:178)
	at java.base/java.lang.reflect.Field.setAccessible(Field.java:172)
	at org.eclipse.osgi.internal.url.MultiplexingFactory.setAccessible(MultiplexingFactory.java:254)
	at org.eclipse.osgi.internal.url.EquinoxFactoryManager.getField(EquinoxFactoryManager.java:247)
	at org.eclipse.osgi.internal.url.EquinoxFactoryManager.forceURLStreamHandlerFactory(EquinoxFactoryManager.java:61)
	at org.eclipse.osgi.internal.url.EquinoxFactoryManager.installURLStreamHandlerFactory(EquinoxFactoryManager.java:50)
	at org.eclipse.osgi.internal.url.EquinoxFactoryManager.installHandlerFactories(EquinoxFactoryManager.java:38)
	at org.eclipse.osgi.internal.framework.SystemBundleActivator.start(SystemBundleActivator.java:71)
	at org.eclipse.osgi.internal.framework.BundleContextImpl$3.run(BundleContextImpl.java:842)
	at org.eclipse.osgi.internal.framework.BundleContextImpl$3.run(BundleContextImpl.java:1)
	at java.base/java.security.AccessController.doPrivileged(AccessController.java:569)
	at org.eclipse.osgi.internal.framework.BundleContextImpl.startActivator(BundleContextImpl.java:834)
	at org.eclipse.osgi.internal.framework.BundleContextImpl.start(BundleContextImpl.java:791)
	at org.eclipse.osgi.internal.framework.EquinoxBundle.startWorker0(EquinoxBundle.java:1015)
	at org.eclipse.osgi.internal.framework.EquinoxBundle$SystemBundle$EquinoxSystemModule.initWorker(EquinoxBundle.java:197)
	at org.eclipse.osgi.container.SystemModule.init(SystemModule.java:99)
	at org.eclipse.osgi.internal.framework.EquinoxBundle$SystemBundle.init(EquinoxBundle.java:280)
	at org.eclipse.osgi.internal.framework.EquinoxBundle$SystemBundle.init(EquinoxBundle.java:264)
	at org.eclipse.osgi.launch.Equinox.init(Equinox.java:185)
	at org.eclipse.core.runtime.adaptor.EclipseStarter.startup(EclipseStarter.java:316)
	at org.eclipse.core.runtime.adaptor.EclipseStarter.run(EclipseStarter.java:251)
	at padl.creator.cppfile.eclipse.misc.EclipseCPPParserCaller.createCodeLevelModelUsingOSGiEmbedded(EclipseCPPParserCaller.java:126)
	at padl.creator.cppfile.eclipse.CPPCreator.create(CPPCreator.java:28)
	at padl.kernel.impl.CodeLevelModel.create(CodeLevelModel.java:41)
	at padl.generator.helper.ModelGenerator.generateModelFromCppFilesUsingEclipse(ModelGenerator.java:286)
	at padl.generator.helper.ModelGenerator.generateModelFromCppFilesUsingEclipse(ModelGenerator.java:298)
	at padl.creator.cppfile.eclipse.test.simple.FieldAccessTest.setUp(FieldAccessTest.java:30)
	at junit.framework.TestCase.runBare(TestCase.java:140)
	at junit.framework.TestResult$1.protect(TestResult.java:122)
	at junit.framework.TestResult.runProtected(TestResult.java:142)
	at junit.framework.TestResult.run(TestResult.java:125)
	at junit.framework.TestCase.run(TestCase.java:130)
	at junit.framework.TestSuite.runTest(TestSuite.java:241)
	at junit.framework.TestSuite.run(TestSuite.java:236)
	at junit.framework.TestSuite.runTest(TestSuite.java:241)
	at junit.framework.TestSuite.run(TestSuite.java:236)
	at org.junit.internal.runners.JUnit38ClassRunner.run(JUnit38ClassRunner.java:90)
	at org.eclipse.jdt.internal.junit4.runner.JUnit4TestReference.run(JUnit4TestReference.java:93)
	at org.eclipse.jdt.internal.junit.runner.TestExecution.run(TestExecution.java:40)
	at org.eclipse.jdt.internal.junit.runner.RemoteTestRunner.runTests(RemoteTestRunner.java:529)
	at org.eclipse.jdt.internal.junit.runner.RemoteTestRunner.runTests(RemoteTestRunner.java:756)
	at org.eclipse.jdt.internal.junit.runner.RemoteTestRunner.run(RemoteTestRunner.java:452)
	at org.eclipse.jdt.internal.junit.runner.RemoteTestRunner.main(RemoteTestRunner.java:210)

!ENTRY org.eclipse.osgi 4 0 2022-09-18 10:46:10.686
!MESSAGE Unable to make field private static volatile java.net.ContentHandlerFactory java.net.URLConnection.factory accessible: module java.base does not "opens java.net" to unnamed module @6d00a15d
!STACK 0
java.lang.reflect.InaccessibleObjectException: Unable to make field private static volatile java.net.ContentHandlerFactory java.net.URLConnection.factory accessible: module java.base does not "opens java.net" to unnamed module @6d00a15d
	at java.base/java.lang.reflect.AccessibleObject.checkCanSetAccessible(AccessibleObject.java:354)
	at java.base/java.lang.reflect.AccessibleObject.checkCanSetAccessible(AccessibleObject.java:297)
	at java.base/java.lang.reflect.Field.checkCanSetAccessible(Field.java:178)
	at java.base/java.lang.reflect.Field.setAccessible(Field.java:172)
	at org.eclipse.osgi.internal.url.MultiplexingFactory.setAccessible(MultiplexingFactory.java:254)
	at org.eclipse.osgi.internal.url.EquinoxFactoryManager.getField(EquinoxFactoryManager.java:247)
	at org.eclipse.osgi.internal.url.EquinoxFactoryManager.forceContentHandlerFactory(EquinoxFactoryManager.java:132)
	at org.eclipse.osgi.internal.url.EquinoxFactoryManager.installContentHandlerFactory(EquinoxFactoryManager.java:120)
	at org.eclipse.osgi.internal.url.EquinoxFactoryManager.installHandlerFactories(EquinoxFactoryManager.java:39)
	at org.eclipse.osgi.internal.framework.SystemBundleActivator.start(SystemBundleActivator.java:71)
	at org.eclipse.osgi.internal.framework.BundleContextImpl$3.run(BundleContextImpl.java:842)
	at org.eclipse.osgi.internal.framework.BundleContextImpl$3.run(BundleContextImpl.java:1)
	at java.base/java.security.AccessController.doPrivileged(AccessController.java:569)
	at org.eclipse.osgi.internal.framework.BundleContextImpl.startActivator(BundleContextImpl.java:834)
	at org.eclipse.osgi.internal.framework.BundleContextImpl.start(BundleContextImpl.java:791)
	at org.eclipse.osgi.internal.framework.EquinoxBundle.startWorker0(EquinoxBundle.java:1015)
	at org.eclipse.osgi.internal.framework.EquinoxBundle$SystemBundle$EquinoxSystemModule.initWorker(EquinoxBundle.java:197)
	at org.eclipse.osgi.container.SystemModule.init(SystemModule.java:99)
	at org.eclipse.osgi.internal.framework.EquinoxBundle$SystemBundle.init(EquinoxBundle.java:280)
	at org.eclipse.osgi.internal.framework.EquinoxBundle$SystemBundle.init(EquinoxBundle.java:264)
	at org.eclipse.osgi.launch.Equinox.init(Equinox.java:185)
	at org.eclipse.core.runtime.adaptor.EclipseStarter.startup(EclipseStarter.java:316)
	at org.eclipse.core.runtime.adaptor.EclipseStarter.run(EclipseStarter.java:251)
	at padl.creator.cppfile.eclipse.misc.EclipseCPPParserCaller.createCodeLevelModelUsingOSGiEmbedded(EclipseCPPParserCaller.java:126)
	at padl.creator.cppfile.eclipse.CPPCreator.create(CPPCreator.java:28)
	at padl.kernel.impl.CodeLevelModel.create(CodeLevelModel.java:41)
	at padl.generator.helper.ModelGenerator.generateModelFromCppFilesUsingEclipse(ModelGenerator.java:286)
	at padl.generator.helper.ModelGenerator.generateModelFromCppFilesUsingEclipse(ModelGenerator.java:298)
	at padl.creator.cppfile.eclipse.test.simple.FieldAccessTest.setUp(FieldAccessTest.java:30)
	at junit.framework.TestCase.runBare(TestCase.java:140)
	at junit.framework.TestResult$1.protect(TestResult.java:122)
	at junit.framework.TestResult.runProtected(TestResult.java:142)
	at junit.framework.TestResult.run(TestResult.java:125)
	at junit.framework.TestCase.run(TestCase.java:130)
	at junit.framework.TestSuite.runTest(TestSuite.java:241)
	at junit.framework.TestSuite.run(TestSuite.java:236)
	at junit.framework.TestSuite.runTest(TestSuite.java:241)
	at junit.framework.TestSuite.run(TestSuite.java:236)
	at org.junit.internal.runners.JUnit38ClassRunner.run(JUnit38ClassRunner.java:90)
	at org.eclipse.jdt.internal.junit4.runner.JUnit4TestReference.run(JUnit4TestReference.java:93)
	at org.eclipse.jdt.internal.junit.runner.TestExecution.run(TestExecution.java:40)
	at org.eclipse.jdt.internal.junit.runner.RemoteTestRunner.runTests(RemoteTestRunner.java:529)
	at org.eclipse.jdt.internal.junit.runner.RemoteTestRunner.runTests(RemoteTestRunner.java:756)
	at org.eclipse.jdt.internal.junit.runner.RemoteTestRunner.run(RemoteTestRunner.java:452)
	at org.eclipse.jdt.internal.junit.runner.RemoteTestRunner.main(RemoteTestRunner.java:210)

!ENTRY org.eclipse.osgi 4 0 2022-09-18 10:46:10.700
!MESSAGE Bundle reference:file:D:/Software/Ptidej Workspaces/v5.3/plugins/PADL_Creator_Cpp_Eclipse_1.5.0.jar not found.

!ENTRY PADL_Creator_Cpp_Eclipse 2 0 2022-09-18 10:46:10.991
!MESSAGE Could not resolve module: PADL_Creator_Cpp_Eclipse [32]
  Unresolved requirement: Require-Bundle: CPL; bundle-version="1.5.0"


!ENTRY org.eclipse.osgi 4 0 2022-09-18 10:46:10.992
!MESSAGE Application error
!STACK 1
java.lang.RuntimeException: Application "PADL_Creator_Cpp_Eclipse.Launcher" could not be found in the registry. The applications available are: org.eclipse.cdt.managedbuilder.core.headlessbuild, org.eclipse.jdt.core.JavaCodeFormatter, org.eclipse.jdt.core.JavaIndexer, org.eclipse.e4.ui.workbench.swt.E4Application, org.eclipse.e4.ui.workbench.swt.GenTopic, org.eclipse.ant.core.antRunner, org.eclipse.cdt.core.GeneratePDOM, org.eclipse.equinox.app.error.
	at org.eclipse.equinox.internal.app.EclipseAppContainer.startDefaultApp(EclipseAppContainer.java:248)
	at org.eclipse.equinox.internal.app.MainApplicationLauncher.run(MainApplicationLauncher.java:29)
	at org.eclipse.core.runtime.internal.adaptor.EclipseAppLauncher.runApplication(EclipseAppLauncher.java:137)
	at org.eclipse.core.runtime.internal.adaptor.EclipseAppLauncher.start(EclipseAppLauncher.java:107)
	at org.eclipse.core.runtime.adaptor.EclipseStarter.run(EclipseStarter.java:401)
	at org.eclipse.core.runtime.adaptor.EclipseStarter.run(EclipseStarter.java:255)
	at padl.creator.cppfile.eclipse.misc.EclipseCPPParserCaller.createCodeLevelModelUsingOSGiEmbedded(EclipseCPPParserCaller.java:126)
	at padl.creator.cppfile.eclipse.CPPCreator.create(CPPCreator.java:28)
	at padl.kernel.impl.CodeLevelModel.create(CodeLevelModel.java:41)
	at padl.generator.helper.ModelGenerator.generateModelFromCppFilesUsingEclipse(ModelGenerator.java:286)
	at padl.generator.helper.ModelGenerator.generateModelFromCppFilesUsingEclipse(ModelGenerator.java:298)
	at padl.creator.cppfile.eclipse.test.simple.FieldAccessTest.setUp(FieldAccessTest.java:30)
	at junit.framework.TestCase.runBare(TestCase.java:140)
	at junit.framework.TestResult$1.protect(TestResult.java:122)
	at junit.framework.TestResult.runProtected(TestResult.java:142)
	at junit.framework.TestResult.run(TestResult.java:125)
	at junit.framework.TestCase.run(TestCase.java:130)
	at junit.framework.TestSuite.runTest(TestSuite.java:241)
	at junit.framework.TestSuite.run(TestSuite.java:236)
	at junit.framework.TestSuite.runTest(TestSuite.java:241)
	at junit.framework.TestSuite.run(TestSuite.java:236)
	at org.junit.internal.runners.JUnit38ClassRunner.run(JUnit38ClassRunner.java:90)
	at org.eclipse.jdt.internal.junit4.runner.JUnit4TestReference.run(JUnit4TestReference.java:93)
	at org.eclipse.jdt.internal.junit.runner.TestExecution.run(TestExecution.java:40)
	at org.eclipse.jdt.internal.junit.runner.RemoteTestRunner.runTests(RemoteTestRunner.java:529)
	at org.eclipse.jdt.internal.junit.runner.RemoteTestRunner.runTests(RemoteTestRunner.java:756)
	at org.eclipse.jdt.internal.junit.runner.RemoteTestRunner.run(RemoteTestRunner.java:452)
	at org.eclipse.jdt.internal.junit.runner.RemoteTestRunner.main(RemoteTestRunner.java:210)
!SESSION 2022-09-18 10:46:11.182 -----------------------------------------------
eclipse.buildId=unknown
java.version=17.0.3.1
java.vendor=Oracle Corporation
BootLoader constants: OS=win32, ARCH=x86_64, WS=win32, NL=en_CA

!ENTRY org.eclipse.osgi 2 0 2022-09-18 10:46:11.182
!MESSAGE The property 'osgi.configuration.area' with the value 'file:D:/Software/Ptidej Workspaces/v5.3/PADL Creator C++ (Eclipse) Helper/Configuration Area/' is being overriden by the OSGi standard configuration property 'org.osgi.framework.storage' with the value 'D:\Software\Ptidej Workspaces\v5.3\PADL Creator C++ (Eclipse) Helper\Configuration Area'.
!STACK 0
java.lang.IllegalArgumentException: The property 'osgi.configuration.area' with the value 'file:D:/Software/Ptidej Workspaces/v5.3/PADL Creator C++ (Eclipse) Helper/Configuration Area/' is being overriden by the OSGi standard configuration property 'org.osgi.framework.storage' with the value 'D:\Software\Ptidej Workspaces\v5.3\PADL Creator C++ (Eclipse) Helper\Configuration Area'.
	at org.eclipse.osgi.internal.location.EquinoxLocations.<init>(EquinoxLocations.java:87)
	at org.eclipse.osgi.internal.framework.EquinoxConfiguration.<init>(EquinoxConfiguration.java:547)
	at org.eclipse.osgi.internal.framework.EquinoxContainer.<init>(EquinoxContainer.java:89)
	at org.eclipse.osgi.launch.Equinox.<init>(Equinox.java:34)
	at org.eclipse.core.runtime.adaptor.EclipseStarter.startup(EclipseStarter.java:315)
	at org.eclipse.core.runtime.adaptor.EclipseStarter.run(EclipseStarter.java:251)
	at padl.creator.cppfile.eclipse.misc.EclipseCPPParserCaller.createCodeLevelModelUsingOSGiEmbedded(EclipseCPPParserCaller.java:126)
	at padl.creator.cppfile.eclipse.misc.EclipseCPPParserCaller.getCodeLevelModelUsingOSGiEmbedded(EclipseCPPParserCaller.java:337)
	at padl.creator.cppfile.eclipse.test.simple.SimpleTest.test1OSGiEmbedded(SimpleTest.java:25)
	at java.base/jdk.internal.reflect.NativeMethodAccessorImpl.invoke0(Native Method)
	at java.base/jdk.internal.reflect.NativeMethodAccessorImpl.invoke(NativeMethodAccessorImpl.java:77)
	at java.base/jdk.internal.reflect.DelegatingMethodAccessorImpl.invoke(DelegatingMethodAccessorImpl.java:43)
	at java.base/java.lang.reflect.Method.invoke(Method.java:568)
	at junit.framework.TestCase.runTest(TestCase.java:177)
	at junit.framework.TestCase.runBare(TestCase.java:142)
	at junit.framework.TestResult$1.protect(TestResult.java:122)
	at junit.framework.TestResult.runProtected(TestResult.java:142)
	at junit.framework.TestResult.run(TestResult.java:125)
	at junit.framework.TestCase.run(TestCase.java:130)
	at junit.framework.TestSuite.runTest(TestSuite.java:241)
	at junit.framework.TestSuite.run(TestSuite.java:236)
	at junit.framework.TestSuite.runTest(TestSuite.java:241)
	at junit.framework.TestSuite.run(TestSuite.java:236)
	at org.junit.internal.runners.JUnit38ClassRunner.run(JUnit38ClassRunner.java:90)
	at org.eclipse.jdt.internal.junit4.runner.JUnit4TestReference.run(JUnit4TestReference.java:93)
	at org.eclipse.jdt.internal.junit.runner.TestExecution.run(TestExecution.java:40)
	at org.eclipse.jdt.internal.junit.runner.RemoteTestRunner.runTests(RemoteTestRunner.java:529)
	at org.eclipse.jdt.internal.junit.runner.RemoteTestRunner.runTests(RemoteTestRunner.java:756)
	at org.eclipse.jdt.internal.junit.runner.RemoteTestRunner.run(RemoteTestRunner.java:452)
	at org.eclipse.jdt.internal.junit.runner.RemoteTestRunner.main(RemoteTestRunner.java:210)

!ENTRY org.eclipse.osgi 4 0 2022-09-18 10:46:11.232
!MESSAGE Cannot support framework extension bundles without a public addURL(URL) or appendToClassPathForInstrumentation(String) method on the framework class loader: org.eclipse.equinox.weaving.hook_1.0.200.v20120524-1707 [60]
!STACK 0
org.osgi.framework.BundleException: Cannot support framework extension bundles without a public addURL(URL) or appendToClassPathForInstrumentation(String) method on the framework class loader: org.eclipse.equinox.weaving.hook_1.0.200.v20120524-1707 [60]
	at org.eclipse.osgi.storage.FrameworkExtensionInstaller.addExtensionContent0(FrameworkExtensionInstaller.java:141)
	at org.eclipse.osgi.storage.FrameworkExtensionInstaller.addExtensionContent(FrameworkExtensionInstaller.java:115)
	at org.eclipse.osgi.storage.Storage.installExtensions(Storage.java:315)
	at org.eclipse.osgi.storage.Storage.createStorage(Storage.java:181)
	at org.eclipse.osgi.internal.framework.EquinoxContainer.<init>(EquinoxContainer.java:94)
	at org.eclipse.osgi.launch.Equinox.<init>(Equinox.java:34)
	at org.eclipse.core.runtime.adaptor.EclipseStarter.startup(EclipseStarter.java:315)
	at org.eclipse.core.runtime.adaptor.EclipseStarter.run(EclipseStarter.java:251)
	at padl.creator.cppfile.eclipse.misc.EclipseCPPParserCaller.createCodeLevelModelUsingOSGiEmbedded(EclipseCPPParserCaller.java:126)
	at padl.creator.cppfile.eclipse.misc.EclipseCPPParserCaller.getCodeLevelModelUsingOSGiEmbedded(EclipseCPPParserCaller.java:337)
	at padl.creator.cppfile.eclipse.test.simple.SimpleTest.test1OSGiEmbedded(SimpleTest.java:25)
	at java.base/jdk.internal.reflect.NativeMethodAccessorImpl.invoke0(Native Method)
	at java.base/jdk.internal.reflect.NativeMethodAccessorImpl.invoke(NativeMethodAccessorImpl.java:77)
	at java.base/jdk.internal.reflect.DelegatingMethodAccessorImpl.invoke(DelegatingMethodAccessorImpl.java:43)
	at java.base/java.lang.reflect.Method.invoke(Method.java:568)
	at junit.framework.TestCase.runTest(TestCase.java:177)
	at junit.framework.TestCase.runBare(TestCase.java:142)
	at junit.framework.TestResult$1.protect(TestResult.java:122)
	at junit.framework.TestResult.runProtected(TestResult.java:142)
	at junit.framework.TestResult.run(TestResult.java:125)
	at junit.framework.TestCase.run(TestCase.java:130)
	at junit.framework.TestSuite.runTest(TestSuite.java:241)
	at junit.framework.TestSuite.run(TestSuite.java:236)
	at junit.framework.TestSuite.runTest(TestSuite.java:241)
	at junit.framework.TestSuite.run(TestSuite.java:236)
	at org.junit.internal.runners.JUnit38ClassRunner.run(JUnit38ClassRunner.java:90)
	at org.eclipse.jdt.internal.junit4.runner.JUnit4TestReference.run(JUnit4TestReference.java:93)
	at org.eclipse.jdt.internal.junit.runner.TestExecution.run(TestExecution.java:40)
	at org.eclipse.jdt.internal.junit.runner.RemoteTestRunner.runTests(RemoteTestRunner.java:529)
	at org.eclipse.jdt.internal.junit.runner.RemoteTestRunner.runTests(RemoteTestRunner.java:756)
	at org.eclipse.jdt.internal.junit.runner.RemoteTestRunner.run(RemoteTestRunner.java:452)
	at org.eclipse.jdt.internal.junit.runner.RemoteTestRunner.main(RemoteTestRunner.java:210)

!ENTRY org.eclipse.osgi 4 0 2022-09-18 10:46:11.237
!MESSAGE Unable to make field private static volatile java.net.URLStreamHandlerFactory java.net.URL.factory accessible: module java.base does not "opens java.net" to unnamed module @6d00a15d
!STACK 0
java.lang.reflect.InaccessibleObjectException: Unable to make field private static volatile java.net.URLStreamHandlerFactory java.net.URL.factory accessible: module java.base does not "opens java.net" to unnamed module @6d00a15d
	at java.base/java.lang.reflect.AccessibleObject.checkCanSetAccessible(AccessibleObject.java:354)
	at java.base/java.lang.reflect.AccessibleObject.checkCanSetAccessible(AccessibleObject.java:297)
	at java.base/java.lang.reflect.Field.checkCanSetAccessible(Field.java:178)
	at java.base/java.lang.reflect.Field.setAccessible(Field.java:172)
	at org.eclipse.osgi.internal.url.MultiplexingFactory.setAccessible(MultiplexingFactory.java:254)
	at org.eclipse.osgi.internal.url.EquinoxFactoryManager.getField(EquinoxFactoryManager.java:247)
	at org.eclipse.osgi.internal.url.EquinoxFactoryManager.forceURLStreamHandlerFactory(EquinoxFactoryManager.java:61)
	at org.eclipse.osgi.internal.url.EquinoxFactoryManager.installURLStreamHandlerFactory(EquinoxFactoryManager.java:50)
	at org.eclipse.osgi.internal.url.EquinoxFactoryManager.installHandlerFactories(EquinoxFactoryManager.java:38)
	at org.eclipse.osgi.internal.framework.SystemBundleActivator.start(SystemBundleActivator.java:71)
	at org.eclipse.osgi.internal.framework.BundleContextImpl$3.run(BundleContextImpl.java:842)
	at org.eclipse.osgi.internal.framework.BundleContextImpl$3.run(BundleContextImpl.java:1)
	at java.base/java.security.AccessController.doPrivileged(AccessController.java:569)
	at org.eclipse.osgi.internal.framework.BundleContextImpl.startActivator(BundleContextImpl.java:834)
	at org.eclipse.osgi.internal.framework.BundleContextImpl.start(BundleContextImpl.java:791)
	at org.eclipse.osgi.internal.framework.EquinoxBundle.startWorker0(EquinoxBundle.java:1015)
	at org.eclipse.osgi.internal.framework.EquinoxBundle$SystemBundle$EquinoxSystemModule.initWorker(EquinoxBundle.java:197)
	at org.eclipse.osgi.container.SystemModule.init(SystemModule.java:99)
	at org.eclipse.osgi.internal.framework.EquinoxBundle$SystemBundle.init(EquinoxBundle.java:280)
	at org.eclipse.osgi.internal.framework.EquinoxBundle$SystemBundle.init(EquinoxBundle.java:264)
	at org.eclipse.osgi.launch.Equinox.init(Equinox.java:185)
	at org.eclipse.core.runtime.adaptor.EclipseStarter.startup(EclipseStarter.java:316)
	at org.eclipse.core.runtime.adaptor.EclipseStarter.run(EclipseStarter.java:251)
	at padl.creator.cppfile.eclipse.misc.EclipseCPPParserCaller.createCodeLevelModelUsingOSGiEmbedded(EclipseCPPParserCaller.java:126)
	at padl.creator.cppfile.eclipse.misc.EclipseCPPParserCaller.getCodeLevelModelUsingOSGiEmbedded(EclipseCPPParserCaller.java:337)
	at padl.creator.cppfile.eclipse.test.simple.SimpleTest.test1OSGiEmbedded(SimpleTest.java:25)
	at java.base/jdk.internal.reflect.NativeMethodAccessorImpl.invoke0(Native Method)
	at java.base/jdk.internal.reflect.NativeMethodAccessorImpl.invoke(NativeMethodAccessorImpl.java:77)
	at java.base/jdk.internal.reflect.DelegatingMethodAccessorImpl.invoke(DelegatingMethodAccessorImpl.java:43)
	at java.base/java.lang.reflect.Method.invoke(Method.java:568)
	at junit.framework.TestCase.runTest(TestCase.java:177)
	at junit.framework.TestCase.runBare(TestCase.java:142)
	at junit.framework.TestResult$1.protect(TestResult.java:122)
	at junit.framework.TestResult.runProtected(TestResult.java:142)
	at junit.framework.TestResult.run(TestResult.java:125)
	at junit.framework.TestCase.run(TestCase.java:130)
	at junit.framework.TestSuite.runTest(TestSuite.java:241)
	at junit.framework.TestSuite.run(TestSuite.java:236)
	at junit.framework.TestSuite.runTest(TestSuite.java:241)
	at junit.framework.TestSuite.run(TestSuite.java:236)
	at org.junit.internal.runners.JUnit38ClassRunner.run(JUnit38ClassRunner.java:90)
	at org.eclipse.jdt.internal.junit4.runner.JUnit4TestReference.run(JUnit4TestReference.java:93)
	at org.eclipse.jdt.internal.junit.runner.TestExecution.run(TestExecution.java:40)
	at org.eclipse.jdt.internal.junit.runner.RemoteTestRunner.runTests(RemoteTestRunner.java:529)
	at org.eclipse.jdt.internal.junit.runner.RemoteTestRunner.runTests(RemoteTestRunner.java:756)
	at org.eclipse.jdt.internal.junit.runner.RemoteTestRunner.run(RemoteTestRunner.java:452)
	at org.eclipse.jdt.internal.junit.runner.RemoteTestRunner.main(RemoteTestRunner.java:210)

!ENTRY org.eclipse.osgi 4 0 2022-09-18 10:46:11.238
!MESSAGE Unable to make field private static volatile java.net.ContentHandlerFactory java.net.URLConnection.factory accessible: module java.base does not "opens java.net" to unnamed module @6d00a15d
!STACK 0
java.lang.reflect.InaccessibleObjectException: Unable to make field private static volatile java.net.ContentHandlerFactory java.net.URLConnection.factory accessible: module java.base does not "opens java.net" to unnamed module @6d00a15d
	at java.base/java.lang.reflect.AccessibleObject.checkCanSetAccessible(AccessibleObject.java:354)
	at java.base/java.lang.reflect.AccessibleObject.checkCanSetAccessible(AccessibleObject.java:297)
	at java.base/java.lang.reflect.Field.checkCanSetAccessible(Field.java:178)
	at java.base/java.lang.reflect.Field.setAccessible(Field.java:172)
	at org.eclipse.osgi.internal.url.MultiplexingFactory.setAccessible(MultiplexingFactory.java:254)
	at org.eclipse.osgi.internal.url.EquinoxFactoryManager.getField(EquinoxFactoryManager.java:247)
	at org.eclipse.osgi.internal.url.EquinoxFactoryManager.forceContentHandlerFactory(EquinoxFactoryManager.java:132)
	at org.eclipse.osgi.internal.url.EquinoxFactoryManager.installContentHandlerFactory(EquinoxFactoryManager.java:120)
	at org.eclipse.osgi.internal.url.EquinoxFactoryManager.installHandlerFactories(EquinoxFactoryManager.java:39)
	at org.eclipse.osgi.internal.framework.SystemBundleActivator.start(SystemBundleActivator.java:71)
	at org.eclipse.osgi.internal.framework.BundleContextImpl$3.run(BundleContextImpl.java:842)
	at org.eclipse.osgi.internal.framework.BundleContextImpl$3.run(BundleContextImpl.java:1)
	at java.base/java.security.AccessController.doPrivileged(AccessController.java:569)
	at org.eclipse.osgi.internal.framework.BundleContextImpl.startActivator(BundleContextImpl.java:834)
	at org.eclipse.osgi.internal.framework.BundleContextImpl.start(BundleContextImpl.java:791)
	at org.eclipse.osgi.internal.framework.EquinoxBundle.startWorker0(EquinoxBundle.java:1015)
	at org.eclipse.osgi.internal.framework.EquinoxBundle$SystemBundle$EquinoxSystemModule.initWorker(EquinoxBundle.java:197)
	at org.eclipse.osgi.container.SystemModule.init(SystemModule.java:99)
	at org.eclipse.osgi.internal.framework.EquinoxBundle$SystemBundle.init(EquinoxBundle.java:280)
	at org.eclipse.osgi.internal.framework.EquinoxBundle$SystemBundle.init(EquinoxBundle.java:264)
	at org.eclipse.osgi.launch.Equinox.init(Equinox.java:185)
	at org.eclipse.core.runtime.adaptor.EclipseStarter.startup(EclipseStarter.java:316)
	at org.eclipse.core.runtime.adaptor.EclipseStarter.run(EclipseStarter.java:251)
	at padl.creator.cppfile.eclipse.misc.EclipseCPPParserCaller.createCodeLevelModelUsingOSGiEmbedded(EclipseCPPParserCaller.java:126)
	at padl.creator.cppfile.eclipse.misc.EclipseCPPParserCaller.getCodeLevelModelUsingOSGiEmbedded(EclipseCPPParserCaller.java:337)
	at padl.creator.cppfile.eclipse.test.simple.SimpleTest.test1OSGiEmbedded(SimpleTest.java:25)
	at java.base/jdk.internal.reflect.NativeMethodAccessorImpl.invoke0(Native Method)
	at java.base/jdk.internal.reflect.NativeMethodAccessorImpl.invoke(NativeMethodAccessorImpl.java:77)
	at java.base/jdk.internal.reflect.DelegatingMethodAccessorImpl.invoke(DelegatingMethodAccessorImpl.java:43)
	at java.base/java.lang.reflect.Method.invoke(Method.java:568)
	at junit.framework.TestCase.runTest(TestCase.java:177)
	at junit.framework.TestCase.runBare(TestCase.java:142)
	at junit.framework.TestResult$1.protect(TestResult.java:122)
	at junit.framework.TestResult.runProtected(TestResult.java:142)
	at junit.framework.TestResult.run(TestResult.java:125)
	at junit.framework.TestCase.run(TestCase.java:130)
	at junit.framework.TestSuite.runTest(TestSuite.java:241)
	at junit.framework.TestSuite.run(TestSuite.java:236)
	at junit.framework.TestSuite.runTest(TestSuite.java:241)
	at junit.framework.TestSuite.run(TestSuite.java:236)
	at org.junit.internal.runners.JUnit38ClassRunner.run(JUnit38ClassRunner.java:90)
	at org.eclipse.jdt.internal.junit4.runner.JUnit4TestReference.run(JUnit4TestReference.java:93)
	at org.eclipse.jdt.internal.junit.runner.TestExecution.run(TestExecution.java:40)
	at org.eclipse.jdt.internal.junit.runner.RemoteTestRunner.runTests(RemoteTestRunner.java:529)
	at org.eclipse.jdt.internal.junit.runner.RemoteTestRunner.runTests(RemoteTestRunner.java:756)
	at org.eclipse.jdt.internal.junit.runner.RemoteTestRunner.run(RemoteTestRunner.java:452)
	at org.eclipse.jdt.internal.junit.runner.RemoteTestRunner.main(RemoteTestRunner.java:210)

!ENTRY org.eclipse.osgi 4 0 2022-09-18 10:46:11.248
!MESSAGE Bundle reference:file:D:/Software/Ptidej Workspaces/v5.3/plugins/PADL_Creator_Cpp_Eclipse_1.5.0.jar not found.

!ENTRY PADL_Creator_Cpp_Eclipse 2 0 2022-09-18 10:46:11.561
!MESSAGE Could not resolve module: PADL_Creator_Cpp_Eclipse [32]
  Unresolved requirement: Require-Bundle: CPL; bundle-version="1.5.0"


!ENTRY org.eclipse.osgi 4 0 2022-09-18 10:46:11.562
!MESSAGE Application error
!STACK 1
java.lang.RuntimeException: Application "PADL_Creator_Cpp_Eclipse.Launcher" could not be found in the registry. The applications available are: org.eclipse.cdt.managedbuilder.core.headlessbuild, org.eclipse.jdt.core.JavaCodeFormatter, org.eclipse.jdt.core.JavaIndexer, org.eclipse.e4.ui.workbench.swt.E4Application, org.eclipse.e4.ui.workbench.swt.GenTopic, org.eclipse.ant.core.antRunner, org.eclipse.cdt.core.GeneratePDOM, org.eclipse.equinox.app.error.
	at org.eclipse.equinox.internal.app.EclipseAppContainer.startDefaultApp(EclipseAppContainer.java:248)
	at org.eclipse.equinox.internal.app.MainApplicationLauncher.run(MainApplicationLauncher.java:29)
	at org.eclipse.core.runtime.internal.adaptor.EclipseAppLauncher.runApplication(EclipseAppLauncher.java:137)
	at org.eclipse.core.runtime.internal.adaptor.EclipseAppLauncher.start(EclipseAppLauncher.java:107)
	at org.eclipse.core.runtime.adaptor.EclipseStarter.run(EclipseStarter.java:401)
	at org.eclipse.core.runtime.adaptor.EclipseStarter.run(EclipseStarter.java:255)
	at padl.creator.cppfile.eclipse.misc.EclipseCPPParserCaller.createCodeLevelModelUsingOSGiEmbedded(EclipseCPPParserCaller.java:126)
	at padl.creator.cppfile.eclipse.misc.EclipseCPPParserCaller.getCodeLevelModelUsingOSGiEmbedded(EclipseCPPParserCaller.java:337)
	at padl.creator.cppfile.eclipse.test.simple.SimpleTest.test1OSGiEmbedded(SimpleTest.java:25)
	at java.base/jdk.internal.reflect.NativeMethodAccessorImpl.invoke0(Native Method)
	at java.base/jdk.internal.reflect.NativeMethodAccessorImpl.invoke(NativeMethodAccessorImpl.java:77)
	at java.base/jdk.internal.reflect.DelegatingMethodAccessorImpl.invoke(DelegatingMethodAccessorImpl.java:43)
	at java.base/java.lang.reflect.Method.invoke(Method.java:568)
	at junit.framework.TestCase.runTest(TestCase.java:177)
	at junit.framework.TestCase.runBare(TestCase.java:142)
	at junit.framework.TestResult$1.protect(TestResult.java:122)
	at junit.framework.TestResult.runProtected(TestResult.java:142)
	at junit.framework.TestResult.run(TestResult.java:125)
	at junit.framework.TestCase.run(TestCase.java:130)
	at junit.framework.TestSuite.runTest(TestSuite.java:241)
	at junit.framework.TestSuite.run(TestSuite.java:236)
	at junit.framework.TestSuite.runTest(TestSuite.java:241)
	at junit.framework.TestSuite.run(TestSuite.java:236)
	at org.junit.internal.runners.JUnit38ClassRunner.run(JUnit38ClassRunner.java:90)
	at org.eclipse.jdt.internal.junit4.runner.JUnit4TestReference.run(JUnit4TestReference.java:93)
	at org.eclipse.jdt.internal.junit.runner.TestExecution.run(TestExecution.java:40)
	at org.eclipse.jdt.internal.junit.runner.RemoteTestRunner.runTests(RemoteTestRunner.java:529)
	at org.eclipse.jdt.internal.junit.runner.RemoteTestRunner.runTests(RemoteTestRunner.java:756)
	at org.eclipse.jdt.internal.junit.runner.RemoteTestRunner.run(RemoteTestRunner.java:452)
	at org.eclipse.jdt.internal.junit.runner.RemoteTestRunner.main(RemoteTestRunner.java:210)
!SESSION 2022-09-18 10:46:11.747 -----------------------------------------------
eclipse.buildId=unknown
java.version=17.0.3.1
java.vendor=Oracle Corporation
BootLoader constants: OS=win32, ARCH=x86_64, WS=win32, NL=en_CA

!ENTRY org.eclipse.osgi 2 0 2022-09-18 10:46:11.747
!MESSAGE The property 'osgi.configuration.area' with the value 'file:D:/Software/Ptidej Workspaces/v5.3/PADL Creator C++ (Eclipse) Helper/Configuration Area/' is being overriden by the OSGi standard configuration property 'org.osgi.framework.storage' with the value 'D:\Software\Ptidej Workspaces\v5.3\PADL Creator C++ (Eclipse) Helper\Configuration Area'.
!STACK 0
java.lang.IllegalArgumentException: The property 'osgi.configuration.area' with the value 'file:D:/Software/Ptidej Workspaces/v5.3/PADL Creator C++ (Eclipse) Helper/Configuration Area/' is being overriden by the OSGi standard configuration property 'org.osgi.framework.storage' with the value 'D:\Software\Ptidej Workspaces\v5.3\PADL Creator C++ (Eclipse) Helper\Configuration Area'.
	at org.eclipse.osgi.internal.location.EquinoxLocations.<init>(EquinoxLocations.java:87)
	at org.eclipse.osgi.internal.framework.EquinoxConfiguration.<init>(EquinoxConfiguration.java:547)
	at org.eclipse.osgi.internal.framework.EquinoxContainer.<init>(EquinoxContainer.java:89)
	at org.eclipse.osgi.launch.Equinox.<init>(Equinox.java:34)
	at org.eclipse.core.runtime.adaptor.EclipseStarter.startup(EclipseStarter.java:315)
	at org.eclipse.core.runtime.adaptor.EclipseStarter.run(EclipseStarter.java:251)
	at padl.creator.cppfile.eclipse.misc.EclipseCPPParserCaller.createCodeLevelModelUsingOSGiEmbedded(EclipseCPPParserCaller.java:126)
	at padl.creator.cppfile.eclipse.CPPCreator.create(CPPCreator.java:28)
	at padl.kernel.impl.CodeLevelModel.create(CodeLevelModel.java:41)
	at padl.generator.helper.ModelGenerator.generateModelFromCppFilesUsingEclipse(ModelGenerator.java:286)
	at padl.generator.helper.ModelGenerator.generateModelFromCppFilesUsingEclipse(ModelGenerator.java:298)
	at padl.creator.cppfile.eclipse.test.simple.GetOrCreateTest.setUp(GetOrCreateTest.java:27)
	at junit.framework.TestCase.runBare(TestCase.java:140)
	at junit.framework.TestResult$1.protect(TestResult.java:122)
	at junit.framework.TestResult.runProtected(TestResult.java:142)
	at junit.framework.TestResult.run(TestResult.java:125)
	at junit.framework.TestCase.run(TestCase.java:130)
	at junit.framework.TestSuite.runTest(TestSuite.java:241)
	at junit.framework.TestSuite.run(TestSuite.java:236)
	at junit.framework.TestSuite.runTest(TestSuite.java:241)
	at junit.framework.TestSuite.run(TestSuite.java:236)
	at org.junit.internal.runners.JUnit38ClassRunner.run(JUnit38ClassRunner.java:90)
	at org.eclipse.jdt.internal.junit4.runner.JUnit4TestReference.run(JUnit4TestReference.java:93)
	at org.eclipse.jdt.internal.junit.runner.TestExecution.run(TestExecution.java:40)
	at org.eclipse.jdt.internal.junit.runner.RemoteTestRunner.runTests(RemoteTestRunner.java:529)
	at org.eclipse.jdt.internal.junit.runner.RemoteTestRunner.runTests(RemoteTestRunner.java:756)
	at org.eclipse.jdt.internal.junit.runner.RemoteTestRunner.run(RemoteTestRunner.java:452)
	at org.eclipse.jdt.internal.junit.runner.RemoteTestRunner.main(RemoteTestRunner.java:210)

!ENTRY org.eclipse.osgi 4 0 2022-09-18 10:46:11.776
!MESSAGE Cannot support framework extension bundles without a public addURL(URL) or appendToClassPathForInstrumentation(String) method on the framework class loader: org.eclipse.equinox.weaving.hook_1.0.200.v20120524-1707 [60]
!STACK 0
org.osgi.framework.BundleException: Cannot support framework extension bundles without a public addURL(URL) or appendToClassPathForInstrumentation(String) method on the framework class loader: org.eclipse.equinox.weaving.hook_1.0.200.v20120524-1707 [60]
	at org.eclipse.osgi.storage.FrameworkExtensionInstaller.addExtensionContent0(FrameworkExtensionInstaller.java:141)
	at org.eclipse.osgi.storage.FrameworkExtensionInstaller.addExtensionContent(FrameworkExtensionInstaller.java:115)
	at org.eclipse.osgi.storage.Storage.installExtensions(Storage.java:315)
	at org.eclipse.osgi.storage.Storage.createStorage(Storage.java:181)
	at org.eclipse.osgi.internal.framework.EquinoxContainer.<init>(EquinoxContainer.java:94)
	at org.eclipse.osgi.launch.Equinox.<init>(Equinox.java:34)
	at org.eclipse.core.runtime.adaptor.EclipseStarter.startup(EclipseStarter.java:315)
	at org.eclipse.core.runtime.adaptor.EclipseStarter.run(EclipseStarter.java:251)
	at padl.creator.cppfile.eclipse.misc.EclipseCPPParserCaller.createCodeLevelModelUsingOSGiEmbedded(EclipseCPPParserCaller.java:126)
	at padl.creator.cppfile.eclipse.CPPCreator.create(CPPCreator.java:28)
	at padl.kernel.impl.CodeLevelModel.create(CodeLevelModel.java:41)
	at padl.generator.helper.ModelGenerator.generateModelFromCppFilesUsingEclipse(ModelGenerator.java:286)
	at padl.generator.helper.ModelGenerator.generateModelFromCppFilesUsingEclipse(ModelGenerator.java:298)
	at padl.creator.cppfile.eclipse.test.simple.GetOrCreateTest.setUp(GetOrCreateTest.java:27)
	at junit.framework.TestCase.runBare(TestCase.java:140)
	at junit.framework.TestResult$1.protect(TestResult.java:122)
	at junit.framework.TestResult.runProtected(TestResult.java:142)
	at junit.framework.TestResult.run(TestResult.java:125)
	at junit.framework.TestCase.run(TestCase.java:130)
	at junit.framework.TestSuite.runTest(TestSuite.java:241)
	at junit.framework.TestSuite.run(TestSuite.java:236)
	at junit.framework.TestSuite.runTest(TestSuite.java:241)
	at junit.framework.TestSuite.run(TestSuite.java:236)
	at org.junit.internal.runners.JUnit38ClassRunner.run(JUnit38ClassRunner.java:90)
	at org.eclipse.jdt.internal.junit4.runner.JUnit4TestReference.run(JUnit4TestReference.java:93)
	at org.eclipse.jdt.internal.junit.runner.TestExecution.run(TestExecution.java:40)
	at org.eclipse.jdt.internal.junit.runner.RemoteTestRunner.runTests(RemoteTestRunner.java:529)
	at org.eclipse.jdt.internal.junit.runner.RemoteTestRunner.runTests(RemoteTestRunner.java:756)
	at org.eclipse.jdt.internal.junit.runner.RemoteTestRunner.run(RemoteTestRunner.java:452)
	at org.eclipse.jdt.internal.junit.runner.RemoteTestRunner.main(RemoteTestRunner.java:210)

!ENTRY org.eclipse.osgi 4 0 2022-09-18 10:46:11.778
!MESSAGE Unable to make field private static volatile java.net.URLStreamHandlerFactory java.net.URL.factory accessible: module java.base does not "opens java.net" to unnamed module @6d00a15d
!STACK 0
java.lang.reflect.InaccessibleObjectException: Unable to make field private static volatile java.net.URLStreamHandlerFactory java.net.URL.factory accessible: module java.base does not "opens java.net" to unnamed module @6d00a15d
	at java.base/java.lang.reflect.AccessibleObject.checkCanSetAccessible(AccessibleObject.java:354)
	at java.base/java.lang.reflect.AccessibleObject.checkCanSetAccessible(AccessibleObject.java:297)
	at java.base/java.lang.reflect.Field.checkCanSetAccessible(Field.java:178)
	at java.base/java.lang.reflect.Field.setAccessible(Field.java:172)
	at org.eclipse.osgi.internal.url.MultiplexingFactory.setAccessible(MultiplexingFactory.java:254)
	at org.eclipse.osgi.internal.url.EquinoxFactoryManager.getField(EquinoxFactoryManager.java:247)
	at org.eclipse.osgi.internal.url.EquinoxFactoryManager.forceURLStreamHandlerFactory(EquinoxFactoryManager.java:61)
	at org.eclipse.osgi.internal.url.EquinoxFactoryManager.installURLStreamHandlerFactory(EquinoxFactoryManager.java:50)
	at org.eclipse.osgi.internal.url.EquinoxFactoryManager.installHandlerFactories(EquinoxFactoryManager.java:38)
	at org.eclipse.osgi.internal.framework.SystemBundleActivator.start(SystemBundleActivator.java:71)
	at org.eclipse.osgi.internal.framework.BundleContextImpl$3.run(BundleContextImpl.java:842)
	at org.eclipse.osgi.internal.framework.BundleContextImpl$3.run(BundleContextImpl.java:1)
	at java.base/java.security.AccessController.doPrivileged(AccessController.java:569)
	at org.eclipse.osgi.internal.framework.BundleContextImpl.startActivator(BundleContextImpl.java:834)
	at org.eclipse.osgi.internal.framework.BundleContextImpl.start(BundleContextImpl.java:791)
	at org.eclipse.osgi.internal.framework.EquinoxBundle.startWorker0(EquinoxBundle.java:1015)
	at org.eclipse.osgi.internal.framework.EquinoxBundle$SystemBundle$EquinoxSystemModule.initWorker(EquinoxBundle.java:197)
	at org.eclipse.osgi.container.SystemModule.init(SystemModule.java:99)
	at org.eclipse.osgi.internal.framework.EquinoxBundle$SystemBundle.init(EquinoxBundle.java:280)
	at org.eclipse.osgi.internal.framework.EquinoxBundle$SystemBundle.init(EquinoxBundle.java:264)
	at org.eclipse.osgi.launch.Equinox.init(Equinox.java:185)
	at org.eclipse.core.runtime.adaptor.EclipseStarter.startup(EclipseStarter.java:316)
	at org.eclipse.core.runtime.adaptor.EclipseStarter.run(EclipseStarter.java:251)
	at padl.creator.cppfile.eclipse.misc.EclipseCPPParserCaller.createCodeLevelModelUsingOSGiEmbedded(EclipseCPPParserCaller.java:126)
	at padl.creator.cppfile.eclipse.CPPCreator.create(CPPCreator.java:28)
	at padl.kernel.impl.CodeLevelModel.create(CodeLevelModel.java:41)
	at padl.generator.helper.ModelGenerator.generateModelFromCppFilesUsingEclipse(ModelGenerator.java:286)
	at padl.generator.helper.ModelGenerator.generateModelFromCppFilesUsingEclipse(ModelGenerator.java:298)
	at padl.creator.cppfile.eclipse.test.simple.GetOrCreateTest.setUp(GetOrCreateTest.java:27)
	at junit.framework.TestCase.runBare(TestCase.java:140)
	at junit.framework.TestResult$1.protect(TestResult.java:122)
	at junit.framework.TestResult.runProtected(TestResult.java:142)
	at junit.framework.TestResult.run(TestResult.java:125)
	at junit.framework.TestCase.run(TestCase.java:130)
	at junit.framework.TestSuite.runTest(TestSuite.java:241)
	at junit.framework.TestSuite.run(TestSuite.java:236)
	at junit.framework.TestSuite.runTest(TestSuite.java:241)
	at junit.framework.TestSuite.run(TestSuite.java:236)
	at org.junit.internal.runners.JUnit38ClassRunner.run(JUnit38ClassRunner.java:90)
	at org.eclipse.jdt.internal.junit4.runner.JUnit4TestReference.run(JUnit4TestReference.java:93)
	at org.eclipse.jdt.internal.junit.runner.TestExecution.run(TestExecution.java:40)
	at org.eclipse.jdt.internal.junit.runner.RemoteTestRunner.runTests(RemoteTestRunner.java:529)
	at org.eclipse.jdt.internal.junit.runner.RemoteTestRunner.runTests(RemoteTestRunner.java:756)
	at org.eclipse.jdt.internal.junit.runner.RemoteTestRunner.run(RemoteTestRunner.java:452)
	at org.eclipse.jdt.internal.junit.runner.RemoteTestRunner.main(RemoteTestRunner.java:210)

!ENTRY org.eclipse.osgi 4 0 2022-09-18 10:46:11.779
!MESSAGE Unable to make field private static volatile java.net.ContentHandlerFactory java.net.URLConnection.factory accessible: module java.base does not "opens java.net" to unnamed module @6d00a15d
!STACK 0
java.lang.reflect.InaccessibleObjectException: Unable to make field private static volatile java.net.ContentHandlerFactory java.net.URLConnection.factory accessible: module java.base does not "opens java.net" to unnamed module @6d00a15d
	at java.base/java.lang.reflect.AccessibleObject.checkCanSetAccessible(AccessibleObject.java:354)
	at java.base/java.lang.reflect.AccessibleObject.checkCanSetAccessible(AccessibleObject.java:297)
	at java.base/java.lang.reflect.Field.checkCanSetAccessible(Field.java:178)
	at java.base/java.lang.reflect.Field.setAccessible(Field.java:172)
	at org.eclipse.osgi.internal.url.MultiplexingFactory.setAccessible(MultiplexingFactory.java:254)
	at org.eclipse.osgi.internal.url.EquinoxFactoryManager.getField(EquinoxFactoryManager.java:247)
	at org.eclipse.osgi.internal.url.EquinoxFactoryManager.forceContentHandlerFactory(EquinoxFactoryManager.java:132)
	at org.eclipse.osgi.internal.url.EquinoxFactoryManager.installContentHandlerFactory(EquinoxFactoryManager.java:120)
	at org.eclipse.osgi.internal.url.EquinoxFactoryManager.installHandlerFactories(EquinoxFactoryManager.java:39)
	at org.eclipse.osgi.internal.framework.SystemBundleActivator.start(SystemBundleActivator.java:71)
	at org.eclipse.osgi.internal.framework.BundleContextImpl$3.run(BundleContextImpl.java:842)
	at org.eclipse.osgi.internal.framework.BundleContextImpl$3.run(BundleContextImpl.java:1)
	at java.base/java.security.AccessController.doPrivileged(AccessController.java:569)
	at org.eclipse.osgi.internal.framework.BundleContextImpl.startActivator(BundleContextImpl.java:834)
	at org.eclipse.osgi.internal.framework.BundleContextImpl.start(BundleContextImpl.java:791)
	at org.eclipse.osgi.internal.framework.EquinoxBundle.startWorker0(EquinoxBundle.java:1015)
	at org.eclipse.osgi.internal.framework.EquinoxBundle$SystemBundle$EquinoxSystemModule.initWorker(EquinoxBundle.java:197)
	at org.eclipse.osgi.container.SystemModule.init(SystemModule.java:99)
	at org.eclipse.osgi.internal.framework.EquinoxBundle$SystemBundle.init(EquinoxBundle.java:280)
	at org.eclipse.osgi.internal.framework.EquinoxBundle$SystemBundle.init(EquinoxBundle.java:264)
	at org.eclipse.osgi.launch.Equinox.init(Equinox.java:185)
	at org.eclipse.core.runtime.adaptor.EclipseStarter.startup(EclipseStarter.java:316)
	at org.eclipse.core.runtime.adaptor.EclipseStarter.run(EclipseStarter.java:251)
	at padl.creator.cppfile.eclipse.misc.EclipseCPPParserCaller.createCodeLevelModelUsingOSGiEmbedded(EclipseCPPParserCaller.java:126)
	at padl.creator.cppfile.eclipse.CPPCreator.create(CPPCreator.java:28)
	at padl.kernel.impl.CodeLevelModel.create(CodeLevelModel.java:41)
	at padl.generator.helper.ModelGenerator.generateModelFromCppFilesUsingEclipse(ModelGenerator.java:286)
	at padl.generator.helper.ModelGenerator.generateModelFromCppFilesUsingEclipse(ModelGenerator.java:298)
	at padl.creator.cppfile.eclipse.test.simple.GetOrCreateTest.setUp(GetOrCreateTest.java:27)
	at junit.framework.TestCase.runBare(TestCase.java:140)
	at junit.framework.TestResult$1.protect(TestResult.java:122)
	at junit.framework.TestResult.runProtected(TestResult.java:142)
	at junit.framework.TestResult.run(TestResult.java:125)
	at junit.framework.TestCase.run(TestCase.java:130)
	at junit.framework.TestSuite.runTest(TestSuite.java:241)
	at junit.framework.TestSuite.run(TestSuite.java:236)
	at junit.framework.TestSuite.runTest(TestSuite.java:241)
	at junit.framework.TestSuite.run(TestSuite.java:236)
	at org.junit.internal.runners.JUnit38ClassRunner.run(JUnit38ClassRunner.java:90)
	at org.eclipse.jdt.internal.junit4.runner.JUnit4TestReference.run(JUnit4TestReference.java:93)
	at org.eclipse.jdt.internal.junit.runner.TestExecution.run(TestExecution.java:40)
	at org.eclipse.jdt.internal.junit.runner.RemoteTestRunner.runTests(RemoteTestRunner.java:529)
	at org.eclipse.jdt.internal.junit.runner.RemoteTestRunner.runTests(RemoteTestRunner.java:756)
	at org.eclipse.jdt.internal.junit.runner.RemoteTestRunner.run(RemoteTestRunner.java:452)
	at org.eclipse.jdt.internal.junit.runner.RemoteTestRunner.main(RemoteTestRunner.java:210)

!ENTRY org.eclipse.osgi 4 0 2022-09-18 10:46:11.787
!MESSAGE Bundle reference:file:D:/Software/Ptidej Workspaces/v5.3/plugins/PADL_Creator_Cpp_Eclipse_1.5.0.jar not found.

!ENTRY PADL_Creator_Cpp_Eclipse 2 0 2022-09-18 10:46:12.039
!MESSAGE Could not resolve module: PADL_Creator_Cpp_Eclipse [32]
  Unresolved requirement: Require-Bundle: CPL; bundle-version="1.5.0"


!ENTRY org.eclipse.osgi 4 0 2022-09-18 10:46:12.040
!MESSAGE Application error
!STACK 1
java.lang.RuntimeException: Application "PADL_Creator_Cpp_Eclipse.Launcher" could not be found in the registry. The applications available are: org.eclipse.cdt.managedbuilder.core.headlessbuild, org.eclipse.jdt.core.JavaCodeFormatter, org.eclipse.jdt.core.JavaIndexer, org.eclipse.e4.ui.workbench.swt.E4Application, org.eclipse.e4.ui.workbench.swt.GenTopic, org.eclipse.ant.core.antRunner, org.eclipse.cdt.core.GeneratePDOM, org.eclipse.equinox.app.error.
	at org.eclipse.equinox.internal.app.EclipseAppContainer.startDefaultApp(EclipseAppContainer.java:248)
	at org.eclipse.equinox.internal.app.MainApplicationLauncher.run(MainApplicationLauncher.java:29)
	at org.eclipse.core.runtime.internal.adaptor.EclipseAppLauncher.runApplication(EclipseAppLauncher.java:137)
	at org.eclipse.core.runtime.internal.adaptor.EclipseAppLauncher.start(EclipseAppLauncher.java:107)
	at org.eclipse.core.runtime.adaptor.EclipseStarter.run(EclipseStarter.java:401)
	at org.eclipse.core.runtime.adaptor.EclipseStarter.run(EclipseStarter.java:255)
	at padl.creator.cppfile.eclipse.misc.EclipseCPPParserCaller.createCodeLevelModelUsingOSGiEmbedded(EclipseCPPParserCaller.java:126)
	at padl.creator.cppfile.eclipse.CPPCreator.create(CPPCreator.java:28)
	at padl.kernel.impl.CodeLevelModel.create(CodeLevelModel.java:41)
	at padl.generator.helper.ModelGenerator.generateModelFromCppFilesUsingEclipse(ModelGenerator.java:286)
	at padl.generator.helper.ModelGenerator.generateModelFromCppFilesUsingEclipse(ModelGenerator.java:298)
	at padl.creator.cppfile.eclipse.test.simple.GetOrCreateTest.setUp(GetOrCreateTest.java:27)
	at junit.framework.TestCase.runBare(TestCase.java:140)
	at junit.framework.TestResult$1.protect(TestResult.java:122)
	at junit.framework.TestResult.runProtected(TestResult.java:142)
	at junit.framework.TestResult.run(TestResult.java:125)
	at junit.framework.TestCase.run(TestCase.java:130)
	at junit.framework.TestSuite.runTest(TestSuite.java:241)
	at junit.framework.TestSuite.run(TestSuite.java:236)
	at junit.framework.TestSuite.runTest(TestSuite.java:241)
	at junit.framework.TestSuite.run(TestSuite.java:236)
	at org.junit.internal.runners.JUnit38ClassRunner.run(JUnit38ClassRunner.java:90)
	at org.eclipse.jdt.internal.junit4.runner.JUnit4TestReference.run(JUnit4TestReference.java:93)
	at org.eclipse.jdt.internal.junit.runner.TestExecution.run(TestExecution.java:40)
	at org.eclipse.jdt.internal.junit.runner.RemoteTestRunner.runTests(RemoteTestRunner.java:529)
	at org.eclipse.jdt.internal.junit.runner.RemoteTestRunner.runTests(RemoteTestRunner.java:756)
	at org.eclipse.jdt.internal.junit.runner.RemoteTestRunner.run(RemoteTestRunner.java:452)
	at org.eclipse.jdt.internal.junit.runner.RemoteTestRunner.main(RemoteTestRunner.java:210)
!SESSION 2022-09-18 10:46:12.191 -----------------------------------------------
eclipse.buildId=unknown
java.version=17.0.3.1
java.vendor=Oracle Corporation
BootLoader constants: OS=win32, ARCH=x86_64, WS=win32, NL=en_CA

!ENTRY org.eclipse.osgi 2 0 2022-09-18 10:46:12.191
!MESSAGE The property 'osgi.configuration.area' with the value 'file:D:/Software/Ptidej Workspaces/v5.3/PADL Creator C++ (Eclipse) Helper/Configuration Area/' is being overriden by the OSGi standard configuration property 'org.osgi.framework.storage' with the value 'D:\Software\Ptidej Workspaces\v5.3\PADL Creator C++ (Eclipse) Helper\Configuration Area'.
!STACK 0
java.lang.IllegalArgumentException: The property 'osgi.configuration.area' with the value 'file:D:/Software/Ptidej Workspaces/v5.3/PADL Creator C++ (Eclipse) Helper/Configuration Area/' is being overriden by the OSGi standard configuration property 'org.osgi.framework.storage' with the value 'D:\Software\Ptidej Workspaces\v5.3\PADL Creator C++ (Eclipse) Helper\Configuration Area'.
	at org.eclipse.osgi.internal.location.EquinoxLocations.<init>(EquinoxLocations.java:87)
	at org.eclipse.osgi.internal.framework.EquinoxConfiguration.<init>(EquinoxConfiguration.java:547)
	at org.eclipse.osgi.internal.framework.EquinoxContainer.<init>(EquinoxContainer.java:89)
	at org.eclipse.osgi.launch.Equinox.<init>(Equinox.java:34)
	at org.eclipse.core.runtime.adaptor.EclipseStarter.startup(EclipseStarter.java:315)
	at org.eclipse.core.runtime.adaptor.EclipseStarter.run(EclipseStarter.java:251)
	at padl.creator.cppfile.eclipse.misc.EclipseCPPParserCaller.createCodeLevelModelUsingOSGiEmbedded(EclipseCPPParserCaller.java:126)
	at padl.creator.cppfile.eclipse.misc.EclipseCPPParserCaller.getCodeLevelModelUsingOSGiEmbedded(EclipseCPPParserCaller.java:337)
	at padl.creator.cppfile.eclipse.test.simple.Simple2Test.test1(Simple2Test.java:24)
	at java.base/jdk.internal.reflect.NativeMethodAccessorImpl.invoke0(Native Method)
	at java.base/jdk.internal.reflect.NativeMethodAccessorImpl.invoke(NativeMethodAccessorImpl.java:77)
	at java.base/jdk.internal.reflect.DelegatingMethodAccessorImpl.invoke(DelegatingMethodAccessorImpl.java:43)
	at java.base/java.lang.reflect.Method.invoke(Method.java:568)
	at junit.framework.TestCase.runTest(TestCase.java:177)
	at junit.framework.TestCase.runBare(TestCase.java:142)
	at junit.framework.TestResult$1.protect(TestResult.java:122)
	at junit.framework.TestResult.runProtected(TestResult.java:142)
	at junit.framework.TestResult.run(TestResult.java:125)
	at junit.framework.TestCase.run(TestCase.java:130)
	at junit.framework.TestSuite.runTest(TestSuite.java:241)
	at junit.framework.TestSuite.run(TestSuite.java:236)
	at junit.framework.TestSuite.runTest(TestSuite.java:241)
	at junit.framework.TestSuite.run(TestSuite.java:236)
	at org.junit.internal.runners.JUnit38ClassRunner.run(JUnit38ClassRunner.java:90)
	at org.eclipse.jdt.internal.junit4.runner.JUnit4TestReference.run(JUnit4TestReference.java:93)
	at org.eclipse.jdt.internal.junit.runner.TestExecution.run(TestExecution.java:40)
	at org.eclipse.jdt.internal.junit.runner.RemoteTestRunner.runTests(RemoteTestRunner.java:529)
	at org.eclipse.jdt.internal.junit.runner.RemoteTestRunner.runTests(RemoteTestRunner.java:756)
	at org.eclipse.jdt.internal.junit.runner.RemoteTestRunner.run(RemoteTestRunner.java:452)
	at org.eclipse.jdt.internal.junit.runner.RemoteTestRunner.main(RemoteTestRunner.java:210)

!ENTRY org.eclipse.osgi 4 0 2022-09-18 10:46:12.221
!MESSAGE Cannot support framework extension bundles without a public addURL(URL) or appendToClassPathForInstrumentation(String) method on the framework class loader: org.eclipse.equinox.weaving.hook_1.0.200.v20120524-1707 [60]
!STACK 0
org.osgi.framework.BundleException: Cannot support framework extension bundles without a public addURL(URL) or appendToClassPathForInstrumentation(String) method on the framework class loader: org.eclipse.equinox.weaving.hook_1.0.200.v20120524-1707 [60]
	at org.eclipse.osgi.storage.FrameworkExtensionInstaller.addExtensionContent0(FrameworkExtensionInstaller.java:141)
	at org.eclipse.osgi.storage.FrameworkExtensionInstaller.addExtensionContent(FrameworkExtensionInstaller.java:115)
	at org.eclipse.osgi.storage.Storage.installExtensions(Storage.java:315)
	at org.eclipse.osgi.storage.Storage.createStorage(Storage.java:181)
	at org.eclipse.osgi.internal.framework.EquinoxContainer.<init>(EquinoxContainer.java:94)
	at org.eclipse.osgi.launch.Equinox.<init>(Equinox.java:34)
	at org.eclipse.core.runtime.adaptor.EclipseStarter.startup(EclipseStarter.java:315)
	at org.eclipse.core.runtime.adaptor.EclipseStarter.run(EclipseStarter.java:251)
	at padl.creator.cppfile.eclipse.misc.EclipseCPPParserCaller.createCodeLevelModelUsingOSGiEmbedded(EclipseCPPParserCaller.java:126)
	at padl.creator.cppfile.eclipse.misc.EclipseCPPParserCaller.getCodeLevelModelUsingOSGiEmbedded(EclipseCPPParserCaller.java:337)
	at padl.creator.cppfile.eclipse.test.simple.Simple2Test.test1(Simple2Test.java:24)
	at java.base/jdk.internal.reflect.NativeMethodAccessorImpl.invoke0(Native Method)
	at java.base/jdk.internal.reflect.NativeMethodAccessorImpl.invoke(NativeMethodAccessorImpl.java:77)
	at java.base/jdk.internal.reflect.DelegatingMethodAccessorImpl.invoke(DelegatingMethodAccessorImpl.java:43)
	at java.base/java.lang.reflect.Method.invoke(Method.java:568)
	at junit.framework.TestCase.runTest(TestCase.java:177)
	at junit.framework.TestCase.runBare(TestCase.java:142)
	at junit.framework.TestResult$1.protect(TestResult.java:122)
	at junit.framework.TestResult.runProtected(TestResult.java:142)
	at junit.framework.TestResult.run(TestResult.java:125)
	at junit.framework.TestCase.run(TestCase.java:130)
	at junit.framework.TestSuite.runTest(TestSuite.java:241)
	at junit.framework.TestSuite.run(TestSuite.java:236)
	at junit.framework.TestSuite.runTest(TestSuite.java:241)
	at junit.framework.TestSuite.run(TestSuite.java:236)
	at org.junit.internal.runners.JUnit38ClassRunner.run(JUnit38ClassRunner.java:90)
	at org.eclipse.jdt.internal.junit4.runner.JUnit4TestReference.run(JUnit4TestReference.java:93)
	at org.eclipse.jdt.internal.junit.runner.TestExecution.run(TestExecution.java:40)
	at org.eclipse.jdt.internal.junit.runner.RemoteTestRunner.runTests(RemoteTestRunner.java:529)
	at org.eclipse.jdt.internal.junit.runner.RemoteTestRunner.runTests(RemoteTestRunner.java:756)
	at org.eclipse.jdt.internal.junit.runner.RemoteTestRunner.run(RemoteTestRunner.java:452)
	at org.eclipse.jdt.internal.junit.runner.RemoteTestRunner.main(RemoteTestRunner.java:210)

!ENTRY org.eclipse.osgi 4 0 2022-09-18 10:46:12.223
!MESSAGE Unable to make field private static volatile java.net.URLStreamHandlerFactory java.net.URL.factory accessible: module java.base does not "opens java.net" to unnamed module @6d00a15d
!STACK 0
java.lang.reflect.InaccessibleObjectException: Unable to make field private static volatile java.net.URLStreamHandlerFactory java.net.URL.factory accessible: module java.base does not "opens java.net" to unnamed module @6d00a15d
	at java.base/java.lang.reflect.AccessibleObject.checkCanSetAccessible(AccessibleObject.java:354)
	at java.base/java.lang.reflect.AccessibleObject.checkCanSetAccessible(AccessibleObject.java:297)
	at java.base/java.lang.reflect.Field.checkCanSetAccessible(Field.java:178)
	at java.base/java.lang.reflect.Field.setAccessible(Field.java:172)
	at org.eclipse.osgi.internal.url.MultiplexingFactory.setAccessible(MultiplexingFactory.java:254)
	at org.eclipse.osgi.internal.url.EquinoxFactoryManager.getField(EquinoxFactoryManager.java:247)
	at org.eclipse.osgi.internal.url.EquinoxFactoryManager.forceURLStreamHandlerFactory(EquinoxFactoryManager.java:61)
	at org.eclipse.osgi.internal.url.EquinoxFactoryManager.installURLStreamHandlerFactory(EquinoxFactoryManager.java:50)
	at org.eclipse.osgi.internal.url.EquinoxFactoryManager.installHandlerFactories(EquinoxFactoryManager.java:38)
	at org.eclipse.osgi.internal.framework.SystemBundleActivator.start(SystemBundleActivator.java:71)
	at org.eclipse.osgi.internal.framework.BundleContextImpl$3.run(BundleContextImpl.java:842)
	at org.eclipse.osgi.internal.framework.BundleContextImpl$3.run(BundleContextImpl.java:1)
	at java.base/java.security.AccessController.doPrivileged(AccessController.java:569)
	at org.eclipse.osgi.internal.framework.BundleContextImpl.startActivator(BundleContextImpl.java:834)
	at org.eclipse.osgi.internal.framework.BundleContextImpl.start(BundleContextImpl.java:791)
	at org.eclipse.osgi.internal.framework.EquinoxBundle.startWorker0(EquinoxBundle.java:1015)
	at org.eclipse.osgi.internal.framework.EquinoxBundle$SystemBundle$EquinoxSystemModule.initWorker(EquinoxBundle.java:197)
	at org.eclipse.osgi.container.SystemModule.init(SystemModule.java:99)
	at org.eclipse.osgi.internal.framework.EquinoxBundle$SystemBundle.init(EquinoxBundle.java:280)
	at org.eclipse.osgi.internal.framework.EquinoxBundle$SystemBundle.init(EquinoxBundle.java:264)
	at org.eclipse.osgi.launch.Equinox.init(Equinox.java:185)
	at org.eclipse.core.runtime.adaptor.EclipseStarter.startup(EclipseStarter.java:316)
	at org.eclipse.core.runtime.adaptor.EclipseStarter.run(EclipseStarter.java:251)
	at padl.creator.cppfile.eclipse.misc.EclipseCPPParserCaller.createCodeLevelModelUsingOSGiEmbedded(EclipseCPPParserCaller.java:126)
	at padl.creator.cppfile.eclipse.misc.EclipseCPPParserCaller.getCodeLevelModelUsingOSGiEmbedded(EclipseCPPParserCaller.java:337)
	at padl.creator.cppfile.eclipse.test.simple.Simple2Test.test1(Simple2Test.java:24)
	at java.base/jdk.internal.reflect.NativeMethodAccessorImpl.invoke0(Native Method)
	at java.base/jdk.internal.reflect.NativeMethodAccessorImpl.invoke(NativeMethodAccessorImpl.java:77)
	at java.base/jdk.internal.reflect.DelegatingMethodAccessorImpl.invoke(DelegatingMethodAccessorImpl.java:43)
	at java.base/java.lang.reflect.Method.invoke(Method.java:568)
	at junit.framework.TestCase.runTest(TestCase.java:177)
	at junit.framework.TestCase.runBare(TestCase.java:142)
	at junit.framework.TestResult$1.protect(TestResult.java:122)
	at junit.framework.TestResult.runProtected(TestResult.java:142)
	at junit.framework.TestResult.run(TestResult.java:125)
	at junit.framework.TestCase.run(TestCase.java:130)
	at junit.framework.TestSuite.runTest(TestSuite.java:241)
	at junit.framework.TestSuite.run(TestSuite.java:236)
	at junit.framework.TestSuite.runTest(TestSuite.java:241)
	at junit.framework.TestSuite.run(TestSuite.java:236)
	at org.junit.internal.runners.JUnit38ClassRunner.run(JUnit38ClassRunner.java:90)
	at org.eclipse.jdt.internal.junit4.runner.JUnit4TestReference.run(JUnit4TestReference.java:93)
	at org.eclipse.jdt.internal.junit.runner.TestExecution.run(TestExecution.java:40)
	at org.eclipse.jdt.internal.junit.runner.RemoteTestRunner.runTests(RemoteTestRunner.java:529)
	at org.eclipse.jdt.internal.junit.runner.RemoteTestRunner.runTests(RemoteTestRunner.java:756)
	at org.eclipse.jdt.internal.junit.runner.RemoteTestRunner.run(RemoteTestRunner.java:452)
	at org.eclipse.jdt.internal.junit.runner.RemoteTestRunner.main(RemoteTestRunner.java:210)

!ENTRY org.eclipse.osgi 4 0 2022-09-18 10:46:12.225
!MESSAGE Unable to make field private static volatile java.net.ContentHandlerFactory java.net.URLConnection.factory accessible: module java.base does not "opens java.net" to unnamed module @6d00a15d
!STACK 0
java.lang.reflect.InaccessibleObjectException: Unable to make field private static volatile java.net.ContentHandlerFactory java.net.URLConnection.factory accessible: module java.base does not "opens java.net" to unnamed module @6d00a15d
	at java.base/java.lang.reflect.AccessibleObject.checkCanSetAccessible(AccessibleObject.java:354)
	at java.base/java.lang.reflect.AccessibleObject.checkCanSetAccessible(AccessibleObject.java:297)
	at java.base/java.lang.reflect.Field.checkCanSetAccessible(Field.java:178)
	at java.base/java.lang.reflect.Field.setAccessible(Field.java:172)
	at org.eclipse.osgi.internal.url.MultiplexingFactory.setAccessible(MultiplexingFactory.java:254)
	at org.eclipse.osgi.internal.url.EquinoxFactoryManager.getField(EquinoxFactoryManager.java:247)
	at org.eclipse.osgi.internal.url.EquinoxFactoryManager.forceContentHandlerFactory(EquinoxFactoryManager.java:132)
	at org.eclipse.osgi.internal.url.EquinoxFactoryManager.installContentHandlerFactory(EquinoxFactoryManager.java:120)
	at org.eclipse.osgi.internal.url.EquinoxFactoryManager.installHandlerFactories(EquinoxFactoryManager.java:39)
	at org.eclipse.osgi.internal.framework.SystemBundleActivator.start(SystemBundleActivator.java:71)
	at org.eclipse.osgi.internal.framework.BundleContextImpl$3.run(BundleContextImpl.java:842)
	at org.eclipse.osgi.internal.framework.BundleContextImpl$3.run(BundleContextImpl.java:1)
	at java.base/java.security.AccessController.doPrivileged(AccessController.java:569)
	at org.eclipse.osgi.internal.framework.BundleContextImpl.startActivator(BundleContextImpl.java:834)
	at org.eclipse.osgi.internal.framework.BundleContextImpl.start(BundleContextImpl.java:791)
	at org.eclipse.osgi.internal.framework.EquinoxBundle.startWorker0(EquinoxBundle.java:1015)
	at org.eclipse.osgi.internal.framework.EquinoxBundle$SystemBundle$EquinoxSystemModule.initWorker(EquinoxBundle.java:197)
	at org.eclipse.osgi.container.SystemModule.init(SystemModule.java:99)
	at org.eclipse.osgi.internal.framework.EquinoxBundle$SystemBundle.init(EquinoxBundle.java:280)
	at org.eclipse.osgi.internal.framework.EquinoxBundle$SystemBundle.init(EquinoxBundle.java:264)
	at org.eclipse.osgi.launch.Equinox.init(Equinox.java:185)
	at org.eclipse.core.runtime.adaptor.EclipseStarter.startup(EclipseStarter.java:316)
	at org.eclipse.core.runtime.adaptor.EclipseStarter.run(EclipseStarter.java:251)
	at padl.creator.cppfile.eclipse.misc.EclipseCPPParserCaller.createCodeLevelModelUsingOSGiEmbedded(EclipseCPPParserCaller.java:126)
	at padl.creator.cppfile.eclipse.misc.EclipseCPPParserCaller.getCodeLevelModelUsingOSGiEmbedded(EclipseCPPParserCaller.java:337)
	at padl.creator.cppfile.eclipse.test.simple.Simple2Test.test1(Simple2Test.java:24)
	at java.base/jdk.internal.reflect.NativeMethodAccessorImpl.invoke0(Native Method)
	at java.base/jdk.internal.reflect.NativeMethodAccessorImpl.invoke(NativeMethodAccessorImpl.java:77)
	at java.base/jdk.internal.reflect.DelegatingMethodAccessorImpl.invoke(DelegatingMethodAccessorImpl.java:43)
	at java.base/java.lang.reflect.Method.invoke(Method.java:568)
	at junit.framework.TestCase.runTest(TestCase.java:177)
	at junit.framework.TestCase.runBare(TestCase.java:142)
	at junit.framework.TestResult$1.protect(TestResult.java:122)
	at junit.framework.TestResult.runProtected(TestResult.java:142)
	at junit.framework.TestResult.run(TestResult.java:125)
	at junit.framework.TestCase.run(TestCase.java:130)
	at junit.framework.TestSuite.runTest(TestSuite.java:241)
	at junit.framework.TestSuite.run(TestSuite.java:236)
	at junit.framework.TestSuite.runTest(TestSuite.java:241)
	at junit.framework.TestSuite.run(TestSuite.java:236)
	at org.junit.internal.runners.JUnit38ClassRunner.run(JUnit38ClassRunner.java:90)
	at org.eclipse.jdt.internal.junit4.runner.JUnit4TestReference.run(JUnit4TestReference.java:93)
	at org.eclipse.jdt.internal.junit.runner.TestExecution.run(TestExecution.java:40)
	at org.eclipse.jdt.internal.junit.runner.RemoteTestRunner.runTests(RemoteTestRunner.java:529)
	at org.eclipse.jdt.internal.junit.runner.RemoteTestRunner.runTests(RemoteTestRunner.java:756)
	at org.eclipse.jdt.internal.junit.runner.RemoteTestRunner.run(RemoteTestRunner.java:452)
	at org.eclipse.jdt.internal.junit.runner.RemoteTestRunner.main(RemoteTestRunner.java:210)

!ENTRY org.eclipse.osgi 4 0 2022-09-18 10:46:12.232
!MESSAGE Bundle reference:file:D:/Software/Ptidej Workspaces/v5.3/plugins/PADL_Creator_Cpp_Eclipse_1.5.0.jar not found.

!ENTRY PADL_Creator_Cpp_Eclipse 2 0 2022-09-18 10:46:12.444
!MESSAGE Could not resolve module: PADL_Creator_Cpp_Eclipse [32]
  Unresolved requirement: Require-Bundle: CPL; bundle-version="1.5.0"


!ENTRY org.eclipse.osgi 4 0 2022-09-18 10:46:12.445
!MESSAGE Application error
!STACK 1
java.lang.RuntimeException: Application "PADL_Creator_Cpp_Eclipse.Launcher" could not be found in the registry. The applications available are: org.eclipse.cdt.managedbuilder.core.headlessbuild, org.eclipse.jdt.core.JavaCodeFormatter, org.eclipse.jdt.core.JavaIndexer, org.eclipse.e4.ui.workbench.swt.E4Application, org.eclipse.e4.ui.workbench.swt.GenTopic, org.eclipse.ant.core.antRunner, org.eclipse.cdt.core.GeneratePDOM, org.eclipse.equinox.app.error.
	at org.eclipse.equinox.internal.app.EclipseAppContainer.startDefaultApp(EclipseAppContainer.java:248)
	at org.eclipse.equinox.internal.app.MainApplicationLauncher.run(MainApplicationLauncher.java:29)
	at org.eclipse.core.runtime.internal.adaptor.EclipseAppLauncher.runApplication(EclipseAppLauncher.java:137)
	at org.eclipse.core.runtime.internal.adaptor.EclipseAppLauncher.start(EclipseAppLauncher.java:107)
	at org.eclipse.core.runtime.adaptor.EclipseStarter.run(EclipseStarter.java:401)
	at org.eclipse.core.runtime.adaptor.EclipseStarter.run(EclipseStarter.java:255)
	at padl.creator.cppfile.eclipse.misc.EclipseCPPParserCaller.createCodeLevelModelUsingOSGiEmbedded(EclipseCPPParserCaller.java:126)
	at padl.creator.cppfile.eclipse.misc.EclipseCPPParserCaller.getCodeLevelModelUsingOSGiEmbedded(EclipseCPPParserCaller.java:337)
	at padl.creator.cppfile.eclipse.test.simple.Simple2Test.test1(Simple2Test.java:24)
	at java.base/jdk.internal.reflect.NativeMethodAccessorImpl.invoke0(Native Method)
	at java.base/jdk.internal.reflect.NativeMethodAccessorImpl.invoke(NativeMethodAccessorImpl.java:77)
	at java.base/jdk.internal.reflect.DelegatingMethodAccessorImpl.invoke(DelegatingMethodAccessorImpl.java:43)
	at java.base/java.lang.reflect.Method.invoke(Method.java:568)
	at junit.framework.TestCase.runTest(TestCase.java:177)
	at junit.framework.TestCase.runBare(TestCase.java:142)
	at junit.framework.TestResult$1.protect(TestResult.java:122)
	at junit.framework.TestResult.runProtected(TestResult.java:142)
	at junit.framework.TestResult.run(TestResult.java:125)
	at junit.framework.TestCase.run(TestCase.java:130)
	at junit.framework.TestSuite.runTest(TestSuite.java:241)
	at junit.framework.TestSuite.run(TestSuite.java:236)
	at junit.framework.TestSuite.runTest(TestSuite.java:241)
	at junit.framework.TestSuite.run(TestSuite.java:236)
	at org.junit.internal.runners.JUnit38ClassRunner.run(JUnit38ClassRunner.java:90)
	at org.eclipse.jdt.internal.junit4.runner.JUnit4TestReference.run(JUnit4TestReference.java:93)
	at org.eclipse.jdt.internal.junit.runner.TestExecution.run(TestExecution.java:40)
	at org.eclipse.jdt.internal.junit.runner.RemoteTestRunner.runTests(RemoteTestRunner.java:529)
	at org.eclipse.jdt.internal.junit.runner.RemoteTestRunner.runTests(RemoteTestRunner.java:756)
	at org.eclipse.jdt.internal.junit.runner.RemoteTestRunner.run(RemoteTestRunner.java:452)
	at org.eclipse.jdt.internal.junit.runner.RemoteTestRunner.main(RemoteTestRunner.java:210)
!SESSION 2022-09-18 10:46:12.642 -----------------------------------------------
eclipse.buildId=unknown
java.version=17.0.3.1
java.vendor=Oracle Corporation
BootLoader constants: OS=win32, ARCH=x86_64, WS=win32, NL=en_CA

!ENTRY org.eclipse.osgi 2 0 2022-09-18 10:46:12.642
!MESSAGE The property 'osgi.configuration.area' with the value 'file:D:/Software/Ptidej Workspaces/v5.3/PADL Creator C++ (Eclipse) Helper/Configuration Area/' is being overriden by the OSGi standard configuration property 'org.osgi.framework.storage' with the value 'D:\Software\Ptidej Workspaces\v5.3\PADL Creator C++ (Eclipse) Helper\Configuration Area'.
!STACK 0
java.lang.IllegalArgumentException: The property 'osgi.configuration.area' with the value 'file:D:/Software/Ptidej Workspaces/v5.3/PADL Creator C++ (Eclipse) Helper/Configuration Area/' is being overriden by the OSGi standard configuration property 'org.osgi.framework.storage' with the value 'D:\Software\Ptidej Workspaces\v5.3\PADL Creator C++ (Eclipse) Helper\Configuration Area'.
	at org.eclipse.osgi.internal.location.EquinoxLocations.<init>(EquinoxLocations.java:87)
	at org.eclipse.osgi.internal.framework.EquinoxConfiguration.<init>(EquinoxConfiguration.java:547)
	at org.eclipse.osgi.internal.framework.EquinoxContainer.<init>(EquinoxContainer.java:89)
	at org.eclipse.osgi.launch.Equinox.<init>(Equinox.java:34)
	at org.eclipse.core.runtime.adaptor.EclipseStarter.startup(EclipseStarter.java:315)
	at org.eclipse.core.runtime.adaptor.EclipseStarter.run(EclipseStarter.java:251)
	at padl.creator.cppfile.eclipse.misc.EclipseCPPParserCaller.createCodeLevelModelUsingOSGiEmbedded(EclipseCPPParserCaller.java:126)
	at padl.creator.cppfile.eclipse.CPPCreator.create(CPPCreator.java:28)
	at padl.kernel.impl.CodeLevelModel.create(CodeLevelModel.java:41)
	at padl.generator.helper.ModelGenerator.generateModelFromCppFilesUsingEclipse(ModelGenerator.java:286)
	at padl.generator.helper.ModelGenerator.generateModelFromCppFilesUsingEclipse(ModelGenerator.java:298)
	at padl.creator.cppfile.eclipse.test.simple.Simple3Test.test1(Simple3Test.java:25)
	at java.base/jdk.internal.reflect.NativeMethodAccessorImpl.invoke0(Native Method)
	at java.base/jdk.internal.reflect.NativeMethodAccessorImpl.invoke(NativeMethodAccessorImpl.java:77)
	at java.base/jdk.internal.reflect.DelegatingMethodAccessorImpl.invoke(DelegatingMethodAccessorImpl.java:43)
	at java.base/java.lang.reflect.Method.invoke(Method.java:568)
	at junit.framework.TestCase.runTest(TestCase.java:177)
	at junit.framework.TestCase.runBare(TestCase.java:142)
	at junit.framework.TestResult$1.protect(TestResult.java:122)
	at junit.framework.TestResult.runProtected(TestResult.java:142)
	at junit.framework.TestResult.run(TestResult.java:125)
	at junit.framework.TestCase.run(TestCase.java:130)
	at junit.framework.TestSuite.runTest(TestSuite.java:241)
	at junit.framework.TestSuite.run(TestSuite.java:236)
	at junit.framework.TestSuite.runTest(TestSuite.java:241)
	at junit.framework.TestSuite.run(TestSuite.java:236)
	at org.junit.internal.runners.JUnit38ClassRunner.run(JUnit38ClassRunner.java:90)
	at org.eclipse.jdt.internal.junit4.runner.JUnit4TestReference.run(JUnit4TestReference.java:93)
	at org.eclipse.jdt.internal.junit.runner.TestExecution.run(TestExecution.java:40)
	at org.eclipse.jdt.internal.junit.runner.RemoteTestRunner.runTests(RemoteTestRunner.java:529)
	at org.eclipse.jdt.internal.junit.runner.RemoteTestRunner.runTests(RemoteTestRunner.java:756)
	at org.eclipse.jdt.internal.junit.runner.RemoteTestRunner.run(RemoteTestRunner.java:452)
	at org.eclipse.jdt.internal.junit.runner.RemoteTestRunner.main(RemoteTestRunner.java:210)

!ENTRY org.eclipse.osgi 4 0 2022-09-18 10:46:12.677
!MESSAGE Cannot support framework extension bundles without a public addURL(URL) or appendToClassPathForInstrumentation(String) method on the framework class loader: org.eclipse.equinox.weaving.hook_1.0.200.v20120524-1707 [60]
!STACK 0
org.osgi.framework.BundleException: Cannot support framework extension bundles without a public addURL(URL) or appendToClassPathForInstrumentation(String) method on the framework class loader: org.eclipse.equinox.weaving.hook_1.0.200.v20120524-1707 [60]
	at org.eclipse.osgi.storage.FrameworkExtensionInstaller.addExtensionContent0(FrameworkExtensionInstaller.java:141)
	at org.eclipse.osgi.storage.FrameworkExtensionInstaller.addExtensionContent(FrameworkExtensionInstaller.java:115)
	at org.eclipse.osgi.storage.Storage.installExtensions(Storage.java:315)
	at org.eclipse.osgi.storage.Storage.createStorage(Storage.java:181)
	at org.eclipse.osgi.internal.framework.EquinoxContainer.<init>(EquinoxContainer.java:94)
	at org.eclipse.osgi.launch.Equinox.<init>(Equinox.java:34)
	at org.eclipse.core.runtime.adaptor.EclipseStarter.startup(EclipseStarter.java:315)
	at org.eclipse.core.runtime.adaptor.EclipseStarter.run(EclipseStarter.java:251)
	at padl.creator.cppfile.eclipse.misc.EclipseCPPParserCaller.createCodeLevelModelUsingOSGiEmbedded(EclipseCPPParserCaller.java:126)
	at padl.creator.cppfile.eclipse.CPPCreator.create(CPPCreator.java:28)
	at padl.kernel.impl.CodeLevelModel.create(CodeLevelModel.java:41)
	at padl.generator.helper.ModelGenerator.generateModelFromCppFilesUsingEclipse(ModelGenerator.java:286)
	at padl.generator.helper.ModelGenerator.generateModelFromCppFilesUsingEclipse(ModelGenerator.java:298)
	at padl.creator.cppfile.eclipse.test.simple.Simple3Test.test1(Simple3Test.java:25)
	at java.base/jdk.internal.reflect.NativeMethodAccessorImpl.invoke0(Native Method)
	at java.base/jdk.internal.reflect.NativeMethodAccessorImpl.invoke(NativeMethodAccessorImpl.java:77)
	at java.base/jdk.internal.reflect.DelegatingMethodAccessorImpl.invoke(DelegatingMethodAccessorImpl.java:43)
	at java.base/java.lang.reflect.Method.invoke(Method.java:568)
	at junit.framework.TestCase.runTest(TestCase.java:177)
	at junit.framework.TestCase.runBare(TestCase.java:142)
	at junit.framework.TestResult$1.protect(TestResult.java:122)
	at junit.framework.TestResult.runProtected(TestResult.java:142)
	at junit.framework.TestResult.run(TestResult.java:125)
	at junit.framework.TestCase.run(TestCase.java:130)
	at junit.framework.TestSuite.runTest(TestSuite.java:241)
	at junit.framework.TestSuite.run(TestSuite.java:236)
	at junit.framework.TestSuite.runTest(TestSuite.java:241)
	at junit.framework.TestSuite.run(TestSuite.java:236)
	at org.junit.internal.runners.JUnit38ClassRunner.run(JUnit38ClassRunner.java:90)
	at org.eclipse.jdt.internal.junit4.runner.JUnit4TestReference.run(JUnit4TestReference.java:93)
	at org.eclipse.jdt.internal.junit.runner.TestExecution.run(TestExecution.java:40)
	at org.eclipse.jdt.internal.junit.runner.RemoteTestRunner.runTests(RemoteTestRunner.java:529)
	at org.eclipse.jdt.internal.junit.runner.RemoteTestRunner.runTests(RemoteTestRunner.java:756)
	at org.eclipse.jdt.internal.junit.runner.RemoteTestRunner.run(RemoteTestRunner.java:452)
	at org.eclipse.jdt.internal.junit.runner.RemoteTestRunner.main(RemoteTestRunner.java:210)

!ENTRY org.eclipse.osgi 4 0 2022-09-18 10:46:12.680
!MESSAGE Unable to make field private static volatile java.net.URLStreamHandlerFactory java.net.URL.factory accessible: module java.base does not "opens java.net" to unnamed module @6d00a15d
!STACK 0
java.lang.reflect.InaccessibleObjectException: Unable to make field private static volatile java.net.URLStreamHandlerFactory java.net.URL.factory accessible: module java.base does not "opens java.net" to unnamed module @6d00a15d
	at java.base/java.lang.reflect.AccessibleObject.checkCanSetAccessible(AccessibleObject.java:354)
	at java.base/java.lang.reflect.AccessibleObject.checkCanSetAccessible(AccessibleObject.java:297)
	at java.base/java.lang.reflect.Field.checkCanSetAccessible(Field.java:178)
	at java.base/java.lang.reflect.Field.setAccessible(Field.java:172)
	at org.eclipse.osgi.internal.url.MultiplexingFactory.setAccessible(MultiplexingFactory.java:254)
	at org.eclipse.osgi.internal.url.EquinoxFactoryManager.getField(EquinoxFactoryManager.java:247)
	at org.eclipse.osgi.internal.url.EquinoxFactoryManager.forceURLStreamHandlerFactory(EquinoxFactoryManager.java:61)
	at org.eclipse.osgi.internal.url.EquinoxFactoryManager.installURLStreamHandlerFactory(EquinoxFactoryManager.java:50)
	at org.eclipse.osgi.internal.url.EquinoxFactoryManager.installHandlerFactories(EquinoxFactoryManager.java:38)
	at org.eclipse.osgi.internal.framework.SystemBundleActivator.start(SystemBundleActivator.java:71)
	at org.eclipse.osgi.internal.framework.BundleContextImpl$3.run(BundleContextImpl.java:842)
	at org.eclipse.osgi.internal.framework.BundleContextImpl$3.run(BundleContextImpl.java:1)
	at java.base/java.security.AccessController.doPrivileged(AccessController.java:569)
	at org.eclipse.osgi.internal.framework.BundleContextImpl.startActivator(BundleContextImpl.java:834)
	at org.eclipse.osgi.internal.framework.BundleContextImpl.start(BundleContextImpl.java:791)
	at org.eclipse.osgi.internal.framework.EquinoxBundle.startWorker0(EquinoxBundle.java:1015)
	at org.eclipse.osgi.internal.framework.EquinoxBundle$SystemBundle$EquinoxSystemModule.initWorker(EquinoxBundle.java:197)
	at org.eclipse.osgi.container.SystemModule.init(SystemModule.java:99)
	at org.eclipse.osgi.internal.framework.EquinoxBundle$SystemBundle.init(EquinoxBundle.java:280)
	at org.eclipse.osgi.internal.framework.EquinoxBundle$SystemBundle.init(EquinoxBundle.java:264)
	at org.eclipse.osgi.launch.Equinox.init(Equinox.java:185)
	at org.eclipse.core.runtime.adaptor.EclipseStarter.startup(EclipseStarter.java:316)
	at org.eclipse.core.runtime.adaptor.EclipseStarter.run(EclipseStarter.java:251)
	at padl.creator.cppfile.eclipse.misc.EclipseCPPParserCaller.createCodeLevelModelUsingOSGiEmbedded(EclipseCPPParserCaller.java:126)
	at padl.creator.cppfile.eclipse.CPPCreator.create(CPPCreator.java:28)
	at padl.kernel.impl.CodeLevelModel.create(CodeLevelModel.java:41)
	at padl.generator.helper.ModelGenerator.generateModelFromCppFilesUsingEclipse(ModelGenerator.java:286)
	at padl.generator.helper.ModelGenerator.generateModelFromCppFilesUsingEclipse(ModelGenerator.java:298)
	at padl.creator.cppfile.eclipse.test.simple.Simple3Test.test1(Simple3Test.java:25)
	at java.base/jdk.internal.reflect.NativeMethodAccessorImpl.invoke0(Native Method)
	at java.base/jdk.internal.reflect.NativeMethodAccessorImpl.invoke(NativeMethodAccessorImpl.java:77)
	at java.base/jdk.internal.reflect.DelegatingMethodAccessorImpl.invoke(DelegatingMethodAccessorImpl.java:43)
	at java.base/java.lang.reflect.Method.invoke(Method.java:568)
	at junit.framework.TestCase.runTest(TestCase.java:177)
	at junit.framework.TestCase.runBare(TestCase.java:142)
	at junit.framework.TestResult$1.protect(TestResult.java:122)
	at junit.framework.TestResult.runProtected(TestResult.java:142)
	at junit.framework.TestResult.run(TestResult.java:125)
	at junit.framework.TestCase.run(TestCase.java:130)
	at junit.framework.TestSuite.runTest(TestSuite.java:241)
	at junit.framework.TestSuite.run(TestSuite.java:236)
	at junit.framework.TestSuite.runTest(TestSuite.java:241)
	at junit.framework.TestSuite.run(TestSuite.java:236)
	at org.junit.internal.runners.JUnit38ClassRunner.run(JUnit38ClassRunner.java:90)
	at org.eclipse.jdt.internal.junit4.runner.JUnit4TestReference.run(JUnit4TestReference.java:93)
	at org.eclipse.jdt.internal.junit.runner.TestExecution.run(TestExecution.java:40)
	at org.eclipse.jdt.internal.junit.runner.RemoteTestRunner.runTests(RemoteTestRunner.java:529)
	at org.eclipse.jdt.internal.junit.runner.RemoteTestRunner.runTests(RemoteTestRunner.java:756)
	at org.eclipse.jdt.internal.junit.runner.RemoteTestRunner.run(RemoteTestRunner.java:452)
	at org.eclipse.jdt.internal.junit.runner.RemoteTestRunner.main(RemoteTestRunner.java:210)

!ENTRY org.eclipse.osgi 4 0 2022-09-18 10:46:12.682
!MESSAGE Unable to make field private static volatile java.net.ContentHandlerFactory java.net.URLConnection.factory accessible: module java.base does not "opens java.net" to unnamed module @6d00a15d
!STACK 0
java.lang.reflect.InaccessibleObjectException: Unable to make field private static volatile java.net.ContentHandlerFactory java.net.URLConnection.factory accessible: module java.base does not "opens java.net" to unnamed module @6d00a15d
	at java.base/java.lang.reflect.AccessibleObject.checkCanSetAccessible(AccessibleObject.java:354)
	at java.base/java.lang.reflect.AccessibleObject.checkCanSetAccessible(AccessibleObject.java:297)
	at java.base/java.lang.reflect.Field.checkCanSetAccessible(Field.java:178)
	at java.base/java.lang.reflect.Field.setAccessible(Field.java:172)
	at org.eclipse.osgi.internal.url.MultiplexingFactory.setAccessible(MultiplexingFactory.java:254)
	at org.eclipse.osgi.internal.url.EquinoxFactoryManager.getField(EquinoxFactoryManager.java:247)
	at org.eclipse.osgi.internal.url.EquinoxFactoryManager.forceContentHandlerFactory(EquinoxFactoryManager.java:132)
	at org.eclipse.osgi.internal.url.EquinoxFactoryManager.installContentHandlerFactory(EquinoxFactoryManager.java:120)
	at org.eclipse.osgi.internal.url.EquinoxFactoryManager.installHandlerFactories(EquinoxFactoryManager.java:39)
	at org.eclipse.osgi.internal.framework.SystemBundleActivator.start(SystemBundleActivator.java:71)
	at org.eclipse.osgi.internal.framework.BundleContextImpl$3.run(BundleContextImpl.java:842)
	at org.eclipse.osgi.internal.framework.BundleContextImpl$3.run(BundleContextImpl.java:1)
	at java.base/java.security.AccessController.doPrivileged(AccessController.java:569)
	at org.eclipse.osgi.internal.framework.BundleContextImpl.startActivator(BundleContextImpl.java:834)
	at org.eclipse.osgi.internal.framework.BundleContextImpl.start(BundleContextImpl.java:791)
	at org.eclipse.osgi.internal.framework.EquinoxBundle.startWorker0(EquinoxBundle.java:1015)
	at org.eclipse.osgi.internal.framework.EquinoxBundle$SystemBundle$EquinoxSystemModule.initWorker(EquinoxBundle.java:197)
	at org.eclipse.osgi.container.SystemModule.init(SystemModule.java:99)
	at org.eclipse.osgi.internal.framework.EquinoxBundle$SystemBundle.init(EquinoxBundle.java:280)
	at org.eclipse.osgi.internal.framework.EquinoxBundle$SystemBundle.init(EquinoxBundle.java:264)
	at org.eclipse.osgi.launch.Equinox.init(Equinox.java:185)
	at org.eclipse.core.runtime.adaptor.EclipseStarter.startup(EclipseStarter.java:316)
	at org.eclipse.core.runtime.adaptor.EclipseStarter.run(EclipseStarter.java:251)
	at padl.creator.cppfile.eclipse.misc.EclipseCPPParserCaller.createCodeLevelModelUsingOSGiEmbedded(EclipseCPPParserCaller.java:126)
	at padl.creator.cppfile.eclipse.CPPCreator.create(CPPCreator.java:28)
	at padl.kernel.impl.CodeLevelModel.create(CodeLevelModel.java:41)
	at padl.generator.helper.ModelGenerator.generateModelFromCppFilesUsingEclipse(ModelGenerator.java:286)
	at padl.generator.helper.ModelGenerator.generateModelFromCppFilesUsingEclipse(ModelGenerator.java:298)
	at padl.creator.cppfile.eclipse.test.simple.Simple3Test.test1(Simple3Test.java:25)
	at java.base/jdk.internal.reflect.NativeMethodAccessorImpl.invoke0(Native Method)
	at java.base/jdk.internal.reflect.NativeMethodAccessorImpl.invoke(NativeMethodAccessorImpl.java:77)
	at java.base/jdk.internal.reflect.DelegatingMethodAccessorImpl.invoke(DelegatingMethodAccessorImpl.java:43)
	at java.base/java.lang.reflect.Method.invoke(Method.java:568)
	at junit.framework.TestCase.runTest(TestCase.java:177)
	at junit.framework.TestCase.runBare(TestCase.java:142)
	at junit.framework.TestResult$1.protect(TestResult.java:122)
	at junit.framework.TestResult.runProtected(TestResult.java:142)
	at junit.framework.TestResult.run(TestResult.java:125)
	at junit.framework.TestCase.run(TestCase.java:130)
	at junit.framework.TestSuite.runTest(TestSuite.java:241)
	at junit.framework.TestSuite.run(TestSuite.java:236)
	at junit.framework.TestSuite.runTest(TestSuite.java:241)
	at junit.framework.TestSuite.run(TestSuite.java:236)
	at org.junit.internal.runners.JUnit38ClassRunner.run(JUnit38ClassRunner.java:90)
	at org.eclipse.jdt.internal.junit4.runner.JUnit4TestReference.run(JUnit4TestReference.java:93)
	at org.eclipse.jdt.internal.junit.runner.TestExecution.run(TestExecution.java:40)
	at org.eclipse.jdt.internal.junit.runner.RemoteTestRunner.runTests(RemoteTestRunner.java:529)
	at org.eclipse.jdt.internal.junit.runner.RemoteTestRunner.runTests(RemoteTestRunner.java:756)
	at org.eclipse.jdt.internal.junit.runner.RemoteTestRunner.run(RemoteTestRunner.java:452)
	at org.eclipse.jdt.internal.junit.runner.RemoteTestRunner.main(RemoteTestRunner.java:210)

!ENTRY org.eclipse.osgi 4 0 2022-09-18 10:46:12.694
!MESSAGE Bundle reference:file:D:/Software/Ptidej Workspaces/v5.3/plugins/PADL_Creator_Cpp_Eclipse_1.5.0.jar not found.

!ENTRY PADL_Creator_Cpp_Eclipse 2 0 2022-09-18 10:46:12.936
!MESSAGE Could not resolve module: PADL_Creator_Cpp_Eclipse [32]
  Unresolved requirement: Require-Bundle: CPL; bundle-version="1.5.0"


!ENTRY org.eclipse.osgi 4 0 2022-09-18 10:46:12.936
!MESSAGE Application error
!STACK 1
java.lang.RuntimeException: Application "PADL_Creator_Cpp_Eclipse.Launcher" could not be found in the registry. The applications available are: org.eclipse.cdt.managedbuilder.core.headlessbuild, org.eclipse.jdt.core.JavaCodeFormatter, org.eclipse.jdt.core.JavaIndexer, org.eclipse.e4.ui.workbench.swt.E4Application, org.eclipse.e4.ui.workbench.swt.GenTopic, org.eclipse.ant.core.antRunner, org.eclipse.cdt.core.GeneratePDOM, org.eclipse.equinox.app.error.
	at org.eclipse.equinox.internal.app.EclipseAppContainer.startDefaultApp(EclipseAppContainer.java:248)
	at org.eclipse.equinox.internal.app.MainApplicationLauncher.run(MainApplicationLauncher.java:29)
	at org.eclipse.core.runtime.internal.adaptor.EclipseAppLauncher.runApplication(EclipseAppLauncher.java:137)
	at org.eclipse.core.runtime.internal.adaptor.EclipseAppLauncher.start(EclipseAppLauncher.java:107)
	at org.eclipse.core.runtime.adaptor.EclipseStarter.run(EclipseStarter.java:401)
	at org.eclipse.core.runtime.adaptor.EclipseStarter.run(EclipseStarter.java:255)
	at padl.creator.cppfile.eclipse.misc.EclipseCPPParserCaller.createCodeLevelModelUsingOSGiEmbedded(EclipseCPPParserCaller.java:126)
	at padl.creator.cppfile.eclipse.CPPCreator.create(CPPCreator.java:28)
	at padl.kernel.impl.CodeLevelModel.create(CodeLevelModel.java:41)
	at padl.generator.helper.ModelGenerator.generateModelFromCppFilesUsingEclipse(ModelGenerator.java:286)
	at padl.generator.helper.ModelGenerator.generateModelFromCppFilesUsingEclipse(ModelGenerator.java:298)
	at padl.creator.cppfile.eclipse.test.simple.Simple3Test.test1(Simple3Test.java:25)
	at java.base/jdk.internal.reflect.NativeMethodAccessorImpl.invoke0(Native Method)
	at java.base/jdk.internal.reflect.NativeMethodAccessorImpl.invoke(NativeMethodAccessorImpl.java:77)
	at java.base/jdk.internal.reflect.DelegatingMethodAccessorImpl.invoke(DelegatingMethodAccessorImpl.java:43)
	at java.base/java.lang.reflect.Method.invoke(Method.java:568)
	at junit.framework.TestCase.runTest(TestCase.java:177)
	at junit.framework.TestCase.runBare(TestCase.java:142)
	at junit.framework.TestResult$1.protect(TestResult.java:122)
	at junit.framework.TestResult.runProtected(TestResult.java:142)
	at junit.framework.TestResult.run(TestResult.java:125)
	at junit.framework.TestCase.run(TestCase.java:130)
	at junit.framework.TestSuite.runTest(TestSuite.java:241)
	at junit.framework.TestSuite.run(TestSuite.java:236)
	at junit.framework.TestSuite.runTest(TestSuite.java:241)
	at junit.framework.TestSuite.run(TestSuite.java:236)
	at org.junit.internal.runners.JUnit38ClassRunner.run(JUnit38ClassRunner.java:90)
	at org.eclipse.jdt.internal.junit4.runner.JUnit4TestReference.run(JUnit4TestReference.java:93)
	at org.eclipse.jdt.internal.junit.runner.TestExecution.run(TestExecution.java:40)
	at org.eclipse.jdt.internal.junit.runner.RemoteTestRunner.runTests(RemoteTestRunner.java:529)
	at org.eclipse.jdt.internal.junit.runner.RemoteTestRunner.runTests(RemoteTestRunner.java:756)
	at org.eclipse.jdt.internal.junit.runner.RemoteTestRunner.run(RemoteTestRunner.java:452)
	at org.eclipse.jdt.internal.junit.runner.RemoteTestRunner.main(RemoteTestRunner.java:210)
!SESSION 2022-09-18 10:46:13.115 -----------------------------------------------
eclipse.buildId=unknown
java.version=17.0.3.1
java.vendor=Oracle Corporation
BootLoader constants: OS=win32, ARCH=x86_64, WS=win32, NL=en_CA

!ENTRY org.eclipse.osgi 2 0 2022-09-18 10:46:13.115
!MESSAGE The property 'osgi.configuration.area' with the value 'file:D:/Software/Ptidej Workspaces/v5.3/PADL Creator C++ (Eclipse) Helper/Configuration Area/' is being overriden by the OSGi standard configuration property 'org.osgi.framework.storage' with the value 'D:\Software\Ptidej Workspaces\v5.3\PADL Creator C++ (Eclipse) Helper\Configuration Area'.
!STACK 0
java.lang.IllegalArgumentException: The property 'osgi.configuration.area' with the value 'file:D:/Software/Ptidej Workspaces/v5.3/PADL Creator C++ (Eclipse) Helper/Configuration Area/' is being overriden by the OSGi standard configuration property 'org.osgi.framework.storage' with the value 'D:\Software\Ptidej Workspaces\v5.3\PADL Creator C++ (Eclipse) Helper\Configuration Area'.
	at org.eclipse.osgi.internal.location.EquinoxLocations.<init>(EquinoxLocations.java:87)
	at org.eclipse.osgi.internal.framework.EquinoxConfiguration.<init>(EquinoxConfiguration.java:547)
	at org.eclipse.osgi.internal.framework.EquinoxContainer.<init>(EquinoxContainer.java:89)
	at org.eclipse.osgi.launch.Equinox.<init>(Equinox.java:34)
	at org.eclipse.core.runtime.adaptor.EclipseStarter.startup(EclipseStarter.java:315)
	at org.eclipse.core.runtime.adaptor.EclipseStarter.run(EclipseStarter.java:251)
	at padl.creator.cppfile.eclipse.misc.EclipseCPPParserCaller.createCodeLevelModelUsingOSGiEmbedded(EclipseCPPParserCaller.java:126)
	at padl.creator.cppfile.eclipse.CPPCreator.create(CPPCreator.java:28)
	at padl.kernel.impl.CodeLevelModel.create(CodeLevelModel.java:41)
	at padl.generator.helper.ModelGenerator.generateModelFromCppFilesUsingEclipse(ModelGenerator.java:286)
	at padl.generator.helper.ModelGenerator.generateModelFromCppFilesUsingEclipse(ModelGenerator.java:298)
	at padl.creator.cppfile.eclipse.test.simple.StructuresTest.setUp(StructuresTest.java:29)
	at junit.framework.TestCase.runBare(TestCase.java:140)
	at junit.framework.TestResult$1.protect(TestResult.java:122)
	at junit.framework.TestResult.runProtected(TestResult.java:142)
	at junit.framework.TestResult.run(TestResult.java:125)
	at junit.framework.TestCase.run(TestCase.java:130)
	at junit.framework.TestSuite.runTest(TestSuite.java:241)
	at junit.framework.TestSuite.run(TestSuite.java:236)
	at junit.framework.TestSuite.runTest(TestSuite.java:241)
	at junit.framework.TestSuite.run(TestSuite.java:236)
	at org.junit.internal.runners.JUnit38ClassRunner.run(JUnit38ClassRunner.java:90)
	at org.eclipse.jdt.internal.junit4.runner.JUnit4TestReference.run(JUnit4TestReference.java:93)
	at org.eclipse.jdt.internal.junit.runner.TestExecution.run(TestExecution.java:40)
	at org.eclipse.jdt.internal.junit.runner.RemoteTestRunner.runTests(RemoteTestRunner.java:529)
	at org.eclipse.jdt.internal.junit.runner.RemoteTestRunner.runTests(RemoteTestRunner.java:756)
	at org.eclipse.jdt.internal.junit.runner.RemoteTestRunner.run(RemoteTestRunner.java:452)
	at org.eclipse.jdt.internal.junit.runner.RemoteTestRunner.main(RemoteTestRunner.java:210)

!ENTRY org.eclipse.osgi 4 0 2022-09-18 10:46:13.158
!MESSAGE Cannot support framework extension bundles without a public addURL(URL) or appendToClassPathForInstrumentation(String) method on the framework class loader: org.eclipse.equinox.weaving.hook_1.0.200.v20120524-1707 [60]
!STACK 0
org.osgi.framework.BundleException: Cannot support framework extension bundles without a public addURL(URL) or appendToClassPathForInstrumentation(String) method on the framework class loader: org.eclipse.equinox.weaving.hook_1.0.200.v20120524-1707 [60]
	at org.eclipse.osgi.storage.FrameworkExtensionInstaller.addExtensionContent0(FrameworkExtensionInstaller.java:141)
	at org.eclipse.osgi.storage.FrameworkExtensionInstaller.addExtensionContent(FrameworkExtensionInstaller.java:115)
	at org.eclipse.osgi.storage.Storage.installExtensions(Storage.java:315)
	at org.eclipse.osgi.storage.Storage.createStorage(Storage.java:181)
	at org.eclipse.osgi.internal.framework.EquinoxContainer.<init>(EquinoxContainer.java:94)
	at org.eclipse.osgi.launch.Equinox.<init>(Equinox.java:34)
	at org.eclipse.core.runtime.adaptor.EclipseStarter.startup(EclipseStarter.java:315)
	at org.eclipse.core.runtime.adaptor.EclipseStarter.run(EclipseStarter.java:251)
	at padl.creator.cppfile.eclipse.misc.EclipseCPPParserCaller.createCodeLevelModelUsingOSGiEmbedded(EclipseCPPParserCaller.java:126)
	at padl.creator.cppfile.eclipse.CPPCreator.create(CPPCreator.java:28)
	at padl.kernel.impl.CodeLevelModel.create(CodeLevelModel.java:41)
	at padl.generator.helper.ModelGenerator.generateModelFromCppFilesUsingEclipse(ModelGenerator.java:286)
	at padl.generator.helper.ModelGenerator.generateModelFromCppFilesUsingEclipse(ModelGenerator.java:298)
	at padl.creator.cppfile.eclipse.test.simple.StructuresTest.setUp(StructuresTest.java:29)
	at junit.framework.TestCase.runBare(TestCase.java:140)
	at junit.framework.TestResult$1.protect(TestResult.java:122)
	at junit.framework.TestResult.runProtected(TestResult.java:142)
	at junit.framework.TestResult.run(TestResult.java:125)
	at junit.framework.TestCase.run(TestCase.java:130)
	at junit.framework.TestSuite.runTest(TestSuite.java:241)
	at junit.framework.TestSuite.run(TestSuite.java:236)
	at junit.framework.TestSuite.runTest(TestSuite.java:241)
	at junit.framework.TestSuite.run(TestSuite.java:236)
	at org.junit.internal.runners.JUnit38ClassRunner.run(JUnit38ClassRunner.java:90)
	at org.eclipse.jdt.internal.junit4.runner.JUnit4TestReference.run(JUnit4TestReference.java:93)
	at org.eclipse.jdt.internal.junit.runner.TestExecution.run(TestExecution.java:40)
	at org.eclipse.jdt.internal.junit.runner.RemoteTestRunner.runTests(RemoteTestRunner.java:529)
	at org.eclipse.jdt.internal.junit.runner.RemoteTestRunner.runTests(RemoteTestRunner.java:756)
	at org.eclipse.jdt.internal.junit.runner.RemoteTestRunner.run(RemoteTestRunner.java:452)
	at org.eclipse.jdt.internal.junit.runner.RemoteTestRunner.main(RemoteTestRunner.java:210)

!ENTRY org.eclipse.osgi 4 0 2022-09-18 10:46:13.161
!MESSAGE Unable to make field private static volatile java.net.URLStreamHandlerFactory java.net.URL.factory accessible: module java.base does not "opens java.net" to unnamed module @6d00a15d
!STACK 0
java.lang.reflect.InaccessibleObjectException: Unable to make field private static volatile java.net.URLStreamHandlerFactory java.net.URL.factory accessible: module java.base does not "opens java.net" to unnamed module @6d00a15d
	at java.base/java.lang.reflect.AccessibleObject.checkCanSetAccessible(AccessibleObject.java:354)
	at java.base/java.lang.reflect.AccessibleObject.checkCanSetAccessible(AccessibleObject.java:297)
	at java.base/java.lang.reflect.Field.checkCanSetAccessible(Field.java:178)
	at java.base/java.lang.reflect.Field.setAccessible(Field.java:172)
	at org.eclipse.osgi.internal.url.MultiplexingFactory.setAccessible(MultiplexingFactory.java:254)
	at org.eclipse.osgi.internal.url.EquinoxFactoryManager.getField(EquinoxFactoryManager.java:247)
	at org.eclipse.osgi.internal.url.EquinoxFactoryManager.forceURLStreamHandlerFactory(EquinoxFactoryManager.java:61)
	at org.eclipse.osgi.internal.url.EquinoxFactoryManager.installURLStreamHandlerFactory(EquinoxFactoryManager.java:50)
	at org.eclipse.osgi.internal.url.EquinoxFactoryManager.installHandlerFactories(EquinoxFactoryManager.java:38)
	at org.eclipse.osgi.internal.framework.SystemBundleActivator.start(SystemBundleActivator.java:71)
	at org.eclipse.osgi.internal.framework.BundleContextImpl$3.run(BundleContextImpl.java:842)
	at org.eclipse.osgi.internal.framework.BundleContextImpl$3.run(BundleContextImpl.java:1)
	at java.base/java.security.AccessController.doPrivileged(AccessController.java:569)
	at org.eclipse.osgi.internal.framework.BundleContextImpl.startActivator(BundleContextImpl.java:834)
	at org.eclipse.osgi.internal.framework.BundleContextImpl.start(BundleContextImpl.java:791)
	at org.eclipse.osgi.internal.framework.EquinoxBundle.startWorker0(EquinoxBundle.java:1015)
	at org.eclipse.osgi.internal.framework.EquinoxBundle$SystemBundle$EquinoxSystemModule.initWorker(EquinoxBundle.java:197)
	at org.eclipse.osgi.container.SystemModule.init(SystemModule.java:99)
	at org.eclipse.osgi.internal.framework.EquinoxBundle$SystemBundle.init(EquinoxBundle.java:280)
	at org.eclipse.osgi.internal.framework.EquinoxBundle$SystemBundle.init(EquinoxBundle.java:264)
	at org.eclipse.osgi.launch.Equinox.init(Equinox.java:185)
	at org.eclipse.core.runtime.adaptor.EclipseStarter.startup(EclipseStarter.java:316)
	at org.eclipse.core.runtime.adaptor.EclipseStarter.run(EclipseStarter.java:251)
	at padl.creator.cppfile.eclipse.misc.EclipseCPPParserCaller.createCodeLevelModelUsingOSGiEmbedded(EclipseCPPParserCaller.java:126)
	at padl.creator.cppfile.eclipse.CPPCreator.create(CPPCreator.java:28)
	at padl.kernel.impl.CodeLevelModel.create(CodeLevelModel.java:41)
	at padl.generator.helper.ModelGenerator.generateModelFromCppFilesUsingEclipse(ModelGenerator.java:286)
	at padl.generator.helper.ModelGenerator.generateModelFromCppFilesUsingEclipse(ModelGenerator.java:298)
	at padl.creator.cppfile.eclipse.test.simple.StructuresTest.setUp(StructuresTest.java:29)
	at junit.framework.TestCase.runBare(TestCase.java:140)
	at junit.framework.TestResult$1.protect(TestResult.java:122)
	at junit.framework.TestResult.runProtected(TestResult.java:142)
	at junit.framework.TestResult.run(TestResult.java:125)
	at junit.framework.TestCase.run(TestCase.java:130)
	at junit.framework.TestSuite.runTest(TestSuite.java:241)
	at junit.framework.TestSuite.run(TestSuite.java:236)
	at junit.framework.TestSuite.runTest(TestSuite.java:241)
	at junit.framework.TestSuite.run(TestSuite.java:236)
	at org.junit.internal.runners.JUnit38ClassRunner.run(JUnit38ClassRunner.java:90)
	at org.eclipse.jdt.internal.junit4.runner.JUnit4TestReference.run(JUnit4TestReference.java:93)
	at org.eclipse.jdt.internal.junit.runner.TestExecution.run(TestExecution.java:40)
	at org.eclipse.jdt.internal.junit.runner.RemoteTestRunner.runTests(RemoteTestRunner.java:529)
	at org.eclipse.jdt.internal.junit.runner.RemoteTestRunner.runTests(RemoteTestRunner.java:756)
	at org.eclipse.jdt.internal.junit.runner.RemoteTestRunner.run(RemoteTestRunner.java:452)
	at org.eclipse.jdt.internal.junit.runner.RemoteTestRunner.main(RemoteTestRunner.java:210)

!ENTRY org.eclipse.osgi 4 0 2022-09-18 10:46:13.162
!MESSAGE Unable to make field private static volatile java.net.ContentHandlerFactory java.net.URLConnection.factory accessible: module java.base does not "opens java.net" to unnamed module @6d00a15d
!STACK 0
java.lang.reflect.InaccessibleObjectException: Unable to make field private static volatile java.net.ContentHandlerFactory java.net.URLConnection.factory accessible: module java.base does not "opens java.net" to unnamed module @6d00a15d
	at java.base/java.lang.reflect.AccessibleObject.checkCanSetAccessible(AccessibleObject.java:354)
	at java.base/java.lang.reflect.AccessibleObject.checkCanSetAccessible(AccessibleObject.java:297)
	at java.base/java.lang.reflect.Field.checkCanSetAccessible(Field.java:178)
	at java.base/java.lang.reflect.Field.setAccessible(Field.java:172)
	at org.eclipse.osgi.internal.url.MultiplexingFactory.setAccessible(MultiplexingFactory.java:254)
	at org.eclipse.osgi.internal.url.EquinoxFactoryManager.getField(EquinoxFactoryManager.java:247)
	at org.eclipse.osgi.internal.url.EquinoxFactoryManager.forceContentHandlerFactory(EquinoxFactoryManager.java:132)
	at org.eclipse.osgi.internal.url.EquinoxFactoryManager.installContentHandlerFactory(EquinoxFactoryManager.java:120)
	at org.eclipse.osgi.internal.url.EquinoxFactoryManager.installHandlerFactories(EquinoxFactoryManager.java:39)
	at org.eclipse.osgi.internal.framework.SystemBundleActivator.start(SystemBundleActivator.java:71)
	at org.eclipse.osgi.internal.framework.BundleContextImpl$3.run(BundleContextImpl.java:842)
	at org.eclipse.osgi.internal.framework.BundleContextImpl$3.run(BundleContextImpl.java:1)
	at java.base/java.security.AccessController.doPrivileged(AccessController.java:569)
	at org.eclipse.osgi.internal.framework.BundleContextImpl.startActivator(BundleContextImpl.java:834)
	at org.eclipse.osgi.internal.framework.BundleContextImpl.start(BundleContextImpl.java:791)
	at org.eclipse.osgi.internal.framework.EquinoxBundle.startWorker0(EquinoxBundle.java:1015)
	at org.eclipse.osgi.internal.framework.EquinoxBundle$SystemBundle$EquinoxSystemModule.initWorker(EquinoxBundle.java:197)
	at org.eclipse.osgi.container.SystemModule.init(SystemModule.java:99)
	at org.eclipse.osgi.internal.framework.EquinoxBundle$SystemBundle.init(EquinoxBundle.java:280)
	at org.eclipse.osgi.internal.framework.EquinoxBundle$SystemBundle.init(EquinoxBundle.java:264)
	at org.eclipse.osgi.launch.Equinox.init(Equinox.java:185)
	at org.eclipse.core.runtime.adaptor.EclipseStarter.startup(EclipseStarter.java:316)
	at org.eclipse.core.runtime.adaptor.EclipseStarter.run(EclipseStarter.java:251)
	at padl.creator.cppfile.eclipse.misc.EclipseCPPParserCaller.createCodeLevelModelUsingOSGiEmbedded(EclipseCPPParserCaller.java:126)
	at padl.creator.cppfile.eclipse.CPPCreator.create(CPPCreator.java:28)
	at padl.kernel.impl.CodeLevelModel.create(CodeLevelModel.java:41)
	at padl.generator.helper.ModelGenerator.generateModelFromCppFilesUsingEclipse(ModelGenerator.java:286)
	at padl.generator.helper.ModelGenerator.generateModelFromCppFilesUsingEclipse(ModelGenerator.java:298)
	at padl.creator.cppfile.eclipse.test.simple.StructuresTest.setUp(StructuresTest.java:29)
	at junit.framework.TestCase.runBare(TestCase.java:140)
	at junit.framework.TestResult$1.protect(TestResult.java:122)
	at junit.framework.TestResult.runProtected(TestResult.java:142)
	at junit.framework.TestResult.run(TestResult.java:125)
	at junit.framework.TestCase.run(TestCase.java:130)
	at junit.framework.TestSuite.runTest(TestSuite.java:241)
	at junit.framework.TestSuite.run(TestSuite.java:236)
	at junit.framework.TestSuite.runTest(TestSuite.java:241)
	at junit.framework.TestSuite.run(TestSuite.java:236)
	at org.junit.internal.runners.JUnit38ClassRunner.run(JUnit38ClassRunner.java:90)
	at org.eclipse.jdt.internal.junit4.runner.JUnit4TestReference.run(JUnit4TestReference.java:93)
	at org.eclipse.jdt.internal.junit.runner.TestExecution.run(TestExecution.java:40)
	at org.eclipse.jdt.internal.junit.runner.RemoteTestRunner.runTests(RemoteTestRunner.java:529)
	at org.eclipse.jdt.internal.junit.runner.RemoteTestRunner.runTests(RemoteTestRunner.java:756)
	at org.eclipse.jdt.internal.junit.runner.RemoteTestRunner.run(RemoteTestRunner.java:452)
	at org.eclipse.jdt.internal.junit.runner.RemoteTestRunner.main(RemoteTestRunner.java:210)

!ENTRY org.eclipse.osgi 4 0 2022-09-18 10:46:13.173
!MESSAGE Bundle reference:file:D:/Software/Ptidej Workspaces/v5.3/plugins/PADL_Creator_Cpp_Eclipse_1.5.0.jar not found.

!ENTRY PADL_Creator_Cpp_Eclipse 2 0 2022-09-18 10:46:13.459
!MESSAGE Could not resolve module: PADL_Creator_Cpp_Eclipse [32]
  Unresolved requirement: Require-Bundle: CPL; bundle-version="1.5.0"


!ENTRY org.eclipse.osgi 4 0 2022-09-18 10:46:13.459
!MESSAGE Application error
!STACK 1
java.lang.RuntimeException: Application "PADL_Creator_Cpp_Eclipse.Launcher" could not be found in the registry. The applications available are: org.eclipse.cdt.managedbuilder.core.headlessbuild, org.eclipse.jdt.core.JavaCodeFormatter, org.eclipse.jdt.core.JavaIndexer, org.eclipse.e4.ui.workbench.swt.E4Application, org.eclipse.e4.ui.workbench.swt.GenTopic, org.eclipse.ant.core.antRunner, org.eclipse.cdt.core.GeneratePDOM, org.eclipse.equinox.app.error.
	at org.eclipse.equinox.internal.app.EclipseAppContainer.startDefaultApp(EclipseAppContainer.java:248)
	at org.eclipse.equinox.internal.app.MainApplicationLauncher.run(MainApplicationLauncher.java:29)
	at org.eclipse.core.runtime.internal.adaptor.EclipseAppLauncher.runApplication(EclipseAppLauncher.java:137)
	at org.eclipse.core.runtime.internal.adaptor.EclipseAppLauncher.start(EclipseAppLauncher.java:107)
	at org.eclipse.core.runtime.adaptor.EclipseStarter.run(EclipseStarter.java:401)
	at org.eclipse.core.runtime.adaptor.EclipseStarter.run(EclipseStarter.java:255)
	at padl.creator.cppfile.eclipse.misc.EclipseCPPParserCaller.createCodeLevelModelUsingOSGiEmbedded(EclipseCPPParserCaller.java:126)
	at padl.creator.cppfile.eclipse.CPPCreator.create(CPPCreator.java:28)
	at padl.kernel.impl.CodeLevelModel.create(CodeLevelModel.java:41)
	at padl.generator.helper.ModelGenerator.generateModelFromCppFilesUsingEclipse(ModelGenerator.java:286)
	at padl.generator.helper.ModelGenerator.generateModelFromCppFilesUsingEclipse(ModelGenerator.java:298)
	at padl.creator.cppfile.eclipse.test.simple.StructuresTest.setUp(StructuresTest.java:29)
	at junit.framework.TestCase.runBare(TestCase.java:140)
	at junit.framework.TestResult$1.protect(TestResult.java:122)
	at junit.framework.TestResult.runProtected(TestResult.java:142)
	at junit.framework.TestResult.run(TestResult.java:125)
	at junit.framework.TestCase.run(TestCase.java:130)
	at junit.framework.TestSuite.runTest(TestSuite.java:241)
	at junit.framework.TestSuite.run(TestSuite.java:236)
	at junit.framework.TestSuite.runTest(TestSuite.java:241)
	at junit.framework.TestSuite.run(TestSuite.java:236)
	at org.junit.internal.runners.JUnit38ClassRunner.run(JUnit38ClassRunner.java:90)
	at org.eclipse.jdt.internal.junit4.runner.JUnit4TestReference.run(JUnit4TestReference.java:93)
	at org.eclipse.jdt.internal.junit.runner.TestExecution.run(TestExecution.java:40)
	at org.eclipse.jdt.internal.junit.runner.RemoteTestRunner.runTests(RemoteTestRunner.java:529)
	at org.eclipse.jdt.internal.junit.runner.RemoteTestRunner.runTests(RemoteTestRunner.java:756)
	at org.eclipse.jdt.internal.junit.runner.RemoteTestRunner.run(RemoteTestRunner.java:452)
	at org.eclipse.jdt.internal.junit.runner.RemoteTestRunner.main(RemoteTestRunner.java:210)
!SESSION 2022-09-18 10:46:13.630 -----------------------------------------------
eclipse.buildId=unknown
java.version=17.0.3.1
java.vendor=Oracle Corporation
BootLoader constants: OS=win32, ARCH=x86_64, WS=win32, NL=en_CA

!ENTRY org.eclipse.osgi 2 0 2022-09-18 10:46:13.631
!MESSAGE The property 'osgi.configuration.area' with the value 'file:D:/Software/Ptidej Workspaces/v5.3/PADL Creator C++ (Eclipse) Helper/Configuration Area/' is being overriden by the OSGi standard configuration property 'org.osgi.framework.storage' with the value 'D:\Software\Ptidej Workspaces\v5.3\PADL Creator C++ (Eclipse) Helper\Configuration Area'.
!STACK 0
java.lang.IllegalArgumentException: The property 'osgi.configuration.area' with the value 'file:D:/Software/Ptidej Workspaces/v5.3/PADL Creator C++ (Eclipse) Helper/Configuration Area/' is being overriden by the OSGi standard configuration property 'org.osgi.framework.storage' with the value 'D:\Software\Ptidej Workspaces\v5.3\PADL Creator C++ (Eclipse) Helper\Configuration Area'.
	at org.eclipse.osgi.internal.location.EquinoxLocations.<init>(EquinoxLocations.java:87)
	at org.eclipse.osgi.internal.framework.EquinoxConfiguration.<init>(EquinoxConfiguration.java:547)
	at org.eclipse.osgi.internal.framework.EquinoxContainer.<init>(EquinoxContainer.java:89)
	at org.eclipse.osgi.launch.Equinox.<init>(Equinox.java:34)
	at org.eclipse.core.runtime.adaptor.EclipseStarter.startup(EclipseStarter.java:315)
	at org.eclipse.core.runtime.adaptor.EclipseStarter.run(EclipseStarter.java:251)
	at padl.creator.cppfile.eclipse.misc.EclipseCPPParserCaller.createCodeLevelModelUsingOSGiEmbedded(EclipseCPPParserCaller.java:126)
	at padl.creator.cppfile.eclipse.CPPCreator.create(CPPCreator.java:28)
	at padl.kernel.impl.CodeLevelModel.create(CodeLevelModel.java:41)
	at padl.generator.helper.ModelGenerator.generateModelFromCppFilesUsingEclipse(ModelGenerator.java:286)
	at padl.generator.helper.ModelGenerator.generateModelFromCppFilesUsingEclipse(ModelGenerator.java:298)
	at padl.creator.cppfile.eclipse.test.simple.StructuresTest.setUp(StructuresTest.java:29)
	at junit.framework.TestCase.runBare(TestCase.java:140)
	at junit.framework.TestResult$1.protect(TestResult.java:122)
	at junit.framework.TestResult.runProtected(TestResult.java:142)
	at junit.framework.TestResult.run(TestResult.java:125)
	at junit.framework.TestCase.run(TestCase.java:130)
	at junit.framework.TestSuite.runTest(TestSuite.java:241)
	at junit.framework.TestSuite.run(TestSuite.java:236)
	at junit.framework.TestSuite.runTest(TestSuite.java:241)
	at junit.framework.TestSuite.run(TestSuite.java:236)
	at org.junit.internal.runners.JUnit38ClassRunner.run(JUnit38ClassRunner.java:90)
	at org.eclipse.jdt.internal.junit4.runner.JUnit4TestReference.run(JUnit4TestReference.java:93)
	at org.eclipse.jdt.internal.junit.runner.TestExecution.run(TestExecution.java:40)
	at org.eclipse.jdt.internal.junit.runner.RemoteTestRunner.runTests(RemoteTestRunner.java:529)
	at org.eclipse.jdt.internal.junit.runner.RemoteTestRunner.runTests(RemoteTestRunner.java:756)
	at org.eclipse.jdt.internal.junit.runner.RemoteTestRunner.run(RemoteTestRunner.java:452)
	at org.eclipse.jdt.internal.junit.runner.RemoteTestRunner.main(RemoteTestRunner.java:210)

!ENTRY org.eclipse.osgi 4 0 2022-09-18 10:46:13.678
!MESSAGE Cannot support framework extension bundles without a public addURL(URL) or appendToClassPathForInstrumentation(String) method on the framework class loader: org.eclipse.equinox.weaving.hook_1.0.200.v20120524-1707 [60]
!STACK 0
org.osgi.framework.BundleException: Cannot support framework extension bundles without a public addURL(URL) or appendToClassPathForInstrumentation(String) method on the framework class loader: org.eclipse.equinox.weaving.hook_1.0.200.v20120524-1707 [60]
	at org.eclipse.osgi.storage.FrameworkExtensionInstaller.addExtensionContent0(FrameworkExtensionInstaller.java:141)
	at org.eclipse.osgi.storage.FrameworkExtensionInstaller.addExtensionContent(FrameworkExtensionInstaller.java:115)
	at org.eclipse.osgi.storage.Storage.installExtensions(Storage.java:315)
	at org.eclipse.osgi.storage.Storage.createStorage(Storage.java:181)
	at org.eclipse.osgi.internal.framework.EquinoxContainer.<init>(EquinoxContainer.java:94)
	at org.eclipse.osgi.launch.Equinox.<init>(Equinox.java:34)
	at org.eclipse.core.runtime.adaptor.EclipseStarter.startup(EclipseStarter.java:315)
	at org.eclipse.core.runtime.adaptor.EclipseStarter.run(EclipseStarter.java:251)
	at padl.creator.cppfile.eclipse.misc.EclipseCPPParserCaller.createCodeLevelModelUsingOSGiEmbedded(EclipseCPPParserCaller.java:126)
	at padl.creator.cppfile.eclipse.CPPCreator.create(CPPCreator.java:28)
	at padl.kernel.impl.CodeLevelModel.create(CodeLevelModel.java:41)
	at padl.generator.helper.ModelGenerator.generateModelFromCppFilesUsingEclipse(ModelGenerator.java:286)
	at padl.generator.helper.ModelGenerator.generateModelFromCppFilesUsingEclipse(ModelGenerator.java:298)
	at padl.creator.cppfile.eclipse.test.simple.StructuresTest.setUp(StructuresTest.java:29)
	at junit.framework.TestCase.runBare(TestCase.java:140)
	at junit.framework.TestResult$1.protect(TestResult.java:122)
	at junit.framework.TestResult.runProtected(TestResult.java:142)
	at junit.framework.TestResult.run(TestResult.java:125)
	at junit.framework.TestCase.run(TestCase.java:130)
	at junit.framework.TestSuite.runTest(TestSuite.java:241)
	at junit.framework.TestSuite.run(TestSuite.java:236)
	at junit.framework.TestSuite.runTest(TestSuite.java:241)
	at junit.framework.TestSuite.run(TestSuite.java:236)
	at org.junit.internal.runners.JUnit38ClassRunner.run(JUnit38ClassRunner.java:90)
	at org.eclipse.jdt.internal.junit4.runner.JUnit4TestReference.run(JUnit4TestReference.java:93)
	at org.eclipse.jdt.internal.junit.runner.TestExecution.run(TestExecution.java:40)
	at org.eclipse.jdt.internal.junit.runner.RemoteTestRunner.runTests(RemoteTestRunner.java:529)
	at org.eclipse.jdt.internal.junit.runner.RemoteTestRunner.runTests(RemoteTestRunner.java:756)
	at org.eclipse.jdt.internal.junit.runner.RemoteTestRunner.run(RemoteTestRunner.java:452)
	at org.eclipse.jdt.internal.junit.runner.RemoteTestRunner.main(RemoteTestRunner.java:210)

!ENTRY org.eclipse.osgi 4 0 2022-09-18 10:46:13.681
!MESSAGE Unable to make field private static volatile java.net.URLStreamHandlerFactory java.net.URL.factory accessible: module java.base does not "opens java.net" to unnamed module @6d00a15d
!STACK 0
java.lang.reflect.InaccessibleObjectException: Unable to make field private static volatile java.net.URLStreamHandlerFactory java.net.URL.factory accessible: module java.base does not "opens java.net" to unnamed module @6d00a15d
	at java.base/java.lang.reflect.AccessibleObject.checkCanSetAccessible(AccessibleObject.java:354)
	at java.base/java.lang.reflect.AccessibleObject.checkCanSetAccessible(AccessibleObject.java:297)
	at java.base/java.lang.reflect.Field.checkCanSetAccessible(Field.java:178)
	at java.base/java.lang.reflect.Field.setAccessible(Field.java:172)
	at org.eclipse.osgi.internal.url.MultiplexingFactory.setAccessible(MultiplexingFactory.java:254)
	at org.eclipse.osgi.internal.url.EquinoxFactoryManager.getField(EquinoxFactoryManager.java:247)
	at org.eclipse.osgi.internal.url.EquinoxFactoryManager.forceURLStreamHandlerFactory(EquinoxFactoryManager.java:61)
	at org.eclipse.osgi.internal.url.EquinoxFactoryManager.installURLStreamHandlerFactory(EquinoxFactoryManager.java:50)
	at org.eclipse.osgi.internal.url.EquinoxFactoryManager.installHandlerFactories(EquinoxFactoryManager.java:38)
	at org.eclipse.osgi.internal.framework.SystemBundleActivator.start(SystemBundleActivator.java:71)
	at org.eclipse.osgi.internal.framework.BundleContextImpl$3.run(BundleContextImpl.java:842)
	at org.eclipse.osgi.internal.framework.BundleContextImpl$3.run(BundleContextImpl.java:1)
	at java.base/java.security.AccessController.doPrivileged(AccessController.java:569)
	at org.eclipse.osgi.internal.framework.BundleContextImpl.startActivator(BundleContextImpl.java:834)
	at org.eclipse.osgi.internal.framework.BundleContextImpl.start(BundleContextImpl.java:791)
	at org.eclipse.osgi.internal.framework.EquinoxBundle.startWorker0(EquinoxBundle.java:1015)
	at org.eclipse.osgi.internal.framework.EquinoxBundle$SystemBundle$EquinoxSystemModule.initWorker(EquinoxBundle.java:197)
	at org.eclipse.osgi.container.SystemModule.init(SystemModule.java:99)
	at org.eclipse.osgi.internal.framework.EquinoxBundle$SystemBundle.init(EquinoxBundle.java:280)
	at org.eclipse.osgi.internal.framework.EquinoxBundle$SystemBundle.init(EquinoxBundle.java:264)
	at org.eclipse.osgi.launch.Equinox.init(Equinox.java:185)
	at org.eclipse.core.runtime.adaptor.EclipseStarter.startup(EclipseStarter.java:316)
	at org.eclipse.core.runtime.adaptor.EclipseStarter.run(EclipseStarter.java:251)
	at padl.creator.cppfile.eclipse.misc.EclipseCPPParserCaller.createCodeLevelModelUsingOSGiEmbedded(EclipseCPPParserCaller.java:126)
	at padl.creator.cppfile.eclipse.CPPCreator.create(CPPCreator.java:28)
	at padl.kernel.impl.CodeLevelModel.create(CodeLevelModel.java:41)
	at padl.generator.helper.ModelGenerator.generateModelFromCppFilesUsingEclipse(ModelGenerator.java:286)
	at padl.generator.helper.ModelGenerator.generateModelFromCppFilesUsingEclipse(ModelGenerator.java:298)
	at padl.creator.cppfile.eclipse.test.simple.StructuresTest.setUp(StructuresTest.java:29)
	at junit.framework.TestCase.runBare(TestCase.java:140)
	at junit.framework.TestResult$1.protect(TestResult.java:122)
	at junit.framework.TestResult.runProtected(TestResult.java:142)
	at junit.framework.TestResult.run(TestResult.java:125)
	at junit.framework.TestCase.run(TestCase.java:130)
	at junit.framework.TestSuite.runTest(TestSuite.java:241)
	at junit.framework.TestSuite.run(TestSuite.java:236)
	at junit.framework.TestSuite.runTest(TestSuite.java:241)
	at junit.framework.TestSuite.run(TestSuite.java:236)
	at org.junit.internal.runners.JUnit38ClassRunner.run(JUnit38ClassRunner.java:90)
	at org.eclipse.jdt.internal.junit4.runner.JUnit4TestReference.run(JUnit4TestReference.java:93)
	at org.eclipse.jdt.internal.junit.runner.TestExecution.run(TestExecution.java:40)
	at org.eclipse.jdt.internal.junit.runner.RemoteTestRunner.runTests(RemoteTestRunner.java:529)
	at org.eclipse.jdt.internal.junit.runner.RemoteTestRunner.runTests(RemoteTestRunner.java:756)
	at org.eclipse.jdt.internal.junit.runner.RemoteTestRunner.run(RemoteTestRunner.java:452)
	at org.eclipse.jdt.internal.junit.runner.RemoteTestRunner.main(RemoteTestRunner.java:210)

!ENTRY org.eclipse.osgi 4 0 2022-09-18 10:46:13.682
!MESSAGE Unable to make field private static volatile java.net.ContentHandlerFactory java.net.URLConnection.factory accessible: module java.base does not "opens java.net" to unnamed module @6d00a15d
!STACK 0
java.lang.reflect.InaccessibleObjectException: Unable to make field private static volatile java.net.ContentHandlerFactory java.net.URLConnection.factory accessible: module java.base does not "opens java.net" to unnamed module @6d00a15d
	at java.base/java.lang.reflect.AccessibleObject.checkCanSetAccessible(AccessibleObject.java:354)
	at java.base/java.lang.reflect.AccessibleObject.checkCanSetAccessible(AccessibleObject.java:297)
	at java.base/java.lang.reflect.Field.checkCanSetAccessible(Field.java:178)
	at java.base/java.lang.reflect.Field.setAccessible(Field.java:172)
	at org.eclipse.osgi.internal.url.MultiplexingFactory.setAccessible(MultiplexingFactory.java:254)
	at org.eclipse.osgi.internal.url.EquinoxFactoryManager.getField(EquinoxFactoryManager.java:247)
	at org.eclipse.osgi.internal.url.EquinoxFactoryManager.forceContentHandlerFactory(EquinoxFactoryManager.java:132)
	at org.eclipse.osgi.internal.url.EquinoxFactoryManager.installContentHandlerFactory(EquinoxFactoryManager.java:120)
	at org.eclipse.osgi.internal.url.EquinoxFactoryManager.installHandlerFactories(EquinoxFactoryManager.java:39)
	at org.eclipse.osgi.internal.framework.SystemBundleActivator.start(SystemBundleActivator.java:71)
	at org.eclipse.osgi.internal.framework.BundleContextImpl$3.run(BundleContextImpl.java:842)
	at org.eclipse.osgi.internal.framework.BundleContextImpl$3.run(BundleContextImpl.java:1)
	at java.base/java.security.AccessController.doPrivileged(AccessController.java:569)
	at org.eclipse.osgi.internal.framework.BundleContextImpl.startActivator(BundleContextImpl.java:834)
	at org.eclipse.osgi.internal.framework.BundleContextImpl.start(BundleContextImpl.java:791)
	at org.eclipse.osgi.internal.framework.EquinoxBundle.startWorker0(EquinoxBundle.java:1015)
	at org.eclipse.osgi.internal.framework.EquinoxBundle$SystemBundle$EquinoxSystemModule.initWorker(EquinoxBundle.java:197)
	at org.eclipse.osgi.container.SystemModule.init(SystemModule.java:99)
	at org.eclipse.osgi.internal.framework.EquinoxBundle$SystemBundle.init(EquinoxBundle.java:280)
	at org.eclipse.osgi.internal.framework.EquinoxBundle$SystemBundle.init(EquinoxBundle.java:264)
	at org.eclipse.osgi.launch.Equinox.init(Equinox.java:185)
	at org.eclipse.core.runtime.adaptor.EclipseStarter.startup(EclipseStarter.java:316)
	at org.eclipse.core.runtime.adaptor.EclipseStarter.run(EclipseStarter.java:251)
	at padl.creator.cppfile.eclipse.misc.EclipseCPPParserCaller.createCodeLevelModelUsingOSGiEmbedded(EclipseCPPParserCaller.java:126)
	at padl.creator.cppfile.eclipse.CPPCreator.create(CPPCreator.java:28)
	at padl.kernel.impl.CodeLevelModel.create(CodeLevelModel.java:41)
	at padl.generator.helper.ModelGenerator.generateModelFromCppFilesUsingEclipse(ModelGenerator.java:286)
	at padl.generator.helper.ModelGenerator.generateModelFromCppFilesUsingEclipse(ModelGenerator.java:298)
	at padl.creator.cppfile.eclipse.test.simple.StructuresTest.setUp(StructuresTest.java:29)
	at junit.framework.TestCase.runBare(TestCase.java:140)
	at junit.framework.TestResult$1.protect(TestResult.java:122)
	at junit.framework.TestResult.runProtected(TestResult.java:142)
	at junit.framework.TestResult.run(TestResult.java:125)
	at junit.framework.TestCase.run(TestCase.java:130)
	at junit.framework.TestSuite.runTest(TestSuite.java:241)
	at junit.framework.TestSuite.run(TestSuite.java:236)
	at junit.framework.TestSuite.runTest(TestSuite.java:241)
	at junit.framework.TestSuite.run(TestSuite.java:236)
	at org.junit.internal.runners.JUnit38ClassRunner.run(JUnit38ClassRunner.java:90)
	at org.eclipse.jdt.internal.junit4.runner.JUnit4TestReference.run(JUnit4TestReference.java:93)
	at org.eclipse.jdt.internal.junit.runner.TestExecution.run(TestExecution.java:40)
	at org.eclipse.jdt.internal.junit.runner.RemoteTestRunner.runTests(RemoteTestRunner.java:529)
	at org.eclipse.jdt.internal.junit.runner.RemoteTestRunner.runTests(RemoteTestRunner.java:756)
	at org.eclipse.jdt.internal.junit.runner.RemoteTestRunner.run(RemoteTestRunner.java:452)
	at org.eclipse.jdt.internal.junit.runner.RemoteTestRunner.main(RemoteTestRunner.java:210)

!ENTRY org.eclipse.osgi 4 0 2022-09-18 10:46:13.690
!MESSAGE Bundle reference:file:D:/Software/Ptidej Workspaces/v5.3/plugins/PADL_Creator_Cpp_Eclipse_1.5.0.jar not found.

!ENTRY PADL_Creator_Cpp_Eclipse 2 0 2022-09-18 10:46:13.978
!MESSAGE Could not resolve module: PADL_Creator_Cpp_Eclipse [32]
  Unresolved requirement: Require-Bundle: CPL; bundle-version="1.5.0"


!ENTRY org.eclipse.osgi 4 0 2022-09-18 10:46:13.979
!MESSAGE Application error
!STACK 1
java.lang.RuntimeException: Application "PADL_Creator_Cpp_Eclipse.Launcher" could not be found in the registry. The applications available are: org.eclipse.cdt.managedbuilder.core.headlessbuild, org.eclipse.jdt.core.JavaCodeFormatter, org.eclipse.jdt.core.JavaIndexer, org.eclipse.e4.ui.workbench.swt.E4Application, org.eclipse.e4.ui.workbench.swt.GenTopic, org.eclipse.ant.core.antRunner, org.eclipse.cdt.core.GeneratePDOM, org.eclipse.equinox.app.error.
	at org.eclipse.equinox.internal.app.EclipseAppContainer.startDefaultApp(EclipseAppContainer.java:248)
	at org.eclipse.equinox.internal.app.MainApplicationLauncher.run(MainApplicationLauncher.java:29)
	at org.eclipse.core.runtime.internal.adaptor.EclipseAppLauncher.runApplication(EclipseAppLauncher.java:137)
	at org.eclipse.core.runtime.internal.adaptor.EclipseAppLauncher.start(EclipseAppLauncher.java:107)
	at org.eclipse.core.runtime.adaptor.EclipseStarter.run(EclipseStarter.java:401)
	at org.eclipse.core.runtime.adaptor.EclipseStarter.run(EclipseStarter.java:255)
	at padl.creator.cppfile.eclipse.misc.EclipseCPPParserCaller.createCodeLevelModelUsingOSGiEmbedded(EclipseCPPParserCaller.java:126)
	at padl.creator.cppfile.eclipse.CPPCreator.create(CPPCreator.java:28)
	at padl.kernel.impl.CodeLevelModel.create(CodeLevelModel.java:41)
	at padl.generator.helper.ModelGenerator.generateModelFromCppFilesUsingEclipse(ModelGenerator.java:286)
	at padl.generator.helper.ModelGenerator.generateModelFromCppFilesUsingEclipse(ModelGenerator.java:298)
	at padl.creator.cppfile.eclipse.test.simple.StructuresTest.setUp(StructuresTest.java:29)
	at junit.framework.TestCase.runBare(TestCase.java:140)
	at junit.framework.TestResult$1.protect(TestResult.java:122)
	at junit.framework.TestResult.runProtected(TestResult.java:142)
	at junit.framework.TestResult.run(TestResult.java:125)
	at junit.framework.TestCase.run(TestCase.java:130)
	at junit.framework.TestSuite.runTest(TestSuite.java:241)
	at junit.framework.TestSuite.run(TestSuite.java:236)
	at junit.framework.TestSuite.runTest(TestSuite.java:241)
	at junit.framework.TestSuite.run(TestSuite.java:236)
	at org.junit.internal.runners.JUnit38ClassRunner.run(JUnit38ClassRunner.java:90)
	at org.eclipse.jdt.internal.junit4.runner.JUnit4TestReference.run(JUnit4TestReference.java:93)
	at org.eclipse.jdt.internal.junit.runner.TestExecution.run(TestExecution.java:40)
	at org.eclipse.jdt.internal.junit.runner.RemoteTestRunner.runTests(RemoteTestRunner.java:529)
	at org.eclipse.jdt.internal.junit.runner.RemoteTestRunner.runTests(RemoteTestRunner.java:756)
	at org.eclipse.jdt.internal.junit.runner.RemoteTestRunner.run(RemoteTestRunner.java:452)
	at org.eclipse.jdt.internal.junit.runner.RemoteTestRunner.main(RemoteTestRunner.java:210)
!SESSION 2022-09-18 10:46:14.159 -----------------------------------------------
eclipse.buildId=unknown
java.version=17.0.3.1
java.vendor=Oracle Corporation
BootLoader constants: OS=win32, ARCH=x86_64, WS=win32, NL=en_CA

!ENTRY org.eclipse.osgi 2 0 2022-09-18 10:46:14.159
!MESSAGE The property 'osgi.configuration.area' with the value 'file:D:/Software/Ptidej Workspaces/v5.3/PADL Creator C++ (Eclipse) Helper/Configuration Area/' is being overriden by the OSGi standard configuration property 'org.osgi.framework.storage' with the value 'D:\Software\Ptidej Workspaces\v5.3\PADL Creator C++ (Eclipse) Helper\Configuration Area'.
!STACK 0
java.lang.IllegalArgumentException: The property 'osgi.configuration.area' with the value 'file:D:/Software/Ptidej Workspaces/v5.3/PADL Creator C++ (Eclipse) Helper/Configuration Area/' is being overriden by the OSGi standard configuration property 'org.osgi.framework.storage' with the value 'D:\Software\Ptidej Workspaces\v5.3\PADL Creator C++ (Eclipse) Helper\Configuration Area'.
	at org.eclipse.osgi.internal.location.EquinoxLocations.<init>(EquinoxLocations.java:87)
	at org.eclipse.osgi.internal.framework.EquinoxConfiguration.<init>(EquinoxConfiguration.java:547)
	at org.eclipse.osgi.internal.framework.EquinoxContainer.<init>(EquinoxContainer.java:89)
	at org.eclipse.osgi.launch.Equinox.<init>(Equinox.java:34)
	at org.eclipse.core.runtime.adaptor.EclipseStarter.startup(EclipseStarter.java:315)
	at org.eclipse.core.runtime.adaptor.EclipseStarter.run(EclipseStarter.java:251)
	at padl.creator.cppfile.eclipse.misc.EclipseCPPParserCaller.createCodeLevelModelUsingOSGiEmbedded(EclipseCPPParserCaller.java:126)
	at padl.creator.cppfile.eclipse.misc.EclipseCPPParserCaller.getCodeLevelModelUsingOSGiEmbedded(EclipseCPPParserCaller.java:337)
	at padl.creator.cppfile.eclipse.test.big.QMakeTest.test1(QMakeTest.java:24)
	at java.base/jdk.internal.reflect.NativeMethodAccessorImpl.invoke0(Native Method)
	at java.base/jdk.internal.reflect.NativeMethodAccessorImpl.invoke(NativeMethodAccessorImpl.java:77)
	at java.base/jdk.internal.reflect.DelegatingMethodAccessorImpl.invoke(DelegatingMethodAccessorImpl.java:43)
	at java.base/java.lang.reflect.Method.invoke(Method.java:568)
	at junit.framework.TestCase.runTest(TestCase.java:177)
	at junit.framework.TestCase.runBare(TestCase.java:142)
	at junit.framework.TestResult$1.protect(TestResult.java:122)
	at junit.framework.TestResult.runProtected(TestResult.java:142)
	at junit.framework.TestResult.run(TestResult.java:125)
	at junit.framework.TestCase.run(TestCase.java:130)
	at junit.framework.TestSuite.runTest(TestSuite.java:241)
	at junit.framework.TestSuite.run(TestSuite.java:236)
	at junit.framework.TestSuite.runTest(TestSuite.java:241)
	at junit.framework.TestSuite.run(TestSuite.java:236)
	at org.junit.internal.runners.JUnit38ClassRunner.run(JUnit38ClassRunner.java:90)
	at org.eclipse.jdt.internal.junit4.runner.JUnit4TestReference.run(JUnit4TestReference.java:93)
	at org.eclipse.jdt.internal.junit.runner.TestExecution.run(TestExecution.java:40)
	at org.eclipse.jdt.internal.junit.runner.RemoteTestRunner.runTests(RemoteTestRunner.java:529)
	at org.eclipse.jdt.internal.junit.runner.RemoteTestRunner.runTests(RemoteTestRunner.java:756)
	at org.eclipse.jdt.internal.junit.runner.RemoteTestRunner.run(RemoteTestRunner.java:452)
	at org.eclipse.jdt.internal.junit.runner.RemoteTestRunner.main(RemoteTestRunner.java:210)

!ENTRY org.eclipse.osgi 4 0 2022-09-18 10:46:14.242
!MESSAGE Cannot support framework extension bundles without a public addURL(URL) or appendToClassPathForInstrumentation(String) method on the framework class loader: org.eclipse.equinox.weaving.hook_1.0.200.v20120524-1707 [60]
!STACK 0
org.osgi.framework.BundleException: Cannot support framework extension bundles without a public addURL(URL) or appendToClassPathForInstrumentation(String) method on the framework class loader: org.eclipse.equinox.weaving.hook_1.0.200.v20120524-1707 [60]
	at org.eclipse.osgi.storage.FrameworkExtensionInstaller.addExtensionContent0(FrameworkExtensionInstaller.java:141)
	at org.eclipse.osgi.storage.FrameworkExtensionInstaller.addExtensionContent(FrameworkExtensionInstaller.java:115)
	at org.eclipse.osgi.storage.Storage.installExtensions(Storage.java:315)
	at org.eclipse.osgi.storage.Storage.createStorage(Storage.java:181)
	at org.eclipse.osgi.internal.framework.EquinoxContainer.<init>(EquinoxContainer.java:94)
	at org.eclipse.osgi.launch.Equinox.<init>(Equinox.java:34)
	at org.eclipse.core.runtime.adaptor.EclipseStarter.startup(EclipseStarter.java:315)
	at org.eclipse.core.runtime.adaptor.EclipseStarter.run(EclipseStarter.java:251)
	at padl.creator.cppfile.eclipse.misc.EclipseCPPParserCaller.createCodeLevelModelUsingOSGiEmbedded(EclipseCPPParserCaller.java:126)
	at padl.creator.cppfile.eclipse.misc.EclipseCPPParserCaller.getCodeLevelModelUsingOSGiEmbedded(EclipseCPPParserCaller.java:337)
	at padl.creator.cppfile.eclipse.test.big.QMakeTest.test1(QMakeTest.java:24)
	at java.base/jdk.internal.reflect.NativeMethodAccessorImpl.invoke0(Native Method)
	at java.base/jdk.internal.reflect.NativeMethodAccessorImpl.invoke(NativeMethodAccessorImpl.java:77)
	at java.base/jdk.internal.reflect.DelegatingMethodAccessorImpl.invoke(DelegatingMethodAccessorImpl.java:43)
	at java.base/java.lang.reflect.Method.invoke(Method.java:568)
	at junit.framework.TestCase.runTest(TestCase.java:177)
	at junit.framework.TestCase.runBare(TestCase.java:142)
	at junit.framework.TestResult$1.protect(TestResult.java:122)
	at junit.framework.TestResult.runProtected(TestResult.java:142)
	at junit.framework.TestResult.run(TestResult.java:125)
	at junit.framework.TestCase.run(TestCase.java:130)
	at junit.framework.TestSuite.runTest(TestSuite.java:241)
	at junit.framework.TestSuite.run(TestSuite.java:236)
	at junit.framework.TestSuite.runTest(TestSuite.java:241)
	at junit.framework.TestSuite.run(TestSuite.java:236)
	at org.junit.internal.runners.JUnit38ClassRunner.run(JUnit38ClassRunner.java:90)
	at org.eclipse.jdt.internal.junit4.runner.JUnit4TestReference.run(JUnit4TestReference.java:93)
	at org.eclipse.jdt.internal.junit.runner.TestExecution.run(TestExecution.java:40)
	at org.eclipse.jdt.internal.junit.runner.RemoteTestRunner.runTests(RemoteTestRunner.java:529)
	at org.eclipse.jdt.internal.junit.runner.RemoteTestRunner.runTests(RemoteTestRunner.java:756)
	at org.eclipse.jdt.internal.junit.runner.RemoteTestRunner.run(RemoteTestRunner.java:452)
	at org.eclipse.jdt.internal.junit.runner.RemoteTestRunner.main(RemoteTestRunner.java:210)

!ENTRY org.eclipse.osgi 4 0 2022-09-18 10:46:14.246
!MESSAGE Unable to make field private static volatile java.net.URLStreamHandlerFactory java.net.URL.factory accessible: module java.base does not "opens java.net" to unnamed module @6d00a15d
!STACK 0
java.lang.reflect.InaccessibleObjectException: Unable to make field private static volatile java.net.URLStreamHandlerFactory java.net.URL.factory accessible: module java.base does not "opens java.net" to unnamed module @6d00a15d
	at java.base/java.lang.reflect.AccessibleObject.checkCanSetAccessible(AccessibleObject.java:354)
	at java.base/java.lang.reflect.AccessibleObject.checkCanSetAccessible(AccessibleObject.java:297)
	at java.base/java.lang.reflect.Field.checkCanSetAccessible(Field.java:178)
	at java.base/java.lang.reflect.Field.setAccessible(Field.java:172)
	at org.eclipse.osgi.internal.url.MultiplexingFactory.setAccessible(MultiplexingFactory.java:254)
	at org.eclipse.osgi.internal.url.EquinoxFactoryManager.getField(EquinoxFactoryManager.java:247)
	at org.eclipse.osgi.internal.url.EquinoxFactoryManager.forceURLStreamHandlerFactory(EquinoxFactoryManager.java:61)
	at org.eclipse.osgi.internal.url.EquinoxFactoryManager.installURLStreamHandlerFactory(EquinoxFactoryManager.java:50)
	at org.eclipse.osgi.internal.url.EquinoxFactoryManager.installHandlerFactories(EquinoxFactoryManager.java:38)
	at org.eclipse.osgi.internal.framework.SystemBundleActivator.start(SystemBundleActivator.java:71)
	at org.eclipse.osgi.internal.framework.BundleContextImpl$3.run(BundleContextImpl.java:842)
	at org.eclipse.osgi.internal.framework.BundleContextImpl$3.run(BundleContextImpl.java:1)
	at java.base/java.security.AccessController.doPrivileged(AccessController.java:569)
	at org.eclipse.osgi.internal.framework.BundleContextImpl.startActivator(BundleContextImpl.java:834)
	at org.eclipse.osgi.internal.framework.BundleContextImpl.start(BundleContextImpl.java:791)
	at org.eclipse.osgi.internal.framework.EquinoxBundle.startWorker0(EquinoxBundle.java:1015)
	at org.eclipse.osgi.internal.framework.EquinoxBundle$SystemBundle$EquinoxSystemModule.initWorker(EquinoxBundle.java:197)
	at org.eclipse.osgi.container.SystemModule.init(SystemModule.java:99)
	at org.eclipse.osgi.internal.framework.EquinoxBundle$SystemBundle.init(EquinoxBundle.java:280)
	at org.eclipse.osgi.internal.framework.EquinoxBundle$SystemBundle.init(EquinoxBundle.java:264)
	at org.eclipse.osgi.launch.Equinox.init(Equinox.java:185)
	at org.eclipse.core.runtime.adaptor.EclipseStarter.startup(EclipseStarter.java:316)
	at org.eclipse.core.runtime.adaptor.EclipseStarter.run(EclipseStarter.java:251)
	at padl.creator.cppfile.eclipse.misc.EclipseCPPParserCaller.createCodeLevelModelUsingOSGiEmbedded(EclipseCPPParserCaller.java:126)
	at padl.creator.cppfile.eclipse.misc.EclipseCPPParserCaller.getCodeLevelModelUsingOSGiEmbedded(EclipseCPPParserCaller.java:337)
	at padl.creator.cppfile.eclipse.test.big.QMakeTest.test1(QMakeTest.java:24)
	at java.base/jdk.internal.reflect.NativeMethodAccessorImpl.invoke0(Native Method)
	at java.base/jdk.internal.reflect.NativeMethodAccessorImpl.invoke(NativeMethodAccessorImpl.java:77)
	at java.base/jdk.internal.reflect.DelegatingMethodAccessorImpl.invoke(DelegatingMethodAccessorImpl.java:43)
	at java.base/java.lang.reflect.Method.invoke(Method.java:568)
	at junit.framework.TestCase.runTest(TestCase.java:177)
	at junit.framework.TestCase.runBare(TestCase.java:142)
	at junit.framework.TestResult$1.protect(TestResult.java:122)
	at junit.framework.TestResult.runProtected(TestResult.java:142)
	at junit.framework.TestResult.run(TestResult.java:125)
	at junit.framework.TestCase.run(TestCase.java:130)
	at junit.framework.TestSuite.runTest(TestSuite.java:241)
	at junit.framework.TestSuite.run(TestSuite.java:236)
	at junit.framework.TestSuite.runTest(TestSuite.java:241)
	at junit.framework.TestSuite.run(TestSuite.java:236)
	at org.junit.internal.runners.JUnit38ClassRunner.run(JUnit38ClassRunner.java:90)
	at org.eclipse.jdt.internal.junit4.runner.JUnit4TestReference.run(JUnit4TestReference.java:93)
	at org.eclipse.jdt.internal.junit.runner.TestExecution.run(TestExecution.java:40)
	at org.eclipse.jdt.internal.junit.runner.RemoteTestRunner.runTests(RemoteTestRunner.java:529)
	at org.eclipse.jdt.internal.junit.runner.RemoteTestRunner.runTests(RemoteTestRunner.java:756)
	at org.eclipse.jdt.internal.junit.runner.RemoteTestRunner.run(RemoteTestRunner.java:452)
	at org.eclipse.jdt.internal.junit.runner.RemoteTestRunner.main(RemoteTestRunner.java:210)

!ENTRY org.eclipse.osgi 4 0 2022-09-18 10:46:14.247
!MESSAGE Unable to make field private static volatile java.net.ContentHandlerFactory java.net.URLConnection.factory accessible: module java.base does not "opens java.net" to unnamed module @6d00a15d
!STACK 0
java.lang.reflect.InaccessibleObjectException: Unable to make field private static volatile java.net.ContentHandlerFactory java.net.URLConnection.factory accessible: module java.base does not "opens java.net" to unnamed module @6d00a15d
	at java.base/java.lang.reflect.AccessibleObject.checkCanSetAccessible(AccessibleObject.java:354)
	at java.base/java.lang.reflect.AccessibleObject.checkCanSetAccessible(AccessibleObject.java:297)
	at java.base/java.lang.reflect.Field.checkCanSetAccessible(Field.java:178)
	at java.base/java.lang.reflect.Field.setAccessible(Field.java:172)
	at org.eclipse.osgi.internal.url.MultiplexingFactory.setAccessible(MultiplexingFactory.java:254)
	at org.eclipse.osgi.internal.url.EquinoxFactoryManager.getField(EquinoxFactoryManager.java:247)
	at org.eclipse.osgi.internal.url.EquinoxFactoryManager.forceContentHandlerFactory(EquinoxFactoryManager.java:132)
	at org.eclipse.osgi.internal.url.EquinoxFactoryManager.installContentHandlerFactory(EquinoxFactoryManager.java:120)
	at org.eclipse.osgi.internal.url.EquinoxFactoryManager.installHandlerFactories(EquinoxFactoryManager.java:39)
	at org.eclipse.osgi.internal.framework.SystemBundleActivator.start(SystemBundleActivator.java:71)
	at org.eclipse.osgi.internal.framework.BundleContextImpl$3.run(BundleContextImpl.java:842)
	at org.eclipse.osgi.internal.framework.BundleContextImpl$3.run(BundleContextImpl.java:1)
	at java.base/java.security.AccessController.doPrivileged(AccessController.java:569)
	at org.eclipse.osgi.internal.framework.BundleContextImpl.startActivator(BundleContextImpl.java:834)
	at org.eclipse.osgi.internal.framework.BundleContextImpl.start(BundleContextImpl.java:791)
	at org.eclipse.osgi.internal.framework.EquinoxBundle.startWorker0(EquinoxBundle.java:1015)
	at org.eclipse.osgi.internal.framework.EquinoxBundle$SystemBundle$EquinoxSystemModule.initWorker(EquinoxBundle.java:197)
	at org.eclipse.osgi.container.SystemModule.init(SystemModule.java:99)
	at org.eclipse.osgi.internal.framework.EquinoxBundle$SystemBundle.init(EquinoxBundle.java:280)
	at org.eclipse.osgi.internal.framework.EquinoxBundle$SystemBundle.init(EquinoxBundle.java:264)
	at org.eclipse.osgi.launch.Equinox.init(Equinox.java:185)
	at org.eclipse.core.runtime.adaptor.EclipseStarter.startup(EclipseStarter.java:316)
	at org.eclipse.core.runtime.adaptor.EclipseStarter.run(EclipseStarter.java:251)
	at padl.creator.cppfile.eclipse.misc.EclipseCPPParserCaller.createCodeLevelModelUsingOSGiEmbedded(EclipseCPPParserCaller.java:126)
	at padl.creator.cppfile.eclipse.misc.EclipseCPPParserCaller.getCodeLevelModelUsingOSGiEmbedded(EclipseCPPParserCaller.java:337)
	at padl.creator.cppfile.eclipse.test.big.QMakeTest.test1(QMakeTest.java:24)
	at java.base/jdk.internal.reflect.NativeMethodAccessorImpl.invoke0(Native Method)
	at java.base/jdk.internal.reflect.NativeMethodAccessorImpl.invoke(NativeMethodAccessorImpl.java:77)
	at java.base/jdk.internal.reflect.DelegatingMethodAccessorImpl.invoke(DelegatingMethodAccessorImpl.java:43)
	at java.base/java.lang.reflect.Method.invoke(Method.java:568)
	at junit.framework.TestCase.runTest(TestCase.java:177)
	at junit.framework.TestCase.runBare(TestCase.java:142)
	at junit.framework.TestResult$1.protect(TestResult.java:122)
	at junit.framework.TestResult.runProtected(TestResult.java:142)
	at junit.framework.TestResult.run(TestResult.java:125)
	at junit.framework.TestCase.run(TestCase.java:130)
	at junit.framework.TestSuite.runTest(TestSuite.java:241)
	at junit.framework.TestSuite.run(TestSuite.java:236)
	at junit.framework.TestSuite.runTest(TestSuite.java:241)
	at junit.framework.TestSuite.run(TestSuite.java:236)
	at org.junit.internal.runners.JUnit38ClassRunner.run(JUnit38ClassRunner.java:90)
	at org.eclipse.jdt.internal.junit4.runner.JUnit4TestReference.run(JUnit4TestReference.java:93)
	at org.eclipse.jdt.internal.junit.runner.TestExecution.run(TestExecution.java:40)
	at org.eclipse.jdt.internal.junit.runner.RemoteTestRunner.runTests(RemoteTestRunner.java:529)
	at org.eclipse.jdt.internal.junit.runner.RemoteTestRunner.runTests(RemoteTestRunner.java:756)
	at org.eclipse.jdt.internal.junit.runner.RemoteTestRunner.run(RemoteTestRunner.java:452)
	at org.eclipse.jdt.internal.junit.runner.RemoteTestRunner.main(RemoteTestRunner.java:210)

!ENTRY org.eclipse.osgi 4 0 2022-09-18 10:46:14.271
!MESSAGE Bundle reference:file:D:/Software/Ptidej Workspaces/v5.3/plugins/PADL_Creator_Cpp_Eclipse_1.5.0.jar not found.

!ENTRY PADL_Creator_Cpp_Eclipse 2 0 2022-09-18 10:46:14.540
!MESSAGE Could not resolve module: PADL_Creator_Cpp_Eclipse [32]
  Unresolved requirement: Require-Bundle: CPL; bundle-version="1.5.0"


!ENTRY org.eclipse.osgi 4 0 2022-09-18 10:46:14.541
!MESSAGE Application error
!STACK 1
java.lang.RuntimeException: Application "PADL_Creator_Cpp_Eclipse.Launcher" could not be found in the registry. The applications available are: org.eclipse.cdt.managedbuilder.core.headlessbuild, org.eclipse.jdt.core.JavaCodeFormatter, org.eclipse.jdt.core.JavaIndexer, org.eclipse.e4.ui.workbench.swt.E4Application, org.eclipse.e4.ui.workbench.swt.GenTopic, org.eclipse.ant.core.antRunner, org.eclipse.cdt.core.GeneratePDOM, org.eclipse.equinox.app.error.
	at org.eclipse.equinox.internal.app.EclipseAppContainer.startDefaultApp(EclipseAppContainer.java:248)
	at org.eclipse.equinox.internal.app.MainApplicationLauncher.run(MainApplicationLauncher.java:29)
	at org.eclipse.core.runtime.internal.adaptor.EclipseAppLauncher.runApplication(EclipseAppLauncher.java:137)
	at org.eclipse.core.runtime.internal.adaptor.EclipseAppLauncher.start(EclipseAppLauncher.java:107)
	at org.eclipse.core.runtime.adaptor.EclipseStarter.run(EclipseStarter.java:401)
	at org.eclipse.core.runtime.adaptor.EclipseStarter.run(EclipseStarter.java:255)
	at padl.creator.cppfile.eclipse.misc.EclipseCPPParserCaller.createCodeLevelModelUsingOSGiEmbedded(EclipseCPPParserCaller.java:126)
	at padl.creator.cppfile.eclipse.misc.EclipseCPPParserCaller.getCodeLevelModelUsingOSGiEmbedded(EclipseCPPParserCaller.java:337)
	at padl.creator.cppfile.eclipse.test.big.QMakeTest.test1(QMakeTest.java:24)
	at java.base/jdk.internal.reflect.NativeMethodAccessorImpl.invoke0(Native Method)
	at java.base/jdk.internal.reflect.NativeMethodAccessorImpl.invoke(NativeMethodAccessorImpl.java:77)
	at java.base/jdk.internal.reflect.DelegatingMethodAccessorImpl.invoke(DelegatingMethodAccessorImpl.java:43)
	at java.base/java.lang.reflect.Method.invoke(Method.java:568)
	at junit.framework.TestCase.runTest(TestCase.java:177)
	at junit.framework.TestCase.runBare(TestCase.java:142)
	at junit.framework.TestResult$1.protect(TestResult.java:122)
	at junit.framework.TestResult.runProtected(TestResult.java:142)
	at junit.framework.TestResult.run(TestResult.java:125)
	at junit.framework.TestCase.run(TestCase.java:130)
	at junit.framework.TestSuite.runTest(TestSuite.java:241)
	at junit.framework.TestSuite.run(TestSuite.java:236)
	at junit.framework.TestSuite.runTest(TestSuite.java:241)
	at junit.framework.TestSuite.run(TestSuite.java:236)
	at org.junit.internal.runners.JUnit38ClassRunner.run(JUnit38ClassRunner.java:90)
	at org.eclipse.jdt.internal.junit4.runner.JUnit4TestReference.run(JUnit4TestReference.java:93)
	at org.eclipse.jdt.internal.junit.runner.TestExecution.run(TestExecution.java:40)
	at org.eclipse.jdt.internal.junit.runner.RemoteTestRunner.runTests(RemoteTestRunner.java:529)
	at org.eclipse.jdt.internal.junit.runner.RemoteTestRunner.runTests(RemoteTestRunner.java:756)
	at org.eclipse.jdt.internal.junit.runner.RemoteTestRunner.run(RemoteTestRunner.java:452)
	at org.eclipse.jdt.internal.junit.runner.RemoteTestRunner.main(RemoteTestRunner.java:210)
!SESSION 2022-09-18 10:46:14.732 -----------------------------------------------
eclipse.buildId=unknown
java.version=17.0.3.1
java.vendor=Oracle Corporation
BootLoader constants: OS=win32, ARCH=x86_64, WS=win32, NL=en_CA

!ENTRY org.eclipse.osgi 2 0 2022-09-18 10:46:14.733
!MESSAGE The property 'osgi.configuration.area' with the value 'file:D:/Software/Ptidej Workspaces/v5.3/PADL Creator C++ (Eclipse) Helper/Configuration Area/' is being overriden by the OSGi standard configuration property 'org.osgi.framework.storage' with the value 'D:\Software\Ptidej Workspaces\v5.3\PADL Creator C++ (Eclipse) Helper\Configuration Area'.
!STACK 0
java.lang.IllegalArgumentException: The property 'osgi.configuration.area' with the value 'file:D:/Software/Ptidej Workspaces/v5.3/PADL Creator C++ (Eclipse) Helper/Configuration Area/' is being overriden by the OSGi standard configuration property 'org.osgi.framework.storage' with the value 'D:\Software\Ptidej Workspaces\v5.3\PADL Creator C++ (Eclipse) Helper\Configuration Area'.
	at org.eclipse.osgi.internal.location.EquinoxLocations.<init>(EquinoxLocations.java:87)
	at org.eclipse.osgi.internal.framework.EquinoxConfiguration.<init>(EquinoxConfiguration.java:547)
	at org.eclipse.osgi.internal.framework.EquinoxContainer.<init>(EquinoxContainer.java:89)
	at org.eclipse.osgi.launch.Equinox.<init>(Equinox.java:34)
	at org.eclipse.core.runtime.adaptor.EclipseStarter.startup(EclipseStarter.java:315)
	at org.eclipse.core.runtime.adaptor.EclipseStarter.run(EclipseStarter.java:251)
	at padl.creator.cppfile.eclipse.misc.EclipseCPPParserCaller.createCodeLevelModelUsingOSGiEmbedded(EclipseCPPParserCaller.java:126)
	at padl.creator.cppfile.eclipse.misc.EclipseCPPParserCaller.getCodeLevelModelUsingOSGiEmbedded(EclipseCPPParserCaller.java:337)
	at padl.creator.cppfile.eclipse.test.big.ChromeTest.test1(ChromeTest.java:26)
	at java.base/jdk.internal.reflect.NativeMethodAccessorImpl.invoke0(Native Method)
	at java.base/jdk.internal.reflect.NativeMethodAccessorImpl.invoke(NativeMethodAccessorImpl.java:77)
	at java.base/jdk.internal.reflect.DelegatingMethodAccessorImpl.invoke(DelegatingMethodAccessorImpl.java:43)
	at java.base/java.lang.reflect.Method.invoke(Method.java:568)
	at junit.framework.TestCase.runTest(TestCase.java:177)
	at junit.framework.TestCase.runBare(TestCase.java:142)
	at junit.framework.TestResult$1.protect(TestResult.java:122)
	at junit.framework.TestResult.runProtected(TestResult.java:142)
	at junit.framework.TestResult.run(TestResult.java:125)
	at junit.framework.TestCase.run(TestCase.java:130)
	at junit.framework.TestSuite.runTest(TestSuite.java:241)
	at junit.framework.TestSuite.run(TestSuite.java:236)
	at junit.framework.TestSuite.runTest(TestSuite.java:241)
	at junit.framework.TestSuite.run(TestSuite.java:236)
	at org.junit.internal.runners.JUnit38ClassRunner.run(JUnit38ClassRunner.java:90)
	at org.eclipse.jdt.internal.junit4.runner.JUnit4TestReference.run(JUnit4TestReference.java:93)
	at org.eclipse.jdt.internal.junit.runner.TestExecution.run(TestExecution.java:40)
	at org.eclipse.jdt.internal.junit.runner.RemoteTestRunner.runTests(RemoteTestRunner.java:529)
	at org.eclipse.jdt.internal.junit.runner.RemoteTestRunner.runTests(RemoteTestRunner.java:756)
	at org.eclipse.jdt.internal.junit.runner.RemoteTestRunner.run(RemoteTestRunner.java:452)
	at org.eclipse.jdt.internal.junit.runner.RemoteTestRunner.main(RemoteTestRunner.java:210)

!ENTRY org.eclipse.osgi 4 0 2022-09-18 10:46:14.760
!MESSAGE Cannot support framework extension bundles without a public addURL(URL) or appendToClassPathForInstrumentation(String) method on the framework class loader: org.eclipse.equinox.weaving.hook_1.0.200.v20120524-1707 [60]
!STACK 0
org.osgi.framework.BundleException: Cannot support framework extension bundles without a public addURL(URL) or appendToClassPathForInstrumentation(String) method on the framework class loader: org.eclipse.equinox.weaving.hook_1.0.200.v20120524-1707 [60]
	at org.eclipse.osgi.storage.FrameworkExtensionInstaller.addExtensionContent0(FrameworkExtensionInstaller.java:141)
	at org.eclipse.osgi.storage.FrameworkExtensionInstaller.addExtensionContent(FrameworkExtensionInstaller.java:115)
	at org.eclipse.osgi.storage.Storage.installExtensions(Storage.java:315)
	at org.eclipse.osgi.storage.Storage.createStorage(Storage.java:181)
	at org.eclipse.osgi.internal.framework.EquinoxContainer.<init>(EquinoxContainer.java:94)
	at org.eclipse.osgi.launch.Equinox.<init>(Equinox.java:34)
	at org.eclipse.core.runtime.adaptor.EclipseStarter.startup(EclipseStarter.java:315)
	at org.eclipse.core.runtime.adaptor.EclipseStarter.run(EclipseStarter.java:251)
	at padl.creator.cppfile.eclipse.misc.EclipseCPPParserCaller.createCodeLevelModelUsingOSGiEmbedded(EclipseCPPParserCaller.java:126)
	at padl.creator.cppfile.eclipse.misc.EclipseCPPParserCaller.getCodeLevelModelUsingOSGiEmbedded(EclipseCPPParserCaller.java:337)
	at padl.creator.cppfile.eclipse.test.big.ChromeTest.test1(ChromeTest.java:26)
	at java.base/jdk.internal.reflect.NativeMethodAccessorImpl.invoke0(Native Method)
	at java.base/jdk.internal.reflect.NativeMethodAccessorImpl.invoke(NativeMethodAccessorImpl.java:77)
	at java.base/jdk.internal.reflect.DelegatingMethodAccessorImpl.invoke(DelegatingMethodAccessorImpl.java:43)
	at java.base/java.lang.reflect.Method.invoke(Method.java:568)
	at junit.framework.TestCase.runTest(TestCase.java:177)
	at junit.framework.TestCase.runBare(TestCase.java:142)
	at junit.framework.TestResult$1.protect(TestResult.java:122)
	at junit.framework.TestResult.runProtected(TestResult.java:142)
	at junit.framework.TestResult.run(TestResult.java:125)
	at junit.framework.TestCase.run(TestCase.java:130)
	at junit.framework.TestSuite.runTest(TestSuite.java:241)
	at junit.framework.TestSuite.run(TestSuite.java:236)
	at junit.framework.TestSuite.runTest(TestSuite.java:241)
	at junit.framework.TestSuite.run(TestSuite.java:236)
	at org.junit.internal.runners.JUnit38ClassRunner.run(JUnit38ClassRunner.java:90)
	at org.eclipse.jdt.internal.junit4.runner.JUnit4TestReference.run(JUnit4TestReference.java:93)
	at org.eclipse.jdt.internal.junit.runner.TestExecution.run(TestExecution.java:40)
	at org.eclipse.jdt.internal.junit.runner.RemoteTestRunner.runTests(RemoteTestRunner.java:529)
	at org.eclipse.jdt.internal.junit.runner.RemoteTestRunner.runTests(RemoteTestRunner.java:756)
	at org.eclipse.jdt.internal.junit.runner.RemoteTestRunner.run(RemoteTestRunner.java:452)
	at org.eclipse.jdt.internal.junit.runner.RemoteTestRunner.main(RemoteTestRunner.java:210)

!ENTRY org.eclipse.osgi 4 0 2022-09-18 10:46:14.762
!MESSAGE Unable to make field private static volatile java.net.URLStreamHandlerFactory java.net.URL.factory accessible: module java.base does not "opens java.net" to unnamed module @6d00a15d
!STACK 0
java.lang.reflect.InaccessibleObjectException: Unable to make field private static volatile java.net.URLStreamHandlerFactory java.net.URL.factory accessible: module java.base does not "opens java.net" to unnamed module @6d00a15d
	at java.base/java.lang.reflect.AccessibleObject.checkCanSetAccessible(AccessibleObject.java:354)
	at java.base/java.lang.reflect.AccessibleObject.checkCanSetAccessible(AccessibleObject.java:297)
	at java.base/java.lang.reflect.Field.checkCanSetAccessible(Field.java:178)
	at java.base/java.lang.reflect.Field.setAccessible(Field.java:172)
	at org.eclipse.osgi.internal.url.MultiplexingFactory.setAccessible(MultiplexingFactory.java:254)
	at org.eclipse.osgi.internal.url.EquinoxFactoryManager.getField(EquinoxFactoryManager.java:247)
	at org.eclipse.osgi.internal.url.EquinoxFactoryManager.forceURLStreamHandlerFactory(EquinoxFactoryManager.java:61)
	at org.eclipse.osgi.internal.url.EquinoxFactoryManager.installURLStreamHandlerFactory(EquinoxFactoryManager.java:50)
	at org.eclipse.osgi.internal.url.EquinoxFactoryManager.installHandlerFactories(EquinoxFactoryManager.java:38)
	at org.eclipse.osgi.internal.framework.SystemBundleActivator.start(SystemBundleActivator.java:71)
	at org.eclipse.osgi.internal.framework.BundleContextImpl$3.run(BundleContextImpl.java:842)
	at org.eclipse.osgi.internal.framework.BundleContextImpl$3.run(BundleContextImpl.java:1)
	at java.base/java.security.AccessController.doPrivileged(AccessController.java:569)
	at org.eclipse.osgi.internal.framework.BundleContextImpl.startActivator(BundleContextImpl.java:834)
	at org.eclipse.osgi.internal.framework.BundleContextImpl.start(BundleContextImpl.java:791)
	at org.eclipse.osgi.internal.framework.EquinoxBundle.startWorker0(EquinoxBundle.java:1015)
	at org.eclipse.osgi.internal.framework.EquinoxBundle$SystemBundle$EquinoxSystemModule.initWorker(EquinoxBundle.java:197)
	at org.eclipse.osgi.container.SystemModule.init(SystemModule.java:99)
	at org.eclipse.osgi.internal.framework.EquinoxBundle$SystemBundle.init(EquinoxBundle.java:280)
	at org.eclipse.osgi.internal.framework.EquinoxBundle$SystemBundle.init(EquinoxBundle.java:264)
	at org.eclipse.osgi.launch.Equinox.init(Equinox.java:185)
	at org.eclipse.core.runtime.adaptor.EclipseStarter.startup(EclipseStarter.java:316)
	at org.eclipse.core.runtime.adaptor.EclipseStarter.run(EclipseStarter.java:251)
	at padl.creator.cppfile.eclipse.misc.EclipseCPPParserCaller.createCodeLevelModelUsingOSGiEmbedded(EclipseCPPParserCaller.java:126)
	at padl.creator.cppfile.eclipse.misc.EclipseCPPParserCaller.getCodeLevelModelUsingOSGiEmbedded(EclipseCPPParserCaller.java:337)
	at padl.creator.cppfile.eclipse.test.big.ChromeTest.test1(ChromeTest.java:26)
	at java.base/jdk.internal.reflect.NativeMethodAccessorImpl.invoke0(Native Method)
	at java.base/jdk.internal.reflect.NativeMethodAccessorImpl.invoke(NativeMethodAccessorImpl.java:77)
	at java.base/jdk.internal.reflect.DelegatingMethodAccessorImpl.invoke(DelegatingMethodAccessorImpl.java:43)
	at java.base/java.lang.reflect.Method.invoke(Method.java:568)
	at junit.framework.TestCase.runTest(TestCase.java:177)
	at junit.framework.TestCase.runBare(TestCase.java:142)
	at junit.framework.TestResult$1.protect(TestResult.java:122)
	at junit.framework.TestResult.runProtected(TestResult.java:142)
	at junit.framework.TestResult.run(TestResult.java:125)
	at junit.framework.TestCase.run(TestCase.java:130)
	at junit.framework.TestSuite.runTest(TestSuite.java:241)
	at junit.framework.TestSuite.run(TestSuite.java:236)
	at junit.framework.TestSuite.runTest(TestSuite.java:241)
	at junit.framework.TestSuite.run(TestSuite.java:236)
	at org.junit.internal.runners.JUnit38ClassRunner.run(JUnit38ClassRunner.java:90)
	at org.eclipse.jdt.internal.junit4.runner.JUnit4TestReference.run(JUnit4TestReference.java:93)
	at org.eclipse.jdt.internal.junit.runner.TestExecution.run(TestExecution.java:40)
	at org.eclipse.jdt.internal.junit.runner.RemoteTestRunner.runTests(RemoteTestRunner.java:529)
	at org.eclipse.jdt.internal.junit.runner.RemoteTestRunner.runTests(RemoteTestRunner.java:756)
	at org.eclipse.jdt.internal.junit.runner.RemoteTestRunner.run(RemoteTestRunner.java:452)
	at org.eclipse.jdt.internal.junit.runner.RemoteTestRunner.main(RemoteTestRunner.java:210)

!ENTRY org.eclipse.osgi 4 0 2022-09-18 10:46:14.763
!MESSAGE Unable to make field private static volatile java.net.ContentHandlerFactory java.net.URLConnection.factory accessible: module java.base does not "opens java.net" to unnamed module @6d00a15d
!STACK 0
java.lang.reflect.InaccessibleObjectException: Unable to make field private static volatile java.net.ContentHandlerFactory java.net.URLConnection.factory accessible: module java.base does not "opens java.net" to unnamed module @6d00a15d
	at java.base/java.lang.reflect.AccessibleObject.checkCanSetAccessible(AccessibleObject.java:354)
	at java.base/java.lang.reflect.AccessibleObject.checkCanSetAccessible(AccessibleObject.java:297)
	at java.base/java.lang.reflect.Field.checkCanSetAccessible(Field.java:178)
	at java.base/java.lang.reflect.Field.setAccessible(Field.java:172)
	at org.eclipse.osgi.internal.url.MultiplexingFactory.setAccessible(MultiplexingFactory.java:254)
	at org.eclipse.osgi.internal.url.EquinoxFactoryManager.getField(EquinoxFactoryManager.java:247)
	at org.eclipse.osgi.internal.url.EquinoxFactoryManager.forceContentHandlerFactory(EquinoxFactoryManager.java:132)
	at org.eclipse.osgi.internal.url.EquinoxFactoryManager.installContentHandlerFactory(EquinoxFactoryManager.java:120)
	at org.eclipse.osgi.internal.url.EquinoxFactoryManager.installHandlerFactories(EquinoxFactoryManager.java:39)
	at org.eclipse.osgi.internal.framework.SystemBundleActivator.start(SystemBundleActivator.java:71)
	at org.eclipse.osgi.internal.framework.BundleContextImpl$3.run(BundleContextImpl.java:842)
	at org.eclipse.osgi.internal.framework.BundleContextImpl$3.run(BundleContextImpl.java:1)
	at java.base/java.security.AccessController.doPrivileged(AccessController.java:569)
	at org.eclipse.osgi.internal.framework.BundleContextImpl.startActivator(BundleContextImpl.java:834)
	at org.eclipse.osgi.internal.framework.BundleContextImpl.start(BundleContextImpl.java:791)
	at org.eclipse.osgi.internal.framework.EquinoxBundle.startWorker0(EquinoxBundle.java:1015)
	at org.eclipse.osgi.internal.framework.EquinoxBundle$SystemBundle$EquinoxSystemModule.initWorker(EquinoxBundle.java:197)
	at org.eclipse.osgi.container.SystemModule.init(SystemModule.java:99)
	at org.eclipse.osgi.internal.framework.EquinoxBundle$SystemBundle.init(EquinoxBundle.java:280)
	at org.eclipse.osgi.internal.framework.EquinoxBundle$SystemBundle.init(EquinoxBundle.java:264)
	at org.eclipse.osgi.launch.Equinox.init(Equinox.java:185)
	at org.eclipse.core.runtime.adaptor.EclipseStarter.startup(EclipseStarter.java:316)
	at org.eclipse.core.runtime.adaptor.EclipseStarter.run(EclipseStarter.java:251)
	at padl.creator.cppfile.eclipse.misc.EclipseCPPParserCaller.createCodeLevelModelUsingOSGiEmbedded(EclipseCPPParserCaller.java:126)
	at padl.creator.cppfile.eclipse.misc.EclipseCPPParserCaller.getCodeLevelModelUsingOSGiEmbedded(EclipseCPPParserCaller.java:337)
	at padl.creator.cppfile.eclipse.test.big.ChromeTest.test1(ChromeTest.java:26)
	at java.base/jdk.internal.reflect.NativeMethodAccessorImpl.invoke0(Native Method)
	at java.base/jdk.internal.reflect.NativeMethodAccessorImpl.invoke(NativeMethodAccessorImpl.java:77)
	at java.base/jdk.internal.reflect.DelegatingMethodAccessorImpl.invoke(DelegatingMethodAccessorImpl.java:43)
	at java.base/java.lang.reflect.Method.invoke(Method.java:568)
	at junit.framework.TestCase.runTest(TestCase.java:177)
	at junit.framework.TestCase.runBare(TestCase.java:142)
	at junit.framework.TestResult$1.protect(TestResult.java:122)
	at junit.framework.TestResult.runProtected(TestResult.java:142)
	at junit.framework.TestResult.run(TestResult.java:125)
	at junit.framework.TestCase.run(TestCase.java:130)
	at junit.framework.TestSuite.runTest(TestSuite.java:241)
	at junit.framework.TestSuite.run(TestSuite.java:236)
	at junit.framework.TestSuite.runTest(TestSuite.java:241)
	at junit.framework.TestSuite.run(TestSuite.java:236)
	at org.junit.internal.runners.JUnit38ClassRunner.run(JUnit38ClassRunner.java:90)
	at org.eclipse.jdt.internal.junit4.runner.JUnit4TestReference.run(JUnit4TestReference.java:93)
	at org.eclipse.jdt.internal.junit.runner.TestExecution.run(TestExecution.java:40)
	at org.eclipse.jdt.internal.junit.runner.RemoteTestRunner.runTests(RemoteTestRunner.java:529)
	at org.eclipse.jdt.internal.junit.runner.RemoteTestRunner.runTests(RemoteTestRunner.java:756)
	at org.eclipse.jdt.internal.junit.runner.RemoteTestRunner.run(RemoteTestRunner.java:452)
	at org.eclipse.jdt.internal.junit.runner.RemoteTestRunner.main(RemoteTestRunner.java:210)

!ENTRY org.eclipse.osgi 4 0 2022-09-18 10:46:14.770
!MESSAGE Bundle reference:file:D:/Software/Ptidej Workspaces/v5.3/plugins/PADL_Creator_Cpp_Eclipse_1.5.0.jar not found.

!ENTRY PADL_Creator_Cpp_Eclipse 2 0 2022-09-18 10:46:15.055
!MESSAGE Could not resolve module: PADL_Creator_Cpp_Eclipse [32]
  Unresolved requirement: Require-Bundle: CPL; bundle-version="1.5.0"


!ENTRY org.eclipse.osgi 4 0 2022-09-18 10:46:15.056
!MESSAGE Application error
!STACK 1
java.lang.RuntimeException: Application "PADL_Creator_Cpp_Eclipse.Launcher" could not be found in the registry. The applications available are: org.eclipse.cdt.managedbuilder.core.headlessbuild, org.eclipse.jdt.core.JavaCodeFormatter, org.eclipse.jdt.core.JavaIndexer, org.eclipse.e4.ui.workbench.swt.E4Application, org.eclipse.e4.ui.workbench.swt.GenTopic, org.eclipse.ant.core.antRunner, org.eclipse.cdt.core.GeneratePDOM, org.eclipse.equinox.app.error.
	at org.eclipse.equinox.internal.app.EclipseAppContainer.startDefaultApp(EclipseAppContainer.java:248)
	at org.eclipse.equinox.internal.app.MainApplicationLauncher.run(MainApplicationLauncher.java:29)
	at org.eclipse.core.runtime.internal.adaptor.EclipseAppLauncher.runApplication(EclipseAppLauncher.java:137)
	at org.eclipse.core.runtime.internal.adaptor.EclipseAppLauncher.start(EclipseAppLauncher.java:107)
	at org.eclipse.core.runtime.adaptor.EclipseStarter.run(EclipseStarter.java:401)
	at org.eclipse.core.runtime.adaptor.EclipseStarter.run(EclipseStarter.java:255)
	at padl.creator.cppfile.eclipse.misc.EclipseCPPParserCaller.createCodeLevelModelUsingOSGiEmbedded(EclipseCPPParserCaller.java:126)
	at padl.creator.cppfile.eclipse.misc.EclipseCPPParserCaller.getCodeLevelModelUsingOSGiEmbedded(EclipseCPPParserCaller.java:337)
	at padl.creator.cppfile.eclipse.test.big.ChromeTest.test1(ChromeTest.java:26)
	at java.base/jdk.internal.reflect.NativeMethodAccessorImpl.invoke0(Native Method)
	at java.base/jdk.internal.reflect.NativeMethodAccessorImpl.invoke(NativeMethodAccessorImpl.java:77)
	at java.base/jdk.internal.reflect.DelegatingMethodAccessorImpl.invoke(DelegatingMethodAccessorImpl.java:43)
	at java.base/java.lang.reflect.Method.invoke(Method.java:568)
	at junit.framework.TestCase.runTest(TestCase.java:177)
	at junit.framework.TestCase.runBare(TestCase.java:142)
	at junit.framework.TestResult$1.protect(TestResult.java:122)
	at junit.framework.TestResult.runProtected(TestResult.java:142)
	at junit.framework.TestResult.run(TestResult.java:125)
	at junit.framework.TestCase.run(TestCase.java:130)
	at junit.framework.TestSuite.runTest(TestSuite.java:241)
	at junit.framework.TestSuite.run(TestSuite.java:236)
	at junit.framework.TestSuite.runTest(TestSuite.java:241)
	at junit.framework.TestSuite.run(TestSuite.java:236)
	at org.junit.internal.runners.JUnit38ClassRunner.run(JUnit38ClassRunner.java:90)
	at org.eclipse.jdt.internal.junit4.runner.JUnit4TestReference.run(JUnit4TestReference.java:93)
	at org.eclipse.jdt.internal.junit.runner.TestExecution.run(TestExecution.java:40)
	at org.eclipse.jdt.internal.junit.runner.RemoteTestRunner.runTests(RemoteTestRunner.java:529)
	at org.eclipse.jdt.internal.junit.runner.RemoteTestRunner.runTests(RemoteTestRunner.java:756)
	at org.eclipse.jdt.internal.junit.runner.RemoteTestRunner.run(RemoteTestRunner.java:452)
	at org.eclipse.jdt.internal.junit.runner.RemoteTestRunner.main(RemoteTestRunner.java:210)
